TN:
SF:src/actions/EmailAction.js
FN:7,(anonymous_0)
FN:14,(anonymous_1)
FN:21,(anonymous_2)
FN:44,(anonymous_3)
FN:195,(anonymous_4)
FN:196,(anonymous_5)
FN:216,(anonymous_6)
FN:230,(anonymous_7)
FN:254,(anonymous_8)
FNF:9
FNH:0
FNDA:0,(anonymous_0)
FNDA:0,(anonymous_1)
FNDA:0,(anonymous_2)
FNDA:0,(anonymous_3)
FNDA:0,(anonymous_4)
FNDA:0,(anonymous_5)
FNDA:0,(anonymous_6)
FNDA:0,(anonymous_7)
FNDA:0,(anonymous_8)
DA:2,0
DA:3,0
DA:5,0
DA:7,0
DA:8,0
DA:9,0
DA:10,0
DA:11,0
DA:12,0
DA:13,0
DA:14,0
DA:22,0
DA:23,0
DA:25,0
DA:45,0
DA:47,0
DA:49,0
DA:177,0
DA:180,0
DA:181,0
DA:196,0
DA:197,0
DA:198,0
DA:199,0
DA:200,0
DA:201,0
DA:202,0
DA:203,0
DA:204,0
DA:206,0
DA:209,0
DA:210,0
DA:211,0
DA:212,0
DA:216,0
DA:217,0
DA:218,0
DA:219,0
DA:220,0
DA:221,0
DA:223,0
DA:226,0
DA:230,0
DA:231,0
DA:232,0
DA:233,0
DA:236,0
DA:239,0
DA:243,0
DA:244,0
DA:245,0
DA:248,0
DA:249,0
DA:250,0
DA:253,0
DA:254,0
DA:255,0
DA:258,0
DA:260,0
DA:261,0
DA:263,0
DA:268,0
DA:270,0
DA:271,0
DA:272,0
DA:274,0
DA:275,0
DA:279,0
DA:280,0
DA:283,0
DA:286,0
DA:287,0
DA:289,0
DA:291,0
DA:294,0
DA:295,0
DA:301,0
LF:77
LH:0
BRDA:13,0,0,0
BRDA:13,0,1,0
BRDA:22,1,0,0
BRDA:22,1,1,0
BRDA:199,2,0,0
BRDA:199,2,1,0
BRDA:219,3,0,0
BRDA:219,3,1,0
BRDA:220,4,0,0
BRDA:220,4,1,0
BRDA:223,5,0,0
BRDA:223,5,1,0
BRDA:237,6,0,0
BRDA:237,6,1,0
BRDA:243,7,0,0
BRDA:243,7,1,0
BRDA:243,8,0,0
BRDA:243,8,1,0
BRDA:249,9,0,0
BRDA:249,9,1,0
BRDA:268,10,0,0
BRDA:268,10,1,0
BRDA:271,11,0,0
BRDA:271,11,1,0
BRDA:274,12,0,0
BRDA:274,12,1,0
BRDA:279,13,0,0
BRDA:279,13,1,0
BRF:28
BRH:0
end_of_record
TN:
SF:src/actions/LoginAction.js
FN:7,(anonymous_0)
FN:13,(anonymous_1)
FN:14,(anonymous_2)
FN:21,(anonymous_3)
FN:45,(anonymous_4)
FN:132,(anonymous_5)
FN:144,(anonymous_6)
FN:251,(anonymous_7)
FN:278,(anonymous_8)
FN:286,(anonymous_9)
FN:304,(anonymous_10)
FN:305,(anonymous_11)
FNF:12
FNH:0
FNDA:0,(anonymous_0)
FNDA:0,(anonymous_1)
FNDA:0,(anonymous_2)
FNDA:0,(anonymous_3)
FNDA:0,(anonymous_4)
FNDA:0,(anonymous_5)
FNDA:0,(anonymous_6)
FNDA:0,(anonymous_7)
FNDA:0,(anonymous_8)
FNDA:0,(anonymous_9)
FNDA:0,(anonymous_10)
FNDA:0,(anonymous_11)
DA:3,0
DA:5,0
DA:7,0
DA:8,0
DA:9,0
DA:10,0
DA:11,0
DA:12,0
DA:13,0
DA:14,0
DA:22,0
DA:46,0
DA:47,0
DA:49,0
DA:133,0
DA:145,0
DA:146,0
DA:149,0
DA:150,0
DA:151,0
DA:155,0
DA:156,0
DA:159,0
DA:162,0
DA:163,0
DA:166,0
DA:168,0
DA:171,0
DA:174,0
DA:176,0
DA:177,0
DA:178,0
DA:181,0
DA:182,0
DA:185,0
DA:186,0
DA:189,0
DA:192,0
DA:194,0
DA:195,0
DA:198,0
DA:199,0
DA:200,0
DA:201,0
DA:205,0
DA:208,0
DA:209,0
DA:214,0
DA:215,0
DA:219,0
DA:220,0
DA:221,0
DA:224,0
DA:227,0
DA:228,0
DA:229,0
DA:232,0
DA:253,0
DA:254,0
DA:257,0
DA:258,0
DA:259,0
DA:262,0
DA:267,0
DA:268,0
DA:271,0
DA:279,0
DA:280,0
DA:281,0
DA:282,0
DA:286,0
DA:287,0
DA:288,0
DA:289,0
DA:290,0
DA:294,0
DA:295,0
DA:296,0
DA:297,0
DA:299,0
DA:300,0
DA:301,0
DA:304,0
DA:305,0
DA:306,0
DA:307,0
DA:308,0
DA:310,0
DA:312,0
DA:322,0
LF:90
LH:0
BRDA:12,0,0,0
BRDA:12,0,1,0
BRDA:13,1,0,0
BRDA:13,1,1,0
BRDA:133,2,0,0
BRDA:133,2,1,0
BRDA:145,3,0,0
BRDA:145,3,1,0
BRDA:145,4,0,0
BRDA:145,4,1,0
BRDA:145,4,2,0
BRDA:150,5,0,0
BRDA:150,5,1,0
BRDA:150,6,0,0
BRDA:150,6,1,0
BRDA:155,7,0,0
BRDA:155,7,1,0
BRDA:163,8,0,0
BRDA:163,8,1,0
BRDA:166,9,0,0
BRDA:166,9,1,0
BRDA:168,10,0,0
BRDA:168,10,1,0
BRDA:174,11,0,0
BRDA:174,11,1,0
BRDA:185,12,0,0
BRDA:185,12,1,0
BRDA:186,13,0,0
BRDA:186,13,1,0
BRDA:192,14,0,0
BRDA:192,14,1,0
BRDA:194,15,0,0
BRDA:194,15,1,0
BRDA:195,16,0,0
BRDA:195,16,1,0
BRDA:198,17,0,0
BRDA:198,17,1,0
BRDA:199,18,0,0
BRDA:199,18,1,0
BRDA:219,19,0,0
BRDA:219,19,1,0
BRDA:227,20,0,0
BRDA:227,20,1,0
BRDA:253,21,0,0
BRDA:253,21,1,0
BRDA:257,22,0,0
BRDA:257,22,1,0
BRDA:262,23,0,0
BRDA:262,23,1,0
BRDA:263,24,0,0
BRDA:263,24,1,0
BRDA:263,24,2,0
BRDA:263,24,3,0
BRDA:279,25,0,0
BRDA:279,25,1,0
BRDA:279,26,0,0
BRDA:279,26,1,0
BRDA:287,27,0,0
BRDA:287,27,1,0
BRDA:300,28,0,0
BRDA:300,28,1,0
BRDA:306,29,0,0
BRDA:306,29,1,0
BRF:63
BRH:0
end_of_record
TN:
SF:src/actions/ResetPassword.js
FN:13,(anonymous_0)
FN:20,(anonymous_1)
FN:27,(anonymous_2)
FN:43,(anonymous_3)
FN:188,(anonymous_4)
FN:231,(anonymous_5)
FN:239,(anonymous_6)
FN:253,(anonymous_7)
FN:284,(anonymous_8)
FN:310,(anonymous_9)
FN:381,(anonymous_10)
FN:395,(anonymous_11)
FN:439,(anonymous_12)
FNF:13
FNH:0
FNDA:0,(anonymous_0)
FNDA:0,(anonymous_1)
FNDA:0,(anonymous_2)
FNDA:0,(anonymous_3)
FNDA:0,(anonymous_4)
FNDA:0,(anonymous_5)
FNDA:0,(anonymous_6)
FNDA:0,(anonymous_7)
FNDA:0,(anonymous_8)
FNDA:0,(anonymous_9)
FNDA:0,(anonymous_10)
FNDA:0,(anonymous_11)
FNDA:0,(anonymous_12)
DA:3,0
DA:4,0
DA:5,0
DA:7,0
DA:11,0
DA:13,0
DA:14,0
DA:15,0
DA:16,0
DA:17,0
DA:18,0
DA:19,0
DA:20,0
DA:28,0
DA:44,0
DA:46,0
DA:48,0
DA:49,0
DA:52,0
DA:176,0
DA:177,0
DA:190,0
DA:191,0
DA:195,0
DA:198,0
DA:202,0
DA:203,0
DA:206,0
DA:207,0
DA:208,0
DA:209,0
DA:210,0
DA:211,0
DA:215,0
DA:218,0
DA:219,0
DA:234,0
DA:235,0
DA:239,0
DA:241,0
DA:242,0
DA:243,0
DA:247,0
DA:248,0
DA:249,0
DA:253,0
DA:254,0
DA:255,0
DA:256,0
DA:259,0
DA:264,0
DA:265,0
DA:266,0
DA:271,0
DA:274,0
DA:275,0
DA:286,0
DA:287,0
DA:289,0
DA:292,0
DA:293,0
DA:294,0
DA:298,0
DA:307,0
DA:308,0
DA:310,0
DA:311,0
DA:312,0
DA:313,0
DA:317,0
DA:322,0
DA:331,0
DA:334,0
DA:335,0
DA:343,0
DA:348,0
DA:353,0
DA:354,0
DA:359,0
DA:360,0
DA:363,0
DA:383,0
DA:386,0
DA:395,0
DA:396,0
DA:401,0
DA:403,0
DA:407,0
DA:408,0
DA:409,0
DA:414,0
DA:418,0
DA:423,0
DA:427,0
DA:428,0
DA:432,0
DA:433,0
DA:434,0
DA:435,0
DA:439,0
DA:440,0
DA:441,0
DA:442,0
DA:444,0
DA:450,0
DA:455,0
DA:461,0
LF:107
LH:0
BRDA:11,0,0,0
BRDA:11,0,1,0
BRDA:19,1,0,0
BRDA:19,1,1,0
BRDA:190,2,0,0
BRDA:190,2,1,0
BRDA:190,3,0,0
BRDA:190,3,1,0
BRDA:206,4,0,0
BRDA:206,4,1,0
BRDA:209,5,0,0
BRDA:209,5,1,0
BRDA:234,6,0,0
BRDA:234,6,1,0
BRDA:234,7,0,0
BRDA:234,7,1,0
BRDA:241,8,0,0
BRDA:241,8,1,0
BRDA:241,9,0,0
BRDA:241,9,1,0
BRDA:247,10,0,0
BRDA:247,10,1,0
BRDA:254,11,0,0
BRDA:254,11,1,0
BRDA:264,12,0,0
BRDA:264,12,1,0
BRDA:286,13,0,0
BRDA:286,13,1,0
BRDA:287,14,0,0
BRDA:287,14,1,0
BRDA:287,15,0,0
BRDA:287,15,1,0
BRDA:292,16,0,0
BRDA:292,16,1,0
BRDA:311,17,0,0
BRDA:311,17,1,0
BRDA:311,18,0,0
BRDA:311,18,1,0
BRDA:359,19,0,0
BRDA:359,19,1,0
BRDA:359,20,0,0
BRDA:359,20,1,0
BRDA:383,21,0,0
BRDA:383,21,1,0
BRDA:386,22,0,0
BRDA:386,22,1,0
BRDA:387,23,0,0
BRDA:387,23,1,0
BRDA:387,23,2,0
BRDA:387,23,3,0
BRDA:387,23,4,0
BRDA:387,23,5,0
BRDA:387,23,6,0
BRDA:396,24,0,0
BRDA:396,24,1,0
BRDA:397,25,0,0
BRDA:397,25,1,0
BRDA:397,25,2,0
BRDA:403,26,0,0
BRDA:403,26,1,0
BRDA:404,27,0,0
BRDA:404,27,1,0
BRDA:404,27,2,0
BRDA:404,27,3,0
BRDA:408,28,0,0
BRDA:408,28,1,0
BRDA:418,29,0,0
BRDA:418,29,1,0
BRDA:419,30,0,0
BRDA:419,30,1,0
BRDA:419,30,2,0
BRDA:423,31,0,0
BRDA:423,31,1,0
BRDA:424,32,0,0
BRDA:424,32,1,0
BRDA:433,33,0,0
BRDA:433,33,1,0
BRDA:440,34,0,0
BRDA:440,34,1,0
BRF:79
BRH:0
end_of_record
TN:
SF:src/actions/RoleAction.js
FN:15,(anonymous_0)
FN:21,(anonymous_1)
FN:28,(anonymous_2)
FN:44,(anonymous_3)
FN:146,(anonymous_4)
FN:185,(anonymous_5)
FN:224,(anonymous_6)
FN:251,(anonymous_7)
FN:256,(anonymous_8)
FN:289,(anonymous_9)
FN:295,(anonymous_10)
FN:325,(anonymous_11)
FN:363,(anonymous_12)
FNF:13
FNH:0
FNDA:0,(anonymous_0)
FNDA:0,(anonymous_1)
FNDA:0,(anonymous_2)
FNDA:0,(anonymous_3)
FNDA:0,(anonymous_4)
FNDA:0,(anonymous_5)
FNDA:0,(anonymous_6)
FNDA:0,(anonymous_7)
FNDA:0,(anonymous_8)
FNDA:0,(anonymous_9)
FNDA:0,(anonymous_10)
FNDA:0,(anonymous_11)
FNDA:0,(anonymous_12)
DA:3,0
DA:4,0
DA:13,0
DA:15,0
DA:16,0
DA:17,0
DA:18,0
DA:19,0
DA:20,0
DA:21,0
DA:29,0
DA:45,0
DA:46,0
DA:51,0
DA:52,0
DA:53,0
DA:56,0
DA:127,0
DA:128,0
DA:148,0
DA:149,0
DA:152,0
DA:153,0
DA:156,0
DA:161,0
DA:164,0
DA:165,0
DA:170,0
DA:171,0
DA:185,0
DA:186,0
DA:187,0
DA:188,0
DA:192,0
DA:193,0
DA:194,0
DA:197,0
DA:200,0
DA:201,0
DA:206,0
DA:207,0
DA:208,0
DA:209,0
DA:210,0
DA:214,0
DA:215,0
DA:216,0
DA:224,0
DA:226,0
DA:228,0
DA:229,0
DA:230,0
DA:234,0
DA:237,0
DA:238,0
DA:251,0
DA:252,0
DA:255,0
DA:256,0
DA:257,0
DA:258,0
DA:262,0
DA:263,0
DA:264,0
DA:268,0
DA:269,0
DA:270,0
DA:271,0
DA:273,0
DA:277,0
DA:289,0
DA:290,0
DA:293,0
DA:294,0
DA:295,0
DA:296,0
DA:297,0
DA:302,0
DA:303,0
DA:304,0
DA:308,0
DA:309,0
DA:310,0
DA:313,0
DA:316,0
DA:325,0
DA:326,0
DA:329,0
DA:330,0
DA:331,0
DA:332,0
DA:333,0
DA:334,0
DA:337,0
DA:338,0
DA:339,0
DA:340,0
DA:342,0
DA:343,0
DA:347,0
DA:348,0
DA:355,0
DA:356,0
DA:362,0
DA:363,0
DA:364,0
DA:365,0
DA:369,0
DA:375,0
LF:109
LH:0
BRDA:20,0,0,0
BRDA:20,0,1,0
BRDA:51,1,0,0
BRDA:51,1,1,0
BRDA:148,2,0,0
BRDA:148,2,1,0
BRDA:148,3,0,0
BRDA:148,3,1,0
BRDA:152,4,0,0
BRDA:152,4,1,0
BRDA:152,5,0,0
BRDA:152,5,1,0
BRDA:152,5,2,0
BRDA:156,6,0,0
BRDA:156,6,1,0
BRDA:157,7,0,0
BRDA:157,7,1,0
BRDA:157,7,2,0
BRDA:157,7,3,0
BRDA:164,8,0,0
BRDA:164,8,1,0
BRDA:164,9,0,0
BRDA:164,9,1,0
BRDA:164,10,0,0
BRDA:164,10,1,0
BRDA:170,11,0,0
BRDA:170,11,1,0
BRDA:170,12,0,0
BRDA:170,12,1,0
BRDA:170,13,0,0
BRDA:170,13,1,0
BRDA:187,14,0,0
BRDA:187,14,1,0
BRDA:192,15,0,0
BRDA:192,15,1,0
BRDA:201,16,0,0
BRDA:201,16,1,0
BRDA:208,17,0,0
BRDA:208,17,1,0
BRDA:209,18,0,0
BRDA:209,18,1,0
BRDA:210,19,0,0
BRDA:210,19,1,0
BRDA:214,20,0,0
BRDA:214,20,1,0
BRDA:228,21,0,0
BRDA:228,21,1,0
BRDA:257,22,0,0
BRDA:257,22,1,0
BRDA:262,23,0,0
BRDA:262,23,1,0
BRDA:294,24,0,0
BRDA:294,24,1,0
BRDA:296,25,0,0
BRDA:296,25,1,0
BRDA:302,26,0,0
BRDA:302,26,1,0
BRDA:332,27,0,0
BRDA:332,27,1,0
BRDA:339,28,0,0
BRDA:339,28,1,0
BRDA:342,29,0,0
BRDA:342,29,1,0
BRDA:355,30,0,0
BRDA:355,30,1,0
BRDA:355,31,0,0
BRDA:355,31,1,0
BRDA:362,32,0,0
BRDA:362,32,1,0
BRF:69
BRH:0
end_of_record
TN:
SF:src/actions/SaveSubmission.js
FN:9,(anonymous_0)
FN:15,(anonymous_1)
FN:18,(anonymous_2)
FN:35,(anonymous_3)
FN:59,(anonymous_4)
FN:77,(anonymous_5)
FN:143,(anonymous_6)
FN:160,(anonymous_7)
FN:190,(anonymous_8)
FN:195,(anonymous_9)
FN:231,(anonymous_10)
FN:250,(anonymous_11)
FN:270,(anonymous_12)
FN:288,(anonymous_13)
FNF:14
FNH:0
FNDA:0,(anonymous_0)
FNDA:0,(anonymous_1)
FNDA:0,(anonymous_2)
FNDA:0,(anonymous_3)
FNDA:0,(anonymous_4)
FNDA:0,(anonymous_5)
FNDA:0,(anonymous_6)
FNDA:0,(anonymous_7)
FNDA:0,(anonymous_8)
FNDA:0,(anonymous_9)
FNDA:0,(anonymous_10)
FNDA:0,(anonymous_11)
FNDA:0,(anonymous_12)
FNDA:0,(anonymous_13)
DA:3,0
DA:4,0
DA:5,0
DA:6,0
DA:7,0
DA:9,0
DA:10,0
DA:11,0
DA:12,0
DA:13,0
DA:14,0
DA:15,0
DA:19,0
DA:36,0
DA:61,0
DA:62,0
DA:66,0
DA:69,0
DA:70,0
DA:74,0
DA:77,0
DA:78,0
DA:79,0
DA:85,0
DA:86,0
DA:87,0
DA:93,0
DA:97,0
DA:98,0
DA:99,0
DA:100,0
DA:102,0
DA:103,0
DA:104,0
DA:105,0
DA:106,0
DA:107,0
DA:110,0
DA:116,0
DA:120,0
DA:121,0
DA:122,0
DA:123,0
DA:126,0
DA:135,0
DA:143,0
DA:144,0
DA:145,0
DA:146,0
DA:147,0
DA:150,0
DA:151,0
DA:160,0
DA:162,0
DA:165,0
DA:166,0
DA:170,0
DA:172,0
DA:173,0
DA:180,0
DA:190,0
DA:191,0
DA:192,0
DA:195,0
DA:196,0
DA:197,0
DA:199,0
DA:200,0
DA:204,0
DA:205,0
DA:206,0
DA:214,0
DA:215,0
DA:218,0
DA:222,0
DA:231,0
DA:232,0
DA:235,0
DA:236,0
DA:237,0
DA:241,0
DA:242,0
DA:246,0
DA:251,0
DA:252,0
DA:253,0
DA:257,0
DA:261,0
DA:262,0
DA:266,0
DA:271,0
DA:272,0
DA:273,0
DA:276,0
DA:277,0
DA:284,0
DA:285,0
DA:289,0
DA:290,0
DA:291,0
DA:294,0
DA:295,0
DA:298,0
DA:307,0
LF:104
LH:0
BRDA:14,0,0,0
BRDA:14,0,1,0
BRDA:61,1,0,0
BRDA:61,1,1,0
BRDA:61,2,0,0
BRDA:61,2,1,0
BRDA:61,2,2,0
BRDA:61,2,3,0
BRDA:61,2,4,0
BRDA:69,3,0,0
BRDA:69,3,1,0
BRDA:69,4,0,0
BRDA:69,4,1,0
BRDA:78,5,0,0
BRDA:78,5,1,0
BRDA:86,6,0,0
BRDA:86,6,1,0
BRDA:104,7,0,0
BRDA:104,7,1,0
BRDA:105,8,0,0
BRDA:105,8,1,0
BRDA:122,9,0,0
BRDA:122,9,1,0
BRDA:122,10,0,0
BRDA:122,10,1,0
BRDA:162,11,0,0
BRDA:162,11,1,0
BRDA:162,12,0,0
BRDA:162,12,1,0
BRDA:165,13,0,0
BRDA:165,13,1,0
BRDA:170,14,0,0
BRDA:170,14,1,0
BRDA:170,15,0,0
BRDA:170,15,1,0
BRDA:170,15,2,0
BRDA:172,16,0,0
BRDA:172,16,1,0
BRDA:191,17,0,0
BRDA:191,17,1,0
BRDA:192,18,0,0
BRDA:192,18,1,0
BRDA:196,19,0,0
BRDA:196,19,1,0
BRDA:199,20,0,0
BRDA:199,20,1,0
BRDA:204,21,0,0
BRDA:204,21,1,0
BRDA:210,22,0,0
BRDA:210,22,1,0
BRDA:210,23,0,0
BRDA:210,23,1,0
BRDA:218,24,0,0
BRDA:218,24,1,0
BRDA:235,25,0,0
BRDA:235,25,1,0
BRDA:241,26,0,0
BRDA:241,26,1,0
BRDA:241,27,0,0
BRDA:241,27,1,0
BRDA:251,28,0,0
BRDA:251,28,1,0
BRDA:261,29,0,0
BRDA:261,29,1,0
BRDA:271,30,0,0
BRDA:271,30,1,0
BRDA:289,31,0,0
BRDA:289,31,1,0
BRDA:294,32,0,0
BRDA:294,32,1,0
BRF:70
BRH:0
end_of_record
TN:
SF:src/actions/WebhookAction.js
FN:9,(anonymous_0)
FN:14,(anonymous_1)
FN:21,(anonymous_2)
FN:33,(anonymous_3)
FN:105,(anonymous_4)
FN:107,(anonymous_5)
FN:116,(anonymous_6)
FN:138,(anonymous_7)
FN:196,(anonymous_8)
FN:203,(anonymous_9)
FN:221,(anonymous_10)
FN:232,(anonymous_11)
FN:235,(anonymous_12)
FN:239,(anonymous_13)
FNF:14
FNH:0
FNDA:0,(anonymous_0)
FNDA:0,(anonymous_1)
FNDA:0,(anonymous_2)
FNDA:0,(anonymous_3)
FNDA:0,(anonymous_4)
FNDA:0,(anonymous_5)
FNDA:0,(anonymous_6)
FNDA:0,(anonymous_7)
FNDA:0,(anonymous_8)
FNDA:0,(anonymous_9)
FNDA:0,(anonymous_10)
FNDA:0,(anonymous_11)
FNDA:0,(anonymous_12)
FNDA:0,(anonymous_13)
DA:3,0
DA:4,0
DA:5,0
DA:7,0
DA:9,0
DA:10,0
DA:11,0
DA:12,0
DA:13,0
DA:14,0
DA:22,0
DA:34,0
DA:106,0
DA:107,0
DA:116,0
DA:117,0
DA:118,0
DA:119,0
DA:123,0
DA:124,0
DA:125,0
DA:128,0
DA:138,0
DA:139,0
DA:140,0
DA:141,0
DA:143,0
DA:144,0
DA:147,0
DA:150,0
DA:151,0
DA:152,0
DA:153,0
DA:157,0
DA:158,0
DA:161,0
DA:164,0
DA:165,0
DA:167,0
DA:168,0
DA:172,0
DA:173,0
DA:176,0
DA:177,0
DA:178,0
DA:186,0
DA:187,0
DA:191,0
DA:192,0
DA:196,0
DA:197,0
DA:198,0
DA:200,0
DA:203,0
DA:204,0
DA:211,0
DA:213,0
DA:216,0
DA:217,0
DA:220,0
DA:222,0
DA:223,0
DA:224,0
DA:227,0
DA:231,0
DA:232,0
DA:235,0
DA:240,0
DA:245,0
DA:250,0
DA:251,0
DA:254,0
DA:255,0
DA:261,0
LF:74
LH:0
BRDA:13,0,0,0
BRDA:13,0,1,0
BRDA:118,1,0,0
BRDA:118,1,1,0
BRDA:118,2,0,0
BRDA:118,2,1,0
BRDA:123,3,0,0
BRDA:123,3,1,0
BRDA:123,4,0,0
BRDA:123,4,1,0
BRDA:123,4,2,0
BRDA:124,5,0,0
BRDA:124,5,1,0
BRDA:140,6,0,0
BRDA:140,6,1,0
BRDA:140,7,0,0
BRDA:140,7,1,0
BRDA:143,8,0,0
BRDA:143,8,1,0
BRDA:143,9,0,0
BRDA:143,9,1,0
BRDA:151,10,0,0
BRDA:151,10,1,0
BRDA:157,11,0,0
BRDA:157,11,1,0
BRDA:157,12,0,0
BRDA:157,12,1,0
BRDA:164,13,0,0
BRDA:164,13,1,0
BRDA:167,14,0,0
BRDA:167,14,1,0
BRDA:172,15,0,0
BRDA:172,15,1,0
BRDA:181,16,0,0
BRDA:181,16,1,0
BRDA:181,17,0,0
BRDA:181,17,1,0
BRDA:186,18,0,0
BRDA:186,18,1,0
BRDA:186,19,0,0
BRDA:186,19,1,0
BRDA:186,19,2,0
BRDA:186,19,3,0
BRDA:191,20,0,0
BRDA:191,20,1,0
BRDA:197,21,0,0
BRDA:197,21,1,0
BRDA:211,22,0,0
BRDA:211,22,1,0
BRDA:216,23,0,0
BRDA:216,23,1,0
BRDA:222,24,0,0
BRDA:222,24,1,0
BRDA:223,25,0,0
BRDA:223,25,1,0
BRDA:231,26,0,0
BRDA:231,26,1,0
BRDA:250,27,0,0
BRDA:250,27,1,0
BRF:59
BRH:0
end_of_record
TN:
SF:src/actions/actions.js
FN:31,(anonymous_0)
FN:65,(anonymous_1)
FN:92,(anonymous_2)
FN:118,(anonymous_3)
FN:125,(anonymous_4)
FN:132,(anonymous_5)
FN:149,(anonymous_6)
FN:150,(anonymous_7)
FN:156,(anonymous_8)
FN:176,(anonymous_9)
FN:178,(anonymous_10)
FN:190,(anonymous_11)
FN:191,(anonymous_12)
FN:198,(anonymous_13)
FN:206,(anonymous_14)
FN:211,(anonymous_15)
FN:214,(anonymous_16)
FN:225,(anonymous_17)
FN:304,(anonymous_18)
FN:308,(anonymous_19)
FN:328,(anonymous_20)
FN:329,(anonymous_21)
FN:342,getSettingsForm
FN:436,(anonymous_23)
FN:440,(anonymous_24)
FN:658,(anonymous_25)
FN:705,getDeletedSubmission
FN:720,getComponentValueFromRequest
FN:733,(anonymous_28)
FN:737,addAction
FN:750,(anonymous_30)
FN:751,(anonymous_31)
FN:763,(anonymous_32)
FN:774,(anonymous_33)
FN:780,(anonymous_34)
FN:803,(anonymous_35)
FN:831,actionPayload
FN:843,(anonymous_37)
FN:850,(anonymous_38)
FN:864,indexPayload
FN:866,(anonymous_40)
FN:878,(anonymous_41)
FN:880,(anonymous_42)
FN:885,(anonymous_43)
FN:901,(anonymous_44)
FN:913,(anonymous_45)
FNF:46
FNH:0
FNDA:0,(anonymous_0)
FNDA:0,(anonymous_1)
FNDA:0,(anonymous_2)
FNDA:0,(anonymous_3)
FNDA:0,(anonymous_4)
FNDA:0,(anonymous_5)
FNDA:0,(anonymous_6)
FNDA:0,(anonymous_7)
FNDA:0,(anonymous_8)
FNDA:0,(anonymous_9)
FNDA:0,(anonymous_10)
FNDA:0,(anonymous_11)
FNDA:0,(anonymous_12)
FNDA:0,(anonymous_13)
FNDA:0,(anonymous_14)
FNDA:0,(anonymous_15)
FNDA:0,(anonymous_16)
FNDA:0,(anonymous_17)
FNDA:0,(anonymous_18)
FNDA:0,(anonymous_19)
FNDA:0,(anonymous_20)
FNDA:0,(anonymous_21)
FNDA:0,getSettingsForm
FNDA:0,(anonymous_23)
FNDA:0,(anonymous_24)
FNDA:0,(anonymous_25)
FNDA:0,getDeletedSubmission
FNDA:0,getComponentValueFromRequest
FNDA:0,(anonymous_28)
FNDA:0,addAction
FNDA:0,(anonymous_30)
FNDA:0,(anonymous_31)
FNDA:0,(anonymous_32)
FNDA:0,(anonymous_33)
FNDA:0,(anonymous_34)
FNDA:0,(anonymous_35)
FNDA:0,actionPayload
FNDA:0,(anonymous_37)
FNDA:0,(anonymous_38)
FNDA:0,indexPayload
FNDA:0,(anonymous_40)
FNDA:0,(anonymous_41)
FNDA:0,(anonymous_42)
FNDA:0,(anonymous_43)
FNDA:0,(anonymous_44)
FNDA:0,(anonymous_45)
DA:3,0
DA:4,0
DA:5,0
DA:6,0
DA:10,0
DA:11,0
DA:21,0
DA:22,0
DA:31,0
DA:32,0
DA:39,0
DA:66,0
DA:67,0
DA:70,0
DA:71,0
DA:72,0
DA:76,0
DA:77,0
DA:81,0
DA:82,0
DA:91,0
DA:92,0
DA:93,0
DA:94,0
DA:98,0
DA:99,0
DA:102,0
DA:103,0
DA:106,0
DA:119,0
DA:120,0
DA:124,0
DA:125,0
DA:126,0
DA:128,0
DA:132,0
DA:133,0
DA:134,0
DA:137,0
DA:150,0
DA:151,0
DA:152,0
DA:156,0
DA:157,0
DA:158,0
DA:161,0
DA:178,0
DA:179,0
DA:180,0
DA:187,0
DA:190,0
DA:191,0
DA:192,0
DA:193,0
DA:196,0
DA:198,0
DA:199,0
DA:200,0
DA:203,0
DA:204,0
DA:206,0
DA:207,0
DA:208,0
DA:210,0
DA:215,0
DA:216,0
DA:217,0
DA:220,0
DA:226,0
DA:227,0
DA:228,0
DA:231,0
DA:232,0
DA:233,0
DA:234,0
DA:237,0
DA:240,0
DA:241,0
DA:242,0
DA:243,0
DA:258,0
DA:273,0
DA:276,0
DA:281,0
DA:282,0
DA:287,0
DA:289,0
DA:290,0
DA:291,0
DA:292,0
DA:293,0
DA:301,0
DA:304,0
DA:305,0
DA:308,0
DA:309,0
DA:310,0
DA:311,0
DA:312,0
DA:315,0
DA:316,0
DA:317,0
DA:319,0
DA:321,0
DA:322,0
DA:324,0
DA:327,0
DA:328,0
DA:329,0
DA:333,0
DA:343,0
DA:346,0
DA:351,0
DA:352,0
DA:359,0
DA:382,0
DA:383,0
DA:390,0
DA:425,0
DA:426,0
DA:427,0
DA:428,0
DA:431,0
DA:433,0
DA:434,0
DA:436,0
DA:438,0
DA:440,0
DA:442,0
DA:443,0
DA:445,0
DA:450,0
DA:633,0
DA:641,0
DA:658,0
DA:694,0
DA:698,0
DA:701,0
DA:706,0
DA:707,0
DA:710,0
DA:715,0
DA:716,0
DA:721,0
DA:722,0
DA:723,0
DA:725,0
DA:729,0
DA:733,0
DA:734,0
DA:738,0
DA:739,0
DA:745,0
DA:746,0
DA:750,0
DA:751,0
DA:752,0
DA:753,0
DA:754,0
DA:756,0
DA:757,0
DA:760,0
DA:761,0
DA:764,0
DA:765,0
DA:766,0
DA:769,0
DA:774,0
DA:775,0
DA:776,0
DA:777,0
DA:780,0
DA:781,0
DA:782,0
DA:783,0
DA:786,0
DA:787,0
DA:793,0
DA:795,0
DA:796,0
DA:799,0
DA:800,0
DA:803,0
DA:804,0
DA:805,0
DA:806,0
DA:810,0
DA:817,0
DA:818,0
DA:819,0
DA:820,0
DA:824,0
DA:825,0
DA:832,0
DA:834,0
DA:835,0
DA:839,0
DA:842,0
DA:843,0
DA:844,0
DA:849,0
DA:850,0
DA:851,0
DA:856,0
DA:857,0
DA:858,0
DA:859,0
DA:860,0
DA:865,0
DA:866,0
DA:867,0
DA:868,0
DA:872,0
DA:876,0
DA:877,0
DA:878,0
DA:879,0
DA:881,0
DA:883,0
DA:884,0
DA:885,0
DA:886,0
DA:887,0
DA:891,0
DA:897,0
DA:901,0
DA:903,0
DA:904,0
DA:906,0
DA:910,0
DA:911,0
DA:912,0
DA:914,0
DA:915,0
DA:916,0
DA:917,0
DA:927,0
DA:943,0
DA:946,0
LF:239
LH:0
BRDA:66,0,0,0
BRDA:66,0,1,0
BRDA:71,1,0,0
BRDA:71,1,1,0
BRDA:76,2,0,0
BRDA:76,2,1,0
BRDA:76,3,0,0
BRDA:76,3,1,0
BRDA:93,4,0,0
BRDA:93,4,1,0
BRDA:119,5,0,0
BRDA:119,5,1,0
BRDA:124,6,0,0
BRDA:124,6,1,0
BRDA:125,7,0,0
BRDA:125,7,1,0
BRDA:126,8,0,0
BRDA:126,8,1,0
BRDA:126,8,2,0
BRDA:126,8,3,0
BRDA:133,9,0,0
BRDA:133,9,1,0
BRDA:151,10,0,0
BRDA:151,10,1,0
BRDA:157,11,0,0
BRDA:157,11,1,0
BRDA:179,12,0,0
BRDA:179,12,1,0
BRDA:192,13,0,0
BRDA:192,13,1,0
BRDA:199,14,0,0
BRDA:199,14,1,0
BRDA:203,15,0,0
BRDA:203,15,1,0
BRDA:207,16,0,0
BRDA:207,16,1,0
BRDA:215,17,0,0
BRDA:215,17,1,0
BRDA:227,18,0,0
BRDA:227,18,1,0
BRDA:231,19,0,0
BRDA:231,19,1,0
BRDA:242,20,0,0
BRDA:242,20,1,0
BRDA:245,21,0,0
BRDA:245,21,1,0
BRDA:252,22,0,0
BRDA:252,22,1,0
BRDA:260,23,0,0
BRDA:260,23,1,0
BRDA:279,24,0,0
BRDA:279,24,1,0
BRDA:281,25,0,0
BRDA:281,25,1,0
BRDA:287,26,0,0
BRDA:287,26,1,0
BRDA:287,27,0,0
BRDA:287,27,1,0
BRDA:289,28,0,0
BRDA:289,28,1,0
BRDA:290,29,0,0
BRDA:290,29,1,0
BRDA:292,30,0,0
BRDA:292,30,1,0
BRDA:302,31,0,0
BRDA:302,31,1,0
BRDA:302,31,2,0
BRDA:304,32,0,0
BRDA:304,32,1,0
BRDA:304,33,0,0
BRDA:304,33,1,0
BRDA:304,34,0,0
BRDA:304,34,1,0
BRDA:305,35,0,0
BRDA:305,36,0,0
BRDA:311,37,0,0
BRDA:311,37,1,0
BRDA:312,38,0,0
BRDA:312,38,1,0
BRDA:316,39,0,0
BRDA:316,39,1,0
BRDA:316,40,0,0
BRDA:316,40,1,0
BRDA:321,41,0,0
BRDA:321,41,1,0
BRDA:321,42,0,0
BRDA:321,42,1,0
BRDA:327,43,0,0
BRDA:327,43,1,0
BRDA:351,44,0,0
BRDA:351,44,1,0
BRDA:351,45,0,0
BRDA:351,45,1,0
BRDA:382,46,0,0
BRDA:382,46,1,0
BRDA:382,47,0,0
BRDA:382,47,1,0
BRDA:427,48,0,0
BRDA:427,48,1,0
BRDA:427,49,0,0
BRDA:427,49,1,0
BRDA:658,50,0,0
BRDA:658,50,1,0
BRDA:722,51,0,0
BRDA:722,51,1,0
BRDA:723,52,0,0
BRDA:723,52,1,0
BRDA:725,53,0,0
BRDA:725,53,1,0
BRDA:726,54,0,0
BRDA:726,54,1,0
BRDA:738,55,0,0
BRDA:738,55,1,0
BRDA:740,56,0,0
BRDA:740,56,1,0
BRDA:752,57,0,0
BRDA:752,57,1,0
BRDA:756,58,0,0
BRDA:756,58,1,0
BRDA:756,59,0,0
BRDA:756,59,1,0
BRDA:764,60,0,0
BRDA:764,60,1,0
BRDA:776,61,0,0
BRDA:776,61,1,0
BRDA:781,62,0,0
BRDA:781,62,1,0
BRDA:786,63,0,0
BRDA:786,63,1,0
BRDA:788,64,0,0
BRDA:788,64,1,0
BRDA:804,65,0,0
BRDA:804,65,1,0
BRDA:832,66,0,0
BRDA:832,66,1,0
BRDA:834,67,0,0
BRDA:834,67,1,0
BRDA:842,68,0,0
BRDA:842,68,1,0
BRDA:849,69,0,0
BRDA:849,69,1,0
BRDA:856,70,0,0
BRDA:856,70,1,0
BRDA:856,70,2,0
BRDA:857,71,0,0
BRDA:857,71,1,0
BRDA:857,71,2,0
BRDA:867,72,0,0
BRDA:867,72,1,0
BRDA:881,73,0,0
BRDA:881,73,1,0
BRDA:903,74,0,0
BRDA:903,74,1,0
BRDA:914,75,0,0
BRDA:914,75,1,0
BRDA:914,76,0,0
BRDA:914,76,1,0
BRDA:914,76,2,0
BRDA:914,76,3,0
BRDA:916,77,0,0
BRDA:916,77,1,0
BRDA:916,78,0,0
BRDA:916,78,1,0
BRDA:916,78,2,0
BRDA:921,79,0,0
BRDA:921,79,1,0
BRF:166
BRH:0
end_of_record
TN:
SF:src/actions/fields/datetime.js
FN:4,(anonymous_0)
FN:4,(anonymous_1)
FN:9,(anonymous_2)
FNF:3
FNH:0
FNDA:0,(anonymous_0)
FNDA:0,(anonymous_1)
FNDA:0,(anonymous_2)
DA:2,0
DA:4,0
DA:6,0
DA:7,0
DA:8,0
DA:9,0
DA:10,0
DA:12,0
DA:13,0
LF:9
LH:0
BRDA:6,0,0,0
BRDA:6,0,1,0
BRDA:6,1,0,0
BRDA:6,1,1,0
BRDA:8,2,0,0
BRDA:8,2,1,0
BRDA:9,3,0,0
BRDA:9,3,1,0
BRDA:9,4,0,0
BRDA:9,4,1,0
BRDA:12,5,0,0
BRDA:12,5,1,0
BRF:12
BRH:0
end_of_record
TN:
SF:src/actions/fields/email.js
FN:3,(anonymous_0)
FN:6,(anonymous_1)
FNF:2
FNH:0
FNDA:0,(anonymous_0)
FNDA:0,(anonymous_1)
DA:3,0
DA:4,0
DA:6,0
DA:8,0
DA:9,0
DA:12,0
LF:6
LH:0
BRDA:8,0,0,0
BRDA:8,0,1,0
BRF:2
BRH:0
end_of_record
TN:
SF:src/actions/fields/form.js
FN:6,(anonymous_0)
FN:10,(anonymous_1)
FN:31,(anonymous_2)
FN:35,(anonymous_3)
FN:53,(anonymous_4)
FN:57,(anonymous_5)
FN:63,(anonymous_6)
FN:95,(anonymous_7)
FN:118,(anonymous_8)
FN:142,(anonymous_9)
FN:166,(anonymous_10)
FN:170,(anonymous_11)
FN:171,(anonymous_12)
FNF:13
FNH:0
FNDA:0,(anonymous_0)
FNDA:0,(anonymous_1)
FNDA:0,(anonymous_2)
FNDA:0,(anonymous_3)
FNDA:0,(anonymous_4)
FNDA:0,(anonymous_5)
FNDA:0,(anonymous_6)
FNDA:0,(anonymous_7)
FNDA:0,(anonymous_8)
FNDA:0,(anonymous_9)
FNDA:0,(anonymous_10)
FNDA:0,(anonymous_11)
FNDA:0,(anonymous_12)
DA:3,0
DA:4,0
DA:6,0
DA:10,0
DA:12,0
DA:13,0
DA:17,0
DA:18,0
DA:19,0
DA:23,0
DA:28,0
DA:31,0
DA:32,0
DA:33,0
DA:35,0
DA:43,0
DA:46,0
DA:49,0
DA:50,0
DA:51,0
DA:53,0
DA:54,0
DA:56,0
DA:57,0
DA:58,0
DA:59,0
DA:60,0
DA:63,0
DA:68,0
DA:71,0
DA:72,0
DA:73,0
DA:75,0
DA:76,0
DA:79,0
DA:80,0
DA:83,0
DA:84,0
DA:85,0
DA:89,0
DA:91,0
DA:92,0
DA:95,0
DA:96,0
DA:97,0
DA:100,0
DA:101,0
DA:103,0
DA:104,0
DA:106,0
DA:108,0
DA:111,0
DA:118,0
DA:119,0
DA:126,0
DA:129,0
DA:130,0
DA:131,0
DA:132,0
DA:135,0
DA:136,0
DA:140,0
DA:141,0
DA:142,0
DA:143,0
DA:144,0
DA:147,0
DA:148,0
DA:153,0
DA:159,0
DA:163,0
DA:166,0
DA:167,0
DA:170,0
DA:171,0
DA:172,0
DA:173,0
DA:175,0
DA:180,0
LF:79
LH:0
BRDA:12,0,0,0
BRDA:12,0,1,0
BRDA:18,1,0,0
BRDA:18,1,1,0
BRDA:23,2,0,0
BRDA:23,2,1,0
BRDA:24,3,0,0
BRDA:24,3,1,0
BRDA:24,3,2,0
BRDA:24,3,3,0
BRDA:24,3,4,0
BRDA:24,3,5,0
BRDA:24,3,6,0
BRDA:34,4,0,0
BRDA:34,4,1,0
BRDA:35,5,0,0
BRDA:35,5,1,0
BRDA:35,5,2,0
BRDA:35,5,3,0
BRDA:43,6,0,0
BRDA:43,6,1,0
BRDA:44,7,0,0
BRDA:44,7,1,0
BRDA:44,7,2,0
BRDA:50,8,0,0
BRDA:50,8,1,0
BRDA:54,9,0,0
BRDA:54,9,1,0
BRDA:56,10,0,0
BRDA:56,10,1,0
BRDA:56,11,0,0
BRDA:56,11,1,0
BRDA:56,11,2,0
BRDA:58,12,0,0
BRDA:58,12,1,0
BRDA:68,13,0,0
BRDA:68,13,1,0
BRDA:72,14,0,0
BRDA:72,14,1,0
BRDA:73,15,0,0
BRDA:73,15,1,0
BRDA:79,16,0,0
BRDA:79,16,1,0
BRDA:84,17,0,0
BRDA:84,17,1,0
BRDA:89,18,0,0
BRDA:89,18,1,0
BRDA:91,19,0,0
BRDA:91,19,1,0
BRDA:96,20,0,0
BRDA:96,20,1,0
BRDA:100,21,0,0
BRDA:100,21,1,0
BRDA:101,22,0,0
BRDA:101,22,1,0
BRDA:101,23,0,0
BRDA:101,23,1,0
BRDA:101,23,2,0
BRDA:103,24,0,0
BRDA:103,24,1,0
BRDA:119,25,0,0
BRDA:119,25,1,0
BRDA:120,26,0,0
BRDA:120,26,1,0
BRDA:120,26,2,0
BRDA:120,26,3,0
BRDA:120,26,4,0
BRDA:129,27,0,0
BRDA:129,27,1,0
BRDA:129,28,0,0
BRDA:129,28,1,0
BRDA:130,29,0,0
BRDA:130,29,1,0
BRDA:135,30,0,0
BRDA:135,30,1,0
BRDA:141,31,0,0
BRDA:141,31,1,0
BRDA:143,32,0,0
BRDA:143,32,1,0
BRDA:147,33,0,0
BRDA:147,33,1,0
BRDA:167,34,0,0
BRDA:167,34,1,0
BRDA:167,34,2,0
BRDA:167,34,3,0
BRDA:172,35,0,0
BRDA:172,35,1,0
BRF:87
BRH:0
end_of_record
TN:
SF:src/actions/fields/index.js
FN:3,(anonymous_0)
FNF:1
FNH:0
FNDA:0,(anonymous_0)
DA:3,0
LF:1
LH:0
BRF:0
BRH:0
end_of_record
TN:
SF:src/actions/fields/password.js
FN:5,(anonymous_0)
FN:8,(anonymous_1)
FN:9,(anonymous_2)
FN:19,(anonymous_3)
FN:27,(anonymous_4)
FN:36,(anonymous_5)
FN:37,(anonymous_6)
FN:42,(anonymous_7)
FN:67,(anonymous_8)
FN:68,(anonymous_9)
FNF:10
FNH:0
FNDA:0,(anonymous_0)
FNDA:0,(anonymous_1)
FNDA:0,(anonymous_2)
FNDA:0,(anonymous_3)
FNDA:0,(anonymous_4)
FNDA:0,(anonymous_5)
FNDA:0,(anonymous_6)
FNDA:0,(anonymous_7)
FNDA:0,(anonymous_8)
FNDA:0,(anonymous_9)
DA:3,0
DA:5,0
DA:6,0
DA:8,0
DA:9,0
DA:10,0
DA:11,0
DA:14,0
DA:15,0
DA:19,0
DA:20,0
DA:21,0
DA:22,0
DA:24,0
DA:27,0
DA:28,0
DA:30,0
DA:31,0
DA:34,0
DA:35,0
DA:36,0
DA:37,0
DA:38,0
DA:39,0
DA:42,0
DA:43,0
DA:44,0
DA:47,0
DA:48,0
DA:50,0
DA:59,0
DA:60,0
DA:61,0
DA:64,0
DA:66,0
DA:67,0
DA:68,0
DA:69,0
DA:70,0
DA:72,0
DA:76,0
LF:41
LH:0
BRDA:10,0,0,0
BRDA:10,0,1,0
BRDA:21,1,0,0
BRDA:21,1,1,0
BRDA:28,2,0,0
BRDA:28,2,1,0
BRDA:28,2,2,0
BRDA:34,3,0,0
BRDA:34,3,1,0
BRDA:35,4,0,0
BRDA:35,4,1,0
BRDA:38,5,0,0
BRDA:38,5,1,0
BRDA:43,6,0,0
BRDA:43,6,1,0
BRDA:47,7,0,0
BRDA:47,7,1,0
BRDA:48,8,0,0
BRDA:48,8,1,0
BRDA:66,9,0,0
BRDA:66,9,1,0
BRDA:66,10,0,0
BRDA:66,10,1,0
BRDA:69,11,0,0
BRDA:69,11,1,0
BRF:25
BRH:0
end_of_record
TN:
SF:src/actions/fields/signature.js
FN:5,(anonymous_0)
FN:5,(anonymous_1)
FNF:2
FNH:0
FNDA:0,(anonymous_0)
FNDA:0,(anonymous_1)
DA:3,0
DA:5,0
DA:6,0
DA:7,0
DA:9,0
DA:10,0
DA:14,0
DA:15,0
DA:17,0
DA:19,0
DA:20,0
DA:27,0
DA:28,0
DA:29,0
DA:32,0
DA:36,0
DA:38,0
DA:39,0
DA:42,0
LF:19
LH:0
BRDA:7,0,0,0
BRDA:7,0,1,0
BRDA:9,1,0,0
BRDA:9,1,1,0
BRDA:14,2,0,0
BRDA:14,2,1,0
BRDA:14,3,0,0
BRDA:14,3,1,0
BRDA:14,3,2,0
BRDA:19,4,0,0
BRDA:19,4,1,0
BRDA:27,5,0,0
BRDA:27,5,1,0
BRDA:27,6,0,0
BRDA:27,6,1,0
BRDA:27,6,2,0
BRDA:32,7,0,0
BRDA:32,7,1,0
BRDA:33,8,0,0
BRDA:33,8,1,0
BRDA:33,8,2,0
BRDA:38,9,0,0
BRDA:38,9,1,0
BRF:23
BRH:0
end_of_record
TN:
SF:src/actions/properties/index.js
FN:3,(anonymous_0)
FNF:1
FNH:0
FNDA:0,(anonymous_0)
DA:3,0
LF:1
LH:0
BRF:0
BRH:0
end_of_record
TN:
SF:src/actions/properties/reference.js
FN:6,(anonymous_0)
FN:11,(anonymous_1)
FN:49,(anonymous_2)
FN:50,(anonymous_3)
FN:52,(anonymous_4)
FN:66,(anonymous_5)
FN:68,(anonymous_6)
FN:79,(anonymous_7)
FN:80,(anonymous_8)
FN:82,(anonymous_9)
FN:106,(anonymous_10)
FN:124,(anonymous_11)
FN:149,(anonymous_12)
FN:168,(anonymous_13)
FN:181,(anonymous_14)
FN:203,(anonymous_15)
FN:205,(anonymous_16)
FN:257,(anonymous_17)
FN:260,(anonymous_18)
FN:262,(anonymous_19)
FN:268,(anonymous_20)
FN:268,(anonymous_21)
FN:273,(anonymous_22)
FN:290,(anonymous_23)
FN:303,(anonymous_24)
FN:312,(anonymous_25)
FN:320,(anonymous_26)
FN:322,(anonymous_27)
FN:329,(anonymous_28)
FN:337,(anonymous_29)
FNF:30
FNH:0
FNDA:0,(anonymous_0)
FNDA:0,(anonymous_1)
FNDA:0,(anonymous_2)
FNDA:0,(anonymous_3)
FNDA:0,(anonymous_4)
FNDA:0,(anonymous_5)
FNDA:0,(anonymous_6)
FNDA:0,(anonymous_7)
FNDA:0,(anonymous_8)
FNDA:0,(anonymous_9)
FNDA:0,(anonymous_10)
FNDA:0,(anonymous_11)
FNDA:0,(anonymous_12)
FNDA:0,(anonymous_13)
FNDA:0,(anonymous_14)
FNDA:0,(anonymous_15)
FNDA:0,(anonymous_16)
FNDA:0,(anonymous_17)
FNDA:0,(anonymous_18)
FNDA:0,(anonymous_19)
FNDA:0,(anonymous_20)
FNDA:0,(anonymous_21)
FNDA:0,(anonymous_22)
FNDA:0,(anonymous_23)
FNDA:0,(anonymous_24)
FNDA:0,(anonymous_25)
FNDA:0,(anonymous_26)
FNDA:0,(anonymous_27)
FNDA:0,(anonymous_28)
FNDA:0,(anonymous_29)
DA:2,0
DA:3,0
DA:4,0
DA:6,0
DA:7,0
DA:8,0
DA:11,0
DA:12,0
DA:13,0
DA:21,0
DA:22,0
DA:23,0
DA:25,0
DA:26,0
DA:27,0
DA:28,0
DA:31,0
DA:32,0
DA:35,0
DA:39,0
DA:41,0
DA:42,0
DA:43,0
DA:44,0
DA:45,0
DA:49,0
DA:50,0
DA:51,0
DA:52,0
DA:53,0
DA:54,0
DA:57,0
DA:60,0
DA:61,0
DA:64,0
DA:66,0
DA:67,0
DA:69,0
DA:70,0
DA:73,0
DA:79,0
DA:80,0
DA:81,0
DA:82,0
DA:83,0
DA:84,0
DA:87,0
DA:90,0
DA:91,0
DA:94,0
DA:96,0
DA:97,0
DA:100,0
DA:106,0
DA:107,0
DA:108,0
DA:109,0
DA:110,0
DA:114,0
DA:117,0
DA:121,0
DA:124,0
DA:125,0
DA:126,0
DA:127,0
DA:130,0
DA:131,0
DA:132,0
DA:135,0
DA:136,0
DA:137,0
DA:139,0
DA:149,0
DA:150,0
DA:151,0
DA:152,0
DA:153,0
DA:154,0
DA:157,0
DA:168,0
DA:169,0
DA:170,0
DA:172,0
DA:173,0
DA:174,0
DA:179,0
DA:180,0
DA:181,0
DA:182,0
DA:183,0
DA:184,0
DA:185,0
DA:186,0
DA:189,0
DA:193,0
DA:199,0
DA:203,0
DA:205,0
DA:206,0
DA:207,0
DA:210,0
DA:211,0
DA:212,0
DA:215,0
DA:217,0
DA:224,0
DA:234,0
DA:235,0
DA:244,0
DA:245,0
DA:251,0
DA:252,0
DA:257,0
DA:259,0
DA:260,0
DA:261,0
DA:262,0
DA:263,0
DA:268,0
DA:273,0
DA:274,0
DA:275,0
DA:276,0
DA:277,0
DA:279,0
DA:281,0
DA:282,0
DA:284,0
DA:285,0
DA:288,0
DA:289,0
DA:290,0
DA:292,0
DA:293,0
DA:296,0
DA:297,0
DA:299,0
DA:304,0
DA:305,0
DA:308,0
DA:309,0
DA:312,0
DA:316,0
DA:321,0
DA:322,0
DA:325,0
DA:329,0
DA:330,0
DA:331,0
DA:332,0
DA:335,0
DA:336,0
DA:337,0
DA:338,0
DA:341,0
DA:344,0
DA:346,0
DA:348,0
DA:350,0
LF:159
LH:0
BRDA:12,0,0,0
BRDA:12,0,1,0
BRDA:12,0,2,0
BRDA:22,1,0,0
BRDA:22,1,1,0
BRDA:31,2,0,0
BRDA:31,2,1,0
BRDA:31,3,0,0
BRDA:31,3,1,0
BRDA:42,4,0,0
BRDA:42,4,1,0
BRDA:53,5,0,0
BRDA:53,5,1,0
BRDA:53,6,0,0
BRDA:53,6,1,0
BRDA:53,6,2,0
BRDA:69,7,0,0
BRDA:69,7,1,0
BRDA:83,8,0,0
BRDA:83,8,1,0
BRDA:83,9,0,0
BRDA:83,9,1,0
BRDA:83,9,2,0
BRDA:84,10,0,0
BRDA:84,10,1,0
BRDA:96,11,0,0
BRDA:96,11,1,0
BRDA:96,12,0,0
BRDA:96,12,1,0
BRDA:108,13,0,0
BRDA:108,13,1,0
BRDA:108,14,0,0
BRDA:108,14,1,0
BRDA:109,15,0,0
BRDA:109,15,1,0
BRDA:126,16,0,0
BRDA:126,16,1,0
BRDA:131,17,0,0
BRDA:131,17,1,0
BRDA:131,18,0,0
BRDA:131,18,1,0
BRDA:136,19,0,0
BRDA:136,19,1,0
BRDA:136,20,0,0
BRDA:136,20,1,0
BRDA:136,20,2,0
BRDA:169,21,0,0
BRDA:169,21,1,0
BRDA:172,22,0,0
BRDA:172,22,1,0
BRDA:179,23,0,0
BRDA:179,23,1,0
BRDA:183,24,0,0
BRDA:183,24,1,0
BRDA:184,25,0,0
BRDA:184,25,1,0
BRDA:185,26,0,0
BRDA:185,26,1,0
BRDA:206,27,0,0
BRDA:206,27,1,0
BRDA:206,27,2,0
BRDA:217,28,0,0
BRDA:217,28,1,0
BRDA:217,29,0,0
BRDA:217,29,1,0
BRDA:234,30,0,0
BRDA:234,30,1,0
BRDA:244,31,0,0
BRDA:244,31,1,0
BRDA:251,32,0,0
BRDA:251,32,1,0
BRDA:261,33,0,0
BRDA:261,33,1,0
BRDA:276,34,0,0
BRDA:276,34,1,0
BRDA:276,34,2,0
BRDA:279,35,0,0
BRDA:279,35,1,0
BRDA:279,35,2,0
BRDA:279,35,3,0
BRDA:279,35,4,0
BRDA:279,35,5,0
BRDA:279,35,6,0
BRDA:281,36,0,0
BRDA:281,36,1,0
BRDA:284,37,0,0
BRDA:284,37,1,0
BRDA:288,38,0,0
BRDA:288,38,1,0
BRDA:288,39,0,0
BRDA:288,39,1,0
BRDA:292,40,0,0
BRDA:292,40,1,0
BRDA:296,41,0,0
BRDA:296,41,1,0
BRDA:304,42,0,0
BRDA:304,42,1,0
BRDA:305,43,0,0
BRDA:305,43,1,0
BRDA:308,44,0,0
BRDA:308,44,1,0
BRDA:321,45,0,0
BRDA:321,45,1,0
BRDA:330,46,0,0
BRDA:330,46,1,0
BRDA:336,47,0,0
BRDA:336,47,1,0
BRDA:336,48,0,0
BRDA:336,48,1,0
BRF:109
BRH:0
end_of_record
TN:
SF:src/actions/properties/setDefaultProperties.js
FN:4,(anonymous_0)
FNF:1
FNH:0
FNDA:0,(anonymous_0)
DA:3,0
DA:5,0
DA:6,0
LF:3
LH:0
BRDA:5,0,0,0
BRDA:5,0,1,0
BRF:2
BRH:0
end_of_record
TN:
SF:src/authentication/index.js
FN:19,(anonymous_0)
FN:20,(anonymous_1)
FN:37,(anonymous_2)
FN:59,(anonymous_3)
FN:77,(anonymous_4)
FN:110,(anonymous_5)
FN:154,(anonymous_6)
FN:164,(anonymous_7)
FN:173,(anonymous_8)
FN:189,(anonymous_9)
FN:213,(anonymous_10)
FN:228,(anonymous_11)
FN:257,(anonymous_12)
FN:268,(anonymous_13)
FN:283,(anonymous_14)
FN:322,(anonymous_15)
FN:370,(anonymous_16)
FN:417,(anonymous_17)
FNF:18
FNH:0
FNDA:0,(anonymous_0)
FNDA:0,(anonymous_1)
FNDA:0,(anonymous_2)
FNDA:0,(anonymous_3)
FNDA:0,(anonymous_4)
FNDA:0,(anonymous_5)
FNDA:0,(anonymous_6)
FNDA:0,(anonymous_7)
FNDA:0,(anonymous_8)
FNDA:0,(anonymous_9)
FNDA:0,(anonymous_10)
FNDA:0,(anonymous_11)
FNDA:0,(anonymous_12)
FNDA:0,(anonymous_13)
FNDA:0,(anonymous_14)
FNDA:0,(anonymous_15)
FNDA:0,(anonymous_16)
FNDA:0,(anonymous_17)
DA:11,0
DA:12,0
DA:13,0
DA:14,0
DA:15,0
DA:19,0
DA:20,0
DA:21,0
DA:24,0
DA:37,0
DA:39,0
DA:40,0
DA:41,0
DA:46,0
DA:48,0
DA:59,0
DA:60,0
DA:61,0
DA:64,0
DA:67,0
DA:69,0
DA:71,0
DA:72,0
DA:76,0
DA:77,0
DA:78,0
DA:79,0
DA:80,0
DA:84,0
DA:85,0
DA:88,0
DA:89,0
DA:90,0
DA:91,0
DA:95,0
DA:98,0
DA:110,0
DA:111,0
DA:112,0
DA:113,0
DA:114,0
DA:117,0
DA:120,0
DA:121,0
DA:125,0
DA:126,0
DA:131,0
DA:132,0
DA:133,0
DA:136,0
DA:137,0
DA:141,0
DA:142,0
DA:145,0
DA:146,0
DA:149,0
DA:152,0
DA:155,0
DA:156,0
DA:159,0
DA:164,0
DA:165,0
DA:166,0
DA:168,0
DA:173,0
DA:174,0
DA:175,0
DA:178,0
DA:179,0
DA:180,0
DA:182,0
DA:183,0
DA:186,0
DA:187,0
DA:189,0
DA:190,0
DA:191,0
DA:193,0
DA:213,0
DA:214,0
DA:215,0
DA:218,0
DA:219,0
DA:220,0
DA:224,0
DA:228,0
DA:229,0
DA:230,0
DA:234,0
DA:237,0
DA:238,0
DA:239,0
DA:243,0
DA:244,0
DA:248,0
DA:249,0
DA:253,0
DA:257,0
DA:258,0
DA:260,0
DA:264,0
DA:265,0
DA:268,0
DA:269,0
DA:270,0
DA:274,0
DA:283,0
DA:285,0
DA:297,0
DA:301,0
DA:322,0
DA:324,0
DA:325,0
DA:326,0
DA:328,0
DA:329,0
DA:330,0
DA:333,0
DA:336,0
DA:337,0
DA:339,0
DA:340,0
DA:342,0
DA:343,0
DA:348,0
DA:351,0
DA:352,0
DA:353,0
DA:354,0
DA:355,0
DA:356,0
DA:359,0
DA:370,0
DA:371,0
DA:372,0
DA:376,0
DA:377,0
DA:378,0
DA:379,0
DA:383,0
DA:384,0
DA:385,0
DA:387,0
DA:388,0
DA:389,0
DA:392,0
DA:393,0
DA:397,0
DA:403,0
DA:404,0
DA:410,0
DA:418,0
DA:419,0
LF:153
LH:0
BRDA:20,0,0,0
BRDA:20,0,1,0
BRDA:48,1,0,0
BRDA:48,1,1,0
BRDA:60,2,0,0
BRDA:60,2,1,0
BRDA:67,3,0,0
BRDA:67,3,1,0
BRDA:67,4,0,0
BRDA:67,4,1,0
BRDA:67,4,2,0
BRDA:71,5,0,0
BRDA:71,5,1,0
BRDA:71,6,0,0
BRDA:71,6,1,0
BRDA:79,7,0,0
BRDA:79,7,1,0
BRDA:79,8,0,0
BRDA:79,8,1,0
BRDA:84,9,0,0
BRDA:84,9,1,0
BRDA:90,10,0,0
BRDA:90,10,1,0
BRDA:112,11,0,0
BRDA:112,11,1,0
BRDA:113,12,0,0
BRDA:113,12,1,0
BRDA:120,13,0,0
BRDA:120,13,1,0
BRDA:125,14,0,0
BRDA:125,14,1,0
BRDA:132,15,0,0
BRDA:132,15,1,0
BRDA:136,16,0,0
BRDA:136,16,1,0
BRDA:136,17,0,0
BRDA:136,17,1,0
BRDA:141,18,0,0
BRDA:141,18,1,0
BRDA:155,19,0,0
BRDA:155,19,1,0
BRDA:165,20,0,0
BRDA:165,20,1,0
BRDA:174,21,0,0
BRDA:174,21,1,0
BRDA:179,22,0,0
BRDA:179,22,1,0
BRDA:179,23,0,0
BRDA:179,23,1,0
BRDA:179,23,2,0
BRDA:182,24,0,0
BRDA:182,24,1,0
BRDA:187,25,0,0
BRDA:187,25,1,0
BRDA:190,26,0,0
BRDA:190,26,1,0
BRDA:214,27,0,0
BRDA:214,27,1,0
BRDA:219,28,0,0
BRDA:219,28,1,0
BRDA:229,29,0,0
BRDA:229,29,1,0
BRDA:237,30,0,0
BRDA:237,30,1,0
BRDA:248,31,0,0
BRDA:248,31,1,0
BRDA:258,32,0,0
BRDA:258,32,1,0
BRDA:269,33,0,0
BRDA:269,33,1,0
BRDA:324,34,0,0
BRDA:324,34,1,0
BRDA:328,35,0,0
BRDA:328,35,1,0
BRDA:336,36,0,0
BRDA:336,36,1,0
BRDA:339,37,0,0
BRDA:339,37,1,0
BRDA:342,38,0,0
BRDA:342,38,1,0
BRDA:348,39,0,0
BRDA:348,39,1,0
BRDA:351,40,0,0
BRDA:351,40,1,0
BRDA:353,41,0,0
BRDA:353,41,1,0
BRDA:371,42,0,0
BRDA:371,42,1,0
BRDA:371,43,0,0
BRDA:371,43,1,0
BRDA:376,44,0,0
BRDA:376,44,1,0
BRDA:384,45,0,0
BRDA:384,45,1,0
BRDA:392,46,0,0
BRDA:392,46,1,0
BRF:96
BRH:0
end_of_record
TN:
SF:src/authentication/nonce.js
FN:14,(anonymous_0)
FNF:1
FNH:0
FNDA:0,(anonymous_0)
DA:3,0
DA:15,0
LF:2
LH:0
BRF:0
BRH:0
end_of_record
TN:
SF:src/cache/cache.js
FN:16,(anonymous_0)
FN:21,(anonymous_1)
FN:40,(anonymous_2)
FN:67,(anonymous_3)
FN:111,(anonymous_4)
FN:120,(anonymous_5)
FN:137,(anonymous_6)
FN:144,(anonymous_7)
FN:168,(anonymous_8)
FN:179,(anonymous_9)
FN:207,(anonymous_10)
FN:225,(anonymous_11)
FN:269,(anonymous_12)
FN:276,(anonymous_13)
FN:298,(anonymous_14)
FN:317,(anonymous_15)
FN:361,(anonymous_16)
FN:406,(anonymous_17)
FN:419,(anonymous_18)
FN:444,(anonymous_19)
FN:459,(anonymous_20)
FN:464,(anonymous_21)
FN:475,(anonymous_22)
FN:492,(anonymous_23)
FN:502,(anonymous_24)
FN:502,(anonymous_25)
FN:506,(anonymous_26)
FN:531,(anonymous_27)
FN:538,(anonymous_28)
FNF:29
FNH:0
FNDA:0,(anonymous_0)
FNDA:0,(anonymous_1)
FNDA:0,(anonymous_2)
FNDA:0,(anonymous_3)
FNDA:0,(anonymous_4)
FNDA:0,(anonymous_5)
FNDA:0,(anonymous_6)
FNDA:0,(anonymous_7)
FNDA:0,(anonymous_8)
FNDA:0,(anonymous_9)
FNDA:0,(anonymous_10)
FNDA:0,(anonymous_11)
FNDA:0,(anonymous_12)
FNDA:0,(anonymous_13)
FNDA:0,(anonymous_14)
FNDA:0,(anonymous_15)
FNDA:0,(anonymous_16)
FNDA:0,(anonymous_17)
FNDA:0,(anonymous_18)
FNDA:0,(anonymous_19)
FNDA:0,(anonymous_20)
FNDA:0,(anonymous_21)
FNDA:0,(anonymous_22)
FNDA:0,(anonymous_23)
FNDA:0,(anonymous_24)
FNDA:0,(anonymous_25)
FNDA:0,(anonymous_26)
FNDA:0,(anonymous_27)
FNDA:0,(anonymous_28)
DA:2,0
DA:3,0
DA:4,0
DA:16,0
DA:17,0
DA:18,0
DA:20,0
DA:22,0
DA:23,0
DA:31,0
DA:41,0
DA:42,0
DA:43,0
DA:47,0
DA:48,0
DA:52,0
DA:53,0
DA:57,0
DA:68,0
DA:69,0
DA:70,0
DA:71,0
DA:74,0
DA:75,0
DA:76,0
DA:77,0
DA:80,0
DA:81,0
DA:82,0
DA:85,0
DA:86,0
DA:89,0
DA:90,0
DA:91,0
DA:94,0
DA:95,0
DA:96,0
DA:97,0
DA:100,0
DA:101,0
DA:112,0
DA:114,0
DA:117,0
DA:118,0
DA:120,0
DA:125,0
DA:126,0
DA:129,0
DA:132,0
DA:133,0
DA:138,0
DA:139,0
DA:140,0
DA:143,0
DA:144,0
DA:145,0
DA:146,0
DA:147,0
DA:158,0
DA:159,0
DA:160,0
DA:163,0
DA:166,0
DA:167,0
DA:169,0
DA:170,0
DA:171,0
DA:172,0
DA:175,0
DA:180,0
DA:181,0
DA:182,0
DA:183,0
DA:184,0
DA:187,0
DA:188,0
DA:190,0
DA:191,0
DA:193,0
DA:194,0
DA:196,0
DA:197,0
DA:198,0
DA:208,0
DA:209,0
DA:210,0
DA:212,0
DA:226,0
DA:227,0
DA:228,0
DA:229,0
DA:232,0
DA:233,0
DA:234,0
DA:237,0
DA:238,0
DA:239,0
DA:242,0
DA:243,0
DA:244,0
DA:246,0
DA:247,0
DA:248,0
DA:249,0
DA:250,0
DA:253,0
DA:254,0
DA:255,0
DA:258,0
DA:259,0
DA:270,0
DA:272,0
DA:275,0
DA:276,0
DA:279,0
DA:280,0
DA:281,0
DA:282,0
DA:283,0
DA:285,0
DA:288,0
DA:289,0
DA:299,0
DA:300,0
DA:302,0
DA:303,0
DA:305,0
DA:306,0
DA:318,0
DA:319,0
DA:320,0
DA:321,0
DA:324,0
DA:329,0
DA:330,0
DA:331,0
DA:332,0
DA:335,0
DA:336,0
DA:337,0
DA:338,0
DA:339,0
DA:342,0
DA:343,0
DA:347,0
DA:348,0
DA:362,0
DA:363,0
DA:364,0
DA:365,0
DA:368,0
DA:373,0
DA:374,0
DA:375,0
DA:376,0
DA:379,0
DA:380,0
DA:381,0
DA:382,0
DA:383,0
DA:386,0
DA:387,0
DA:391,0
DA:392,0
DA:407,0
DA:408,0
DA:409,0
DA:412,0
DA:413,0
DA:417,0
DA:418,0
DA:419,0
DA:420,0
DA:421,0
DA:422,0
DA:423,0
DA:425,0
DA:426,0
DA:432,0
DA:433,0
DA:437,0
DA:438,0
DA:439,0
DA:441,0
DA:443,0
DA:444,0
DA:445,0
DA:446,0
DA:447,0
DA:448,0
DA:450,0
DA:451,0
DA:455,0
DA:460,0
DA:461,0
DA:463,0
DA:464,0
DA:465,0
DA:466,0
DA:467,0
DA:468,0
DA:469,0
DA:476,0
DA:477,0
DA:478,0
DA:479,0
DA:493,0
DA:496,0
DA:497,0
DA:501,0
DA:502,0
DA:503,0
DA:504,0
DA:505,0
DA:506,0
DA:508,0
DA:509,0
DA:510,0
DA:511,0
DA:512,0
DA:513,0
DA:514,0
DA:517,0
DA:523,0
DA:526,0
DA:527,0
DA:528,0
DA:529,0
DA:531,0
DA:532,0
DA:533,0
DA:535,0
DA:536,0
DA:537,0
DA:538,0
DA:540,0
DA:541,0
DA:545,0
DA:547,0
DA:552,0
LF:240
LH:0
BRDA:22,0,0,0
BRDA:22,0,1,0
BRDA:42,1,0,0
BRDA:42,1,1,0
BRDA:47,2,0,0
BRDA:47,2,1,0
BRDA:52,3,0,0
BRDA:52,3,1,0
BRDA:69,4,0,0
BRDA:69,4,1,0
BRDA:69,5,0,0
BRDA:69,5,1,0
BRDA:76,6,0,0
BRDA:76,6,1,0
BRDA:81,7,0,0
BRDA:81,7,1,0
BRDA:89,8,0,0
BRDA:89,8,1,0
BRDA:112,9,0,0
BRDA:112,9,1,0
BRDA:112,10,0,0
BRDA:112,10,1,0
BRDA:125,11,0,0
BRDA:125,11,1,0
BRDA:125,12,0,0
BRDA:125,12,1,0
BRDA:138,13,0,0
BRDA:138,13,1,0
BRDA:138,14,0,0
BRDA:138,14,1,0
BRDA:138,14,2,0
BRDA:145,15,0,0
BRDA:145,15,1,0
BRDA:147,16,0,0
BRDA:147,16,1,0
BRDA:159,17,0,0
BRDA:159,17,1,0
BRDA:169,18,0,0
BRDA:169,18,1,0
BRDA:181,19,0,0
BRDA:181,19,1,0
BRDA:183,20,0,0
BRDA:183,20,1,0
BRDA:187,21,0,0
BRDA:187,21,1,0
BRDA:187,22,0,0
BRDA:187,22,1,0
BRDA:190,23,0,0
BRDA:190,23,1,0
BRDA:193,24,0,0
BRDA:193,24,1,0
BRDA:209,25,0,0
BRDA:209,25,1,0
BRDA:227,26,0,0
BRDA:227,26,1,0
BRDA:227,27,0,0
BRDA:227,27,1,0
BRDA:233,28,0,0
BRDA:233,28,1,0
BRDA:238,29,0,0
BRDA:238,29,1,0
BRDA:244,30,0,0
BRDA:244,30,1,0
BRDA:248,31,0,0
BRDA:248,31,1,0
BRDA:270,32,0,0
BRDA:270,32,1,0
BRDA:270,33,0,0
BRDA:270,33,1,0
BRDA:279,34,0,0
BRDA:279,34,1,0
BRDA:282,35,0,0
BRDA:282,35,1,0
BRDA:299,36,0,0
BRDA:299,36,1,0
BRDA:302,37,0,0
BRDA:302,37,1,0
BRDA:319,38,0,0
BRDA:319,38,1,0
BRDA:331,39,0,0
BRDA:331,39,1,0
BRDA:363,40,0,0
BRDA:363,40,1,0
BRDA:375,41,0,0
BRDA:375,41,1,0
BRDA:407,42,0,0
BRDA:407,42,1,0
BRDA:408,43,0,0
BRDA:408,43,1,0
BRDA:412,44,0,0
BRDA:412,44,1,0
BRDA:420,45,0,0
BRDA:420,45,1,0
BRDA:420,46,0,0
BRDA:420,46,1,0
BRDA:425,47,0,0
BRDA:425,47,1,0
BRDA:425,48,0,0
BRDA:425,48,1,0
BRDA:432,49,0,0
BRDA:432,49,1,0
BRDA:443,50,0,0
BRDA:443,50,1,0
BRDA:446,51,0,0
BRDA:446,51,1,0
BRDA:450,52,0,0
BRDA:450,52,1,0
BRDA:460,53,0,0
BRDA:460,53,1,0
BRDA:465,54,0,0
BRDA:465,54,1,0
BRDA:465,55,0,0
BRDA:465,55,1,0
BRDA:467,56,0,0
BRDA:467,56,1,0
BRDA:493,57,0,0
BRDA:493,57,1,0
BRDA:496,58,0,0
BRDA:496,58,1,0
BRDA:503,59,0,0
BRDA:503,59,1,0
BRDA:505,60,0,0
BRDA:505,60,1,0
BRDA:508,61,0,0
BRDA:508,61,1,0
BRDA:508,62,0,0
BRDA:508,62,1,0
BRDA:510,63,0,0
BRDA:510,63,1,0
BRDA:510,64,0,0
BRDA:510,64,1,0
BRDA:513,65,0,0
BRDA:513,65,1,0
BRDA:513,66,0,0
BRDA:513,66,1,0
BRDA:528,67,0,0
BRDA:528,67,1,0
BRDA:528,68,0,0
BRDA:528,68,1,0
BRDA:532,69,0,0
BRDA:532,69,1,0
BRDA:532,70,0,0
BRDA:532,70,1,0
BRDA:536,71,0,0
BRDA:536,71,1,0
BRDA:540,72,0,0
BRDA:540,72,1,0
BRDA:540,73,0,0
BRDA:540,73,1,0
BRF:149
BRH:0
end_of_record
TN:
SF:src/export/Exporter.js
FN:4,(anonymous_0)
FN:18,(anonymous_1)
FN:19,(anonymous_2)
FN:31,(anonymous_3)
FN:40,(anonymous_4)
FNF:5
FNH:0
FNDA:0,(anonymous_0)
FNDA:0,(anonymous_1)
FNDA:0,(anonymous_2)
FNDA:0,(anonymous_3)
FNDA:0,(anonymous_4)
DA:5,0
DA:6,0
DA:7,0
DA:8,0
DA:9,0
DA:19,0
DA:20,0
DA:21,0
DA:22,0
DA:32,0
DA:41,0
DA:46,0
LF:12
LH:0
BRF:0
BRH:0
end_of_record
TN:
SF:src/export/export.js
FN:9,(anonymous_0)
FN:24,(anonymous_1)
FN:72,(anonymous_2)
FN:73,(anonymous_3)
FN:75,(anonymous_4)
FN:84,(anonymous_5)
FN:92,(anonymous_6)
FN:97,(anonymous_7)
FN:105,(anonymous_8)
FN:112,(anonymous_9)
FN:141,(anonymous_10)
FN:148,(anonymous_11)
FN:150,(anonymous_12)
FN:156,(anonymous_13)
FN:161,(anonymous_14)
FN:168,(anonymous_15)
FN:170,(anonymous_16)
FN:200,(anonymous_17)
FN:204,(anonymous_18)
FN:214,(anonymous_19)
FN:221,(anonymous_20)
FN:221,(anonymous_21)
FN:221,(anonymous_22)
FN:225,(anonymous_23)
FNF:24
FNH:0
FNDA:0,(anonymous_0)
FNDA:0,(anonymous_1)
FNDA:0,(anonymous_2)
FNDA:0,(anonymous_3)
FNDA:0,(anonymous_4)
FNDA:0,(anonymous_5)
FNDA:0,(anonymous_6)
FNDA:0,(anonymous_7)
FNDA:0,(anonymous_8)
FNDA:0,(anonymous_9)
FNDA:0,(anonymous_10)
FNDA:0,(anonymous_11)
FNDA:0,(anonymous_12)
FNDA:0,(anonymous_13)
FNDA:0,(anonymous_14)
FNDA:0,(anonymous_15)
FNDA:0,(anonymous_16)
FNDA:0,(anonymous_17)
FNDA:0,(anonymous_18)
FNDA:0,(anonymous_19)
FNDA:0,(anonymous_20)
FNDA:0,(anonymous_21)
FNDA:0,(anonymous_22)
FNDA:0,(anonymous_23)
DA:3,0
DA:4,0
DA:5,0
DA:6,0
DA:7,0
DA:9,0
DA:10,0
DA:12,0
DA:24,0
DA:25,0
DA:26,0
DA:30,0
DA:35,0
DA:36,0
DA:40,0
DA:41,0
DA:42,0
DA:43,0
DA:47,0
DA:48,0
DA:49,0
DA:50,0
DA:53,0
DA:54,0
DA:58,0
DA:64,0
DA:67,0
DA:68,0
DA:72,0
DA:73,0
DA:74,0
DA:76,0
DA:78,0
DA:84,0
DA:85,0
DA:86,0
DA:88,0
DA:89,0
DA:91,0
DA:92,0
DA:93,0
DA:94,0
DA:97,0
DA:98,0
DA:99,0
DA:101,0
DA:102,0
DA:104,0
DA:106,0
DA:107,0
DA:111,0
DA:113,0
DA:115,0
DA:121,0
DA:123,0
DA:128,0
DA:129,0
DA:130,0
DA:133,0
DA:138,0
DA:141,0
DA:142,0
DA:143,0
DA:147,0
DA:149,0
DA:150,0
DA:152,0
DA:154,0
DA:156,0
DA:157,0
DA:159,0
DA:162,0
DA:163,0
DA:167,0
DA:168,0
DA:171,0
DA:172,0
DA:177,0
DA:178,0
DA:181,0
DA:185,0
DA:186,0
DA:190,0
DA:192,0
DA:196,0
DA:198,0
DA:200,0
DA:202,0
DA:203,0
DA:205,0
DA:207,0
DA:208,0
DA:209,0
DA:214,0
DA:215,0
DA:216,0
DA:217,0
DA:221,0
DA:223,0
DA:227,0
DA:232,0
LF:101
LH:0
BRDA:25,0,0,0
BRDA:25,0,1,0
BRDA:25,1,0,0
BRDA:25,1,1,0
BRDA:30,2,0,0
BRDA:30,2,1,0
BRDA:30,3,0,0
BRDA:30,3,1,0
BRDA:35,4,0,0
BRDA:35,4,1,0
BRDA:42,5,0,0
BRDA:42,5,1,0
BRDA:48,6,0,0
BRDA:48,6,1,0
BRDA:67,7,0,0
BRDA:67,7,1,0
BRDA:67,8,0,0
BRDA:67,8,1,0
BRDA:85,9,0,0
BRDA:85,9,1,0
BRDA:88,10,0,0
BRDA:88,10,1,0
BRDA:93,11,0,0
BRDA:93,11,1,0
BRDA:93,12,0,0
BRDA:93,12,1,0
BRDA:101,13,0,0
BRDA:101,13,1,0
BRDA:128,14,0,0
BRDA:128,14,1,0
BRDA:142,15,0,0
BRDA:142,15,1,0
BRDA:149,16,0,0
BRDA:149,16,1,0
BRDA:157,17,0,0
BRDA:157,17,1,0
BRDA:157,18,0,0
BRDA:157,18,1,0
BRDA:162,19,0,0
BRDA:162,19,1,0
BRDA:177,20,0,0
BRDA:177,20,1,0
BRDA:177,21,0,0
BRDA:177,21,1,0
BRDA:177,21,2,0
BRDA:190,22,0,0
BRDA:190,22,1,0
BRDA:190,23,0,0
BRDA:190,23,1,0
BRF:49
BRH:0
end_of_record
TN:
SF:src/export/index.js
FNF:0
FNH:0
DA:3,0
LF:1
LH:0
BRF:0
BRH:0
end_of_record
TN:
SF:src/export/exporters/CSVExporter.js
FN:12,(anonymous_0)
FN:12,(anonymous_1)
FN:32,(anonymous_2)
FN:51,(anonymous_3)
FN:62,(anonymous_4)
FN:70,(anonymous_5)
FN:71,(anonymous_6)
FN:84,(anonymous_7)
FN:85,(anonymous_8)
FN:97,(anonymous_9)
FN:98,(anonymous_10)
FN:113,(anonymous_11)
FN:119,(anonymous_12)
FN:128,(anonymous_13)
FN:149,(anonymous_14)
FN:171,(anonymous_15)
FN:175,(anonymous_16)
FN:184,(anonymous_17)
FN:195,(anonymous_18)
FN:197,(anonymous_19)
FN:201,(anonymous_20)
FN:217,(anonymous_21)
FN:247,(anonymous_22)
FN:249,(anonymous_23)
FN:259,(anonymous_24)
FN:284,(anonymous_25)
FN:316,(anonymous_26)
FN:324,(anonymous_27)
FN:339,(anonymous_28)
FN:350,(anonymous_29)
FN:355,(anonymous_30)
FN:364,(anonymous_31)
FN:372,(anonymous_32)
FN:388,(anonymous_33)
FN:435,(anonymous_34)
FN:437,(anonymous_35)
FN:450,(anonymous_36)
FN:474,(anonymous_37)
FN:476,(anonymous_38)
FN:477,(anonymous_39)
FN:493,(anonymous_40)
FN:497,(anonymous_41)
FN:499,(anonymous_42)
FN:540,(anonymous_43)
FN:548,(anonymous_44)
FN:571,(anonymous_45)
FN:584,(anonymous_46)
FN:589,(anonymous_47)
FN:593,(anonymous_48)
FNF:49
FNH:0
FNDA:0,(anonymous_0)
FNDA:0,(anonymous_1)
FNDA:0,(anonymous_2)
FNDA:0,(anonymous_3)
FNDA:0,(anonymous_4)
FNDA:0,(anonymous_5)
FNDA:0,(anonymous_6)
FNDA:0,(anonymous_7)
FNDA:0,(anonymous_8)
FNDA:0,(anonymous_9)
FNDA:0,(anonymous_10)
FNDA:0,(anonymous_11)
FNDA:0,(anonymous_12)
FNDA:0,(anonymous_13)
FNDA:0,(anonymous_14)
FNDA:0,(anonymous_15)
FNDA:0,(anonymous_16)
FNDA:0,(anonymous_17)
FNDA:0,(anonymous_18)
FNDA:0,(anonymous_19)
FNDA:0,(anonymous_20)
FNDA:0,(anonymous_21)
FNDA:0,(anonymous_22)
FNDA:0,(anonymous_23)
FNDA:0,(anonymous_24)
FNDA:0,(anonymous_25)
FNDA:0,(anonymous_26)
FNDA:0,(anonymous_27)
FNDA:0,(anonymous_28)
FNDA:0,(anonymous_29)
FNDA:0,(anonymous_30)
FNDA:0,(anonymous_31)
FNDA:0,(anonymous_32)
FNDA:0,(anonymous_33)
FNDA:0,(anonymous_34)
FNDA:0,(anonymous_35)
FNDA:0,(anonymous_36)
FNDA:0,(anonymous_37)
FNDA:0,(anonymous_38)
FNDA:0,(anonymous_39)
FNDA:0,(anonymous_40)
FNDA:0,(anonymous_41)
FNDA:0,(anonymous_42)
FNDA:0,(anonymous_43)
FNDA:0,(anonymous_44)
FNDA:0,(anonymous_45)
FNDA:0,(anonymous_46)
FNDA:0,(anonymous_47)
FNDA:0,(anonymous_48)
DA:3,0
DA:4,0
DA:5,0
DA:6,0
DA:7,0
DA:8,0
DA:9,0
DA:10,0
DA:12,0
DA:13,0
DA:14,0
DA:15,0
DA:18,0
DA:21,0
DA:33,0
DA:34,0
DA:35,0
DA:36,0
DA:37,0
DA:38,0
DA:42,0
DA:44,0
DA:46,0
DA:47,0
DA:49,0
DA:50,0
DA:51,0
DA:52,0
DA:53,0
DA:56,0
DA:57,0
DA:58,0
DA:61,0
DA:62,0
DA:63,0
DA:64,0
DA:66,0
DA:69,0
DA:70,0
DA:72,0
DA:73,0
DA:76,0
DA:80,0
DA:83,0
DA:84,0
DA:86,0
DA:87,0
DA:90,0
DA:93,0
DA:96,0
DA:97,0
DA:99,0
DA:100,0
DA:103,0
DA:106,0
DA:110,0
DA:112,0
DA:113,0
DA:114,0
DA:117,0
DA:118,0
DA:120,0
DA:121,0
DA:124,0
DA:125,0
DA:128,0
DA:129,0
DA:135,0
DA:136,0
DA:138,0
DA:144,0
DA:145,0
DA:148,0
DA:150,0
DA:151,0
DA:154,0
DA:155,0
DA:158,0
DA:162,0
DA:163,0
DA:164,0
DA:167,0
DA:170,0
DA:171,0
DA:172,0
DA:176,0
DA:177,0
DA:180,0
DA:181,0
DA:184,0
DA:185,0
DA:192,0
DA:194,0
DA:195,0
DA:197,0
DA:199,0
DA:200,0
DA:201,0
DA:202,0
DA:203,0
DA:205,0
DA:206,0
DA:207,0
DA:210,0
DA:214,0
DA:215,0
DA:216,0
DA:217,0
DA:218,0
DA:219,0
DA:220,0
DA:223,0
DA:225,0
DA:227,0
DA:229,0
DA:231,0
DA:235,0
DA:236,0
DA:237,0
DA:240,0
DA:242,0
DA:247,0
DA:248,0
DA:249,0
DA:250,0
DA:255,0
DA:258,0
DA:260,0
DA:261,0
DA:263,0
DA:269,0
DA:270,0
DA:271,0
DA:275,0
DA:276,0
DA:280,0
DA:281,0
DA:283,0
DA:286,0
DA:292,0
DA:294,0
DA:295,0
DA:298,0
DA:299,0
DA:302,0
DA:303,0
DA:304,0
DA:305,0
DA:306,0
DA:307,0
DA:310,0
DA:314,0
DA:315,0
DA:317,0
DA:321,0
DA:322,0
DA:323,0
DA:325,0
DA:326,0
DA:329,0
DA:330,0
DA:333,0
DA:337,0
DA:338,0
DA:340,0
DA:341,0
DA:344,0
DA:348,0
DA:349,0
DA:351,0
DA:352,0
DA:354,0
DA:356,0
DA:358,0
DA:359,0
DA:362,0
DA:364,0
DA:366,0
DA:370,0
DA:371,0
DA:373,0
DA:374,0
DA:377,0
DA:379,0
DA:385,0
DA:388,0
DA:389,0
DA:396,0
DA:397,0
DA:400,0
DA:401,0
DA:404,0
DA:405,0
DA:408,0
DA:409,0
DA:412,0
DA:413,0
DA:414,0
DA:416,0
DA:419,0
DA:422,0
DA:426,0
DA:436,0
DA:437,0
DA:439,0
DA:440,0
DA:444,0
DA:447,0
DA:450,0
DA:451,0
DA:452,0
DA:453,0
DA:456,0
DA:459,0
DA:462,0
DA:465,0
DA:475,0
DA:476,0
DA:477,0
DA:478,0
DA:481,0
DA:489,0
DA:492,0
DA:493,0
DA:498,0
DA:499,0
DA:500,0
DA:503,0
DA:504,0
DA:505,0
DA:506,0
DA:507,0
DA:508,0
DA:512,0
DA:514,0
DA:519,0
DA:520,0
DA:521,0
DA:525,0
DA:526,0
DA:527,0
DA:530,0
DA:531,0
DA:541,0
DA:542,0
DA:543,0
DA:544,0
DA:548,0
DA:550,0
DA:551,0
DA:552,0
DA:555,0
DA:558,0
DA:559,0
DA:561,0
DA:562,0
DA:565,0
DA:568,0
DA:572,0
DA:573,0
DA:576,0
DA:577,0
DA:580,0
DA:581,0
DA:582,0
DA:584,0
DA:585,0
DA:590,0
DA:594,0
DA:595,0
DA:596,0
DA:599,0
DA:603,0
LF:273
LH:0
BRDA:14,0,0,0
BRDA:14,0,1,0
BRDA:52,1,0,0
BRDA:52,1,1,0
BRDA:52,2,0,0
BRDA:52,2,1,0
BRDA:52,2,2,0
BRDA:61,3,0,0
BRDA:61,3,1,0
BRDA:62,4,0,0
BRDA:63,5,0,0
BRDA:63,5,1,0
BRDA:63,6,0,0
BRDA:63,6,1,0
BRDA:72,7,0,0
BRDA:72,7,1,0
BRDA:80,8,0,0
BRDA:80,8,1,0
BRDA:80,8,2,0
BRDA:80,8,3,0
BRDA:86,9,0,0
BRDA:86,9,1,0
BRDA:93,10,0,0
BRDA:93,10,1,0
BRDA:93,10,2,0
BRDA:93,10,3,0
BRDA:99,11,0,0
BRDA:99,11,1,0
BRDA:106,12,0,0
BRDA:106,12,1,0
BRDA:106,12,2,0
BRDA:106,12,3,0
BRDA:112,13,0,0
BRDA:112,13,1,0
BRDA:117,14,0,0
BRDA:117,14,1,0
BRDA:120,15,0,0
BRDA:120,15,1,0
BRDA:124,16,0,0
BRDA:124,16,1,0
BRDA:128,17,0,0
BRDA:128,17,1,0
BRDA:129,18,0,0
BRDA:129,18,1,0
BRDA:129,19,0,0
BRDA:129,19,1,0
BRDA:135,20,0,0
BRDA:135,20,1,0
BRDA:135,21,0,0
BRDA:135,21,1,0
BRDA:139,22,0,0
BRDA:139,22,1,0
BRDA:141,23,0,0
BRDA:141,23,1,0
BRDA:144,24,0,0
BRDA:144,24,1,0
BRDA:145,25,0,0
BRDA:145,25,1,0
BRDA:150,26,0,0
BRDA:150,26,1,0
BRDA:154,27,0,0
BRDA:154,27,1,0
BRDA:162,28,0,0
BRDA:162,28,1,0
BRDA:163,29,0,0
BRDA:163,29,1,0
BRDA:163,30,0,0
BRDA:163,30,1,0
BRDA:170,31,0,0
BRDA:170,31,1,0
BRDA:176,32,0,0
BRDA:176,32,1,0
BRDA:180,33,0,0
BRDA:180,33,1,0
BRDA:184,34,0,0
BRDA:184,34,1,0
BRDA:185,35,0,0
BRDA:185,35,1,0
BRDA:185,36,0,0
BRDA:185,36,1,0
BRDA:192,37,0,0
BRDA:192,37,1,0
BRDA:199,38,0,0
BRDA:199,38,1,0
BRDA:199,39,0,0
BRDA:199,39,1,0
BRDA:199,39,2,0
BRDA:202,40,0,0
BRDA:202,40,1,0
BRDA:206,41,0,0
BRDA:206,41,1,0
BRDA:214,42,0,0
BRDA:214,42,1,0
BRDA:215,43,0,0
BRDA:215,43,1,0
BRDA:229,44,0,0
BRDA:229,44,1,0
BRDA:237,45,0,0
BRDA:237,45,1,0
BRDA:248,46,0,0
BRDA:248,46,1,0
BRDA:248,47,0,0
BRDA:248,47,1,0
BRDA:249,48,0,0
BRDA:249,48,1,0
BRDA:250,49,0,0
BRDA:250,49,1,0
BRDA:250,50,0,0
BRDA:250,50,1,0
BRDA:260,51,0,0
BRDA:260,51,1,0
BRDA:263,52,0,0
BRDA:263,52,1,0
BRDA:269,53,0,0
BRDA:269,53,1,0
BRDA:270,54,0,0
BRDA:270,54,1,0
BRDA:270,55,0,0
BRDA:270,55,1,0
BRDA:275,56,0,0
BRDA:275,56,1,0
BRDA:275,57,0,0
BRDA:275,57,1,0
BRDA:280,58,0,0
BRDA:280,58,1,0
BRDA:286,59,0,0
BRDA:286,59,1,0
BRDA:287,60,0,0
BRDA:287,60,1,0
BRDA:287,60,2,0
BRDA:287,60,3,0
BRDA:294,61,0,0
BRDA:294,61,1,0
BRDA:294,62,0,0
BRDA:294,62,1,0
BRDA:298,63,0,0
BRDA:298,63,1,0
BRDA:298,64,0,0
BRDA:298,64,1,0
BRDA:299,65,0,0
BRDA:299,65,1,0
BRDA:302,66,0,0
BRDA:302,66,1,0
BRDA:303,67,0,0
BRDA:303,67,1,0
BRDA:304,68,0,0
BRDA:304,68,1,0
BRDA:314,69,0,0
BRDA:314,69,1,0
BRDA:317,70,0,0
BRDA:317,70,1,0
BRDA:321,71,0,0
BRDA:321,71,1,0
BRDA:321,72,0,0
BRDA:321,72,1,0
BRDA:325,73,0,0
BRDA:325,73,1,0
BRDA:329,74,0,0
BRDA:329,74,1,0
BRDA:337,75,0,0
BRDA:337,75,1,0
BRDA:340,76,0,0
BRDA:340,76,1,0
BRDA:341,77,0,0
BRDA:341,77,1,0
BRDA:348,78,0,0
BRDA:348,78,1,0
BRDA:351,79,0,0
BRDA:351,79,1,0
BRDA:351,80,0,0
BRDA:351,80,1,0
BRDA:356,81,0,0
BRDA:356,81,1,0
BRDA:356,81,2,0
BRDA:358,82,0,0
BRDA:358,82,1,0
BRDA:358,83,0,0
BRDA:358,83,1,0
BRDA:370,84,0,0
BRDA:370,84,1,0
BRDA:373,85,0,0
BRDA:373,85,1,0
BRDA:373,86,0,0
BRDA:373,86,1,0
BRDA:374,87,0,0
BRDA:374,87,1,0
BRDA:377,88,0,0
BRDA:377,88,1,0
BRDA:392,89,0,0
BRDA:392,89,1,0
BRDA:396,90,0,0
BRDA:396,90,1,0
BRDA:400,91,0,0
BRDA:400,91,1,0
BRDA:404,92,0,0
BRDA:404,92,1,0
BRDA:408,93,0,0
BRDA:408,93,1,0
BRDA:412,94,0,0
BRDA:412,94,1,0
BRDA:413,95,0,0
BRDA:413,95,1,0
BRDA:426,96,0,0
BRDA:426,96,1,0
BRDA:447,97,0,0
BRDA:447,97,1,0
BRDA:451,98,0,0
BRDA:451,98,1,0
BRDA:452,99,0,0
BRDA:452,99,1,0
BRDA:478,100,0,0
BRDA:478,100,1,0
BRDA:503,101,0,0
BRDA:503,101,1,0
BRDA:503,102,0,0
BRDA:503,102,1,0
BRDA:507,103,0,0
BRDA:507,103,1,0
BRDA:507,104,0,0
BRDA:507,104,1,0
BRDA:512,105,0,0
BRDA:512,105,1,0
BRDA:541,106,0,0
BRDA:541,106,1,0
BRDA:543,107,0,0
BRDA:543,107,1,0
BRDA:543,108,0,0
BRDA:543,108,1,0
BRDA:544,109,0,0
BRDA:544,109,1,0
BRDA:550,110,0,0
BRDA:550,110,1,0
BRDA:551,111,0,0
BRDA:551,111,1,0
BRDA:558,112,0,0
BRDA:558,112,1,0
BRDA:561,113,0,0
BRDA:561,113,1,0
BRDA:572,114,0,0
BRDA:572,114,1,0
BRDA:576,115,0,0
BRDA:576,115,1,0
BRDA:595,116,0,0
BRDA:595,116,1,0
BRDA:595,117,0,0
BRDA:595,117,1,0
BRF:246
BRH:0
end_of_record
TN:
SF:src/export/exporters/JSONExporter.js
FN:7,(anonymous_0)
FN:14,(anonymous_1)
FNF:2
FNH:0
FNDA:0,(anonymous_0)
FNDA:0,(anonymous_1)
DA:3,0
DA:4,0
DA:8,0
DA:10,0
DA:11,0
DA:15,0
DA:21,0
LF:7
LH:0
BRF:0
BRH:0
end_of_record
TN:
SF:src/middleware/accessHandler.js
FN:11,(anonymous_0)
FN:16,accessHandler
FN:31,(anonymous_2)
FN:55,(anonymous_3)
FN:73,(anonymous_4)
FN:74,(anonymous_5)
FN:75,(anonymous_6)
FNF:7
FNH:0
FNDA:0,(anonymous_0)
FNDA:0,accessHandler
FNDA:0,(anonymous_2)
FNDA:0,(anonymous_3)
FNDA:0,(anonymous_4)
FNDA:0,(anonymous_5)
FNDA:0,(anonymous_6)
DA:11,0
DA:12,0
DA:13,0
DA:14,0
DA:16,0
DA:18,0
DA:20,0
DA:21,0
DA:27,0
DA:28,0
DA:31,0
DA:32,0
DA:33,0
DA:38,0
DA:42,0
DA:44,0
DA:45,0
DA:51,0
DA:52,0
DA:55,0
DA:58,0
DA:61,0
DA:64,0
DA:68,0
DA:71,0
DA:73,0
DA:74,0
DA:75,0
DA:77,0
DA:81,0
DA:84,0
LF:31
LH:0
BRDA:27,0,0,0
BRDA:27,0,1,0
BRDA:32,1,0,0
BRDA:32,1,1,0
BRDA:51,2,0,0
BRDA:51,2,1,0
BRDA:71,3,0,0
BRDA:71,3,1,0
BRDA:74,4,0,0
BRDA:74,4,1,0
BRDA:75,5,0,0
BRDA:75,5,1,0
BRF:12
BRH:0
end_of_record
TN:
SF:src/middleware/addSubmissionResourceAccess.js
FN:9,(anonymous_0)
FN:10,(anonymous_1)
FN:25,(anonymous_2)
FN:31,(anonymous_3)
FN:36,addSubmissionResourceAccess
FN:49,(anonymous_5)
FN:70,(anonymous_6)
FNF:7
FNH:0
FNDA:0,(anonymous_0)
FNDA:0,(anonymous_1)
FNDA:0,(anonymous_2)
FNDA:0,(anonymous_3)
FNDA:0,addSubmissionResourceAccess
FNDA:0,(anonymous_5)
FNDA:0,(anonymous_6)
DA:3,0
DA:4,0
DA:9,0
DA:10,0
DA:11,0
DA:12,0
DA:15,0
DA:16,0
DA:19,0
DA:20,0
DA:23,0
DA:25,0
DA:26,0
DA:27,0
DA:30,0
DA:31,0
DA:36,0
DA:38,0
DA:39,0
DA:41,0
DA:42,0
DA:43,0
DA:44,0
DA:45,0
DA:49,0
DA:50,0
DA:51,0
DA:52,0
DA:60,0
DA:61,0
DA:62,0
DA:63,0
DA:66,0
DA:67,0
DA:70,0
DA:71,0
DA:72,0
DA:73,0
DA:76,0
DA:77,0
DA:78,0
DA:80,0
DA:83,0
DA:95,0
DA:98,0
LF:45
LH:0
BRDA:10,0,0,0
BRDA:11,1,0,0
BRDA:11,1,1,0
BRDA:15,2,0,0
BRDA:15,2,1,0
BRDA:19,3,0,0
BRDA:19,3,1,0
BRDA:26,4,0,0
BRDA:26,4,1,0
BRDA:26,5,0,0
BRDA:26,5,1,0
BRDA:30,6,0,0
BRDA:30,6,1,0
BRDA:38,7,0,0
BRDA:38,7,1,0
BRDA:38,8,0,0
BRDA:38,8,1,0
BRDA:38,8,2,0
BRDA:44,9,0,0
BRDA:44,9,1,0
BRDA:50,10,0,0
BRDA:50,10,1,0
BRDA:50,11,0,0
BRDA:50,11,1,0
BRDA:50,11,2,0
BRDA:50,11,3,0
BRDA:51,12,0,0
BRDA:51,12,1,0
BRDA:61,13,0,0
BRDA:61,13,1,0
BRDA:62,14,0,0
BRDA:62,14,1,0
BRDA:66,15,0,0
BRDA:66,15,1,0
BRDA:72,16,0,0
BRDA:72,16,1,0
BRDA:76,17,0,0
BRDA:76,17,1,0
BRDA:77,18,0,0
BRDA:77,18,1,0
BRF:40
BRH:0
end_of_record
TN:
SF:src/middleware/alias.js
FN:10,(anonymous_0)
FN:38,aliasHandler
FNF:2
FNH:0
FNDA:0,(anonymous_0)
FNDA:0,aliasHandler
DA:2,0
DA:3,0
DA:10,0
DA:12,0
DA:14,0
DA:34,0
DA:38,0
DA:40,0
DA:43,0
DA:44,0
DA:48,0
DA:49,0
DA:54,0
DA:55,0
DA:57,0
DA:58,0
DA:62,0
DA:65,0
DA:68,0
DA:69,0
DA:73,0
DA:74,0
DA:77,0
DA:78,0
LF:24
LH:0
BRDA:12,0,0,0
BRDA:12,0,1,0
BRDA:12,1,0,0
BRDA:12,1,1,0
BRDA:40,2,0,0
BRDA:40,2,1,0
BRDA:48,3,0,0
BRDA:48,3,1,0
BRDA:48,4,0,0
BRDA:48,4,1,0
BRDA:48,4,2,0
BRDA:48,4,3,0
BRDA:57,5,0,0
BRDA:57,5,1,0
BRDA:68,6,0,0
BRDA:68,6,1,0
BRDA:68,7,0,0
BRDA:68,7,1,0
BRF:18
BRH:0
end_of_record
TN:
SF:src/middleware/bootstrapEntityOwner.js
FN:13,(anonymous_0)
FN:14,bootstrapEntityOwner
FNF:2
FNH:0
FNDA:0,(anonymous_0)
FNDA:0,bootstrapEntityOwner
DA:4,0
DA:13,0
DA:14,0
DA:16,0
DA:19,0
DA:22,0
DA:23,0
DA:24,0
DA:25,0
DA:26,0
DA:30,0
DA:31,0
DA:35,0
DA:36,0
DA:40,0
DA:41,0
DA:42,0
DA:46,0
DA:47,0
LF:19
LH:0
BRDA:16,0,0,0
BRDA:16,0,1,0
BRDA:16,0,2,0
BRDA:25,1,0,0
BRDA:25,1,1,0
BRDA:25,2,0,0
BRDA:25,2,1,0
BRDA:25,2,2,0
BRDA:30,3,0,0
BRDA:30,3,1,0
BRDA:30,4,0,0
BRDA:30,4,1,0
BRDA:30,4,2,0
BRDA:35,5,0,0
BRDA:35,5,1,0
BRDA:35,6,0,0
BRDA:35,6,1,0
BRDA:35,6,2,0
BRDA:40,7,0,0
BRDA:40,7,1,0
BRDA:40,8,0,0
BRDA:40,8,1,0
BRF:22
BRH:0
end_of_record
TN:
SF:src/middleware/bootstrapFormAccess.js
FN:18,(anonymous_0)
FN:21,bootstrapFormAccess
FN:41,(anonymous_2)
FNF:3
FNH:0
FNDA:0,(anonymous_0)
FNDA:0,bootstrapFormAccess
FNDA:0,(anonymous_2)
DA:3,0
DA:4,0
DA:5,0
DA:6,0
DA:18,0
DA:19,0
DA:21,0
DA:23,0
DA:24,0
DA:28,0
DA:29,0
DA:33,0
DA:34,0
DA:36,0
DA:37,0
DA:41,0
DA:42,0
DA:46,0
DA:50,0
DA:53,0
DA:54,0
DA:58,0
DA:59,0
DA:62,0
DA:63,0
LF:25
LH:0
BRDA:23,0,0,0
BRDA:23,0,1,0
BRDA:23,1,0,0
BRDA:23,1,1,0
BRDA:23,1,2,0
BRDA:23,1,3,0
BRDA:28,2,0,0
BRDA:28,2,1,0
BRDA:28,3,0,0
BRDA:28,3,1,0
BRDA:36,4,0,0
BRDA:36,4,1,0
BRDA:36,5,0,0
BRDA:36,5,1,0
BRDA:53,6,0,0
BRDA:53,6,1,0
BRF:16
BRH:0
end_of_record
TN:
SF:src/middleware/bootstrapNewRoleAccess.js
FN:18,(anonymous_0)
FN:19,bootstrapNewRoleAccess
FN:34,(anonymous_2)
FN:44,(anonymous_3)
FN:79,(anonymous_4)
FN:83,(anonymous_5)
FNF:6
FNH:0
FNDA:0,(anonymous_0)
FNDA:0,bootstrapNewRoleAccess
FNDA:0,(anonymous_2)
FNDA:0,(anonymous_3)
FNDA:0,(anonymous_4)
FNDA:0,(anonymous_5)
DA:3,0
DA:4,0
DA:5,0
DA:18,0
DA:19,0
DA:20,0
DA:23,0
DA:24,0
DA:27,0
DA:34,0
DA:35,0
DA:38,0
DA:39,0
DA:40,0
DA:41,0
DA:44,0
DA:46,0
DA:47,0
DA:48,0
DA:49,0
DA:50,0
DA:51,0
DA:52,0
DA:53,0
DA:58,0
DA:59,0
DA:66,0
DA:72,0
DA:73,0
DA:77,0
DA:78,0
DA:79,0
DA:80,0
DA:83,0
DA:84,0
DA:85,0
DA:86,0
DA:89,0
LF:38
LH:0
BRDA:23,0,0,0
BRDA:23,0,1,0
BRDA:23,1,0,0
BRDA:23,1,1,0
BRDA:23,1,2,0
BRDA:23,1,3,0
BRDA:40,2,0,0
BRDA:40,2,1,0
BRDA:40,3,0,0
BRDA:40,3,1,0
BRDA:46,4,0,0
BRDA:46,4,1,0
BRDA:49,5,0,0
BRDA:49,5,1,0
BRDA:50,6,0,0
BRDA:50,6,1,0
BRDA:58,7,0,0
BRDA:58,7,1,0
BRDA:84,8,0,0
BRDA:84,8,1,0
BRF:20
BRH:0
end_of_record
TN:
SF:src/middleware/bootstrapSubmissionAccess.js
FN:5,(anonymous_0)
FN:6,bootstrapSubmissionAccess
FN:10,(anonymous_2)
FNF:3
FNH:0
FNDA:0,(anonymous_0)
FNDA:0,bootstrapSubmissionAccess
FNDA:0,(anonymous_2)
DA:3,0
DA:5,0
DA:6,0
DA:10,0
DA:12,0
DA:13,0
DA:17,0
DA:21,0
DA:22,0
DA:23,0
DA:24,0
DA:28,0
DA:29,0
DA:33,0
DA:34,0
DA:38,0
DA:39,0
DA:42,0
DA:43,0
DA:46,0
LF:20
LH:0
BRDA:12,0,0,0
BRDA:12,0,1,0
BRDA:23,1,0,0
BRDA:23,1,1,0
BRDA:23,2,0,0
BRDA:23,2,1,0
BRDA:28,3,0,0
BRDA:28,3,1,0
BRDA:33,4,0,0
BRDA:33,4,1,0
BRDA:38,5,0,0
BRDA:38,5,1,0
BRDA:38,6,0,0
BRDA:38,6,1,0
BRDA:42,7,0,0
BRDA:42,7,1,0
BRDA:42,8,0,0
BRDA:42,8,1,0
BRF:18
BRH:0
end_of_record
TN:
SF:src/middleware/condensePermissionTypes.js
FN:16,(anonymous_0)
FN:17,condensePermissionTypes
FN:38,(anonymous_2)
FN:39,(anonymous_3)
FN:54,(anonymous_4)
FN:77,(anonymous_5)
FN:78,(anonymous_6)
FN:96,(anonymous_7)
FNF:8
FNH:0
FNDA:0,(anonymous_0)
FNDA:0,condensePermissionTypes
FNDA:0,(anonymous_2)
FNDA:0,(anonymous_3)
FNDA:0,(anonymous_4)
FNDA:0,(anonymous_5)
FNDA:0,(anonymous_6)
FNDA:0,(anonymous_7)
DA:3,0
DA:4,0
DA:16,0
DA:17,0
DA:19,0
DA:20,0
DA:23,0
DA:24,0
DA:27,0
DA:33,0
DA:34,0
DA:37,0
DA:38,0
DA:39,0
DA:40,0
DA:41,0
DA:44,0
DA:47,0
DA:48,0
DA:49,0
DA:50,0
DA:54,0
DA:55,0
DA:62,0
DA:66,0
DA:72,0
DA:73,0
DA:76,0
DA:77,0
DA:78,0
DA:79,0
DA:80,0
DA:83,0
DA:86,0
DA:87,0
DA:88,0
DA:89,0
DA:90,0
DA:91,0
DA:96,0
DA:97,0
DA:101,0
DA:102,0
DA:104,0
DA:108,0
DA:111,0
LF:46
LH:0
BRDA:19,0,0,0
BRDA:19,0,1,0
BRDA:19,1,0,0
BRDA:19,1,1,0
BRDA:27,2,0,0
BRDA:27,2,1,0
BRDA:28,3,0,0
BRDA:28,3,1,0
BRDA:28,3,2,0
BRDA:28,3,3,0
BRDA:39,4,0,0
BRDA:39,4,1,0
BRDA:40,5,0,0
BRDA:40,5,1,0
BRDA:40,6,0,0
BRDA:40,6,1,0
BRDA:47,7,0,0
BRDA:47,7,1,0
BRDA:48,8,0,0
BRDA:48,8,1,0
BRDA:66,9,0,0
BRDA:66,9,1,0
BRDA:67,10,0,0
BRDA:67,10,1,0
BRDA:67,10,2,0
BRDA:67,10,3,0
BRDA:78,11,0,0
BRDA:78,11,1,0
BRDA:79,12,0,0
BRDA:79,12,1,0
BRDA:79,13,0,0
BRDA:79,13,1,0
BRDA:86,14,0,0
BRDA:86,14,1,0
BRDA:87,15,0,0
BRDA:87,15,1,0
BRDA:90,16,0,0
BRDA:90,16,1,0
BRDA:101,17,0,0
BRDA:101,17,1,0
BRF:40
BRH:0
end_of_record
TN:
SF:src/middleware/condenseSubmissionPermissionTypes.js
FN:11,(anonymous_0)
FN:12,condenseSubmissionPermissionTypes
FN:27,(anonymous_2)
FN:38,(anonymous_3)
FN:45,(anonymous_4)
FNF:5
FNH:0
FNDA:0,(anonymous_0)
FNDA:0,condenseSubmissionPermissionTypes
FNDA:0,(anonymous_2)
FNDA:0,(anonymous_3)
FNDA:0,(anonymous_4)
DA:3,0
DA:11,0
DA:12,0
DA:14,0
DA:15,0
DA:19,0
DA:20,0
DA:23,0
DA:24,0
DA:27,0
DA:28,0
DA:35,0
DA:38,0
DA:39,0
DA:45,0
DA:46,0
DA:55,0
DA:56,0
LF:18
LH:0
BRDA:14,0,0,0
BRDA:14,0,1,0
BRDA:14,1,0,0
BRDA:14,1,1,0
BRDA:19,2,0,0
BRDA:19,2,1,0
BRDA:28,3,0,0
BRDA:28,3,1,0
BRDA:29,4,0,0
BRDA:29,4,1,0
BRDA:29,4,2,0
BRDA:29,4,3,0
BRDA:35,5,0,0
BRDA:35,5,1,0
BRF:14
BRH:0
end_of_record
TN:
SF:src/middleware/configHandler.js
FN:10,(anonymous_0)
FN:16,(anonymous_1)
FN:24,(anonymous_2)
FN:34,configHandler
FNF:4
FNH:0
FNDA:0,(anonymous_0)
FNDA:0,(anonymous_1)
FNDA:0,(anonymous_2)
FNDA:0,configHandler
DA:2,0
DA:3,0
DA:10,0
DA:11,0
DA:12,0
DA:13,0
DA:15,0
DA:16,0
DA:17,0
DA:22,0
DA:23,0
DA:24,0
DA:25,0
DA:29,0
DA:30,0
DA:34,0
DA:35,0
LF:17
LH:0
BRDA:15,0,0,0
BRDA:15,0,1,0
BRDA:22,1,0,0
BRDA:22,1,1,0
BRF:4
BRH:0
end_of_record
TN:
SF:src/middleware/deleteActionHandler.js
FN:14,(anonymous_0)
FN:17,(anonymous_1)
FN:35,(anonymous_2)
FN:36,(anonymous_3)
FNF:4
FNH:0
FNDA:0,(anonymous_0)
FNDA:0,(anonymous_1)
FNDA:0,(anonymous_2)
FNDA:0,(anonymous_3)
DA:3,0
DA:4,0
DA:14,0
DA:15,0
DA:17,0
DA:18,0
DA:19,0
DA:23,0
DA:26,0
DA:30,0
DA:31,0
DA:34,0
DA:35,0
DA:37,0
DA:38,0
LF:15
LH:0
BRDA:18,0,0,0
BRDA:18,0,1,0
BRDA:26,1,0,0
BRDA:26,1,1,0
BRDA:30,2,0,0
BRDA:30,2,1,0
BRF:6
BRH:0
end_of_record
TN:
SF:src/middleware/deleteFormHandler.js
FN:13,(anonymous_0)
FN:16,(anonymous_1)
FN:22,(anonymous_2)
FN:23,(anonymous_3)
FNF:4
FNH:0
FNDA:0,(anonymous_0)
FNDA:0,(anonymous_1)
FNDA:0,(anonymous_2)
FNDA:0,(anonymous_3)
DA:3,0
DA:13,0
DA:14,0
DA:16,0
DA:17,0
DA:18,0
DA:21,0
DA:22,0
DA:24,0
DA:25,0
LF:10
LH:0
BRDA:17,0,0,0
BRDA:17,0,1,0
BRDA:17,1,0,0
BRDA:17,1,1,0
BRF:4
BRH:0
end_of_record
TN:
SF:src/middleware/deleteRoleHandler.js
FN:15,(anonymous_0)
FN:18,(anonymous_1)
FNF:2
FNH:0
FNDA:0,(anonymous_0)
FNDA:0,(anonymous_1)
DA:3,0
DA:4,0
DA:15,0
DA:16,0
DA:18,0
DA:20,0
DA:21,0
DA:25,0
DA:28,0
DA:32,0
DA:33,0
DA:36,0
DA:37,0
DA:41,0
DA:42,0
DA:43,0
DA:44,0
DA:48,0
DA:49,0
DA:52,0
DA:53,0
DA:54,0
DA:57,0
DA:58,0
DA:62,0
LF:25
LH:0
BRDA:20,0,0,0
BRDA:20,0,1,0
BRDA:28,1,0,0
BRDA:28,1,1,0
BRDA:32,2,0,0
BRDA:32,2,1,0
BRDA:36,3,0,0
BRDA:36,3,1,0
BRDA:43,4,0,0
BRDA:43,4,1,0
BRDA:48,5,0,0
BRDA:48,5,1,0
BRDA:48,6,0,0
BRDA:48,6,1,0
BRF:14
BRH:0
end_of_record
TN:
SF:src/middleware/deleteSubmissionHandler.js
FN:13,(anonymous_0)
FN:16,(anonymous_1)
FN:23,(anonymous_2)
FN:34,(anonymous_3)
FN:50,(anonymous_4)
FN:58,(anonymous_5)
FNF:6
FNH:0
FNDA:0,(anonymous_0)
FNDA:0,(anonymous_1)
FNDA:0,(anonymous_2)
FNDA:0,(anonymous_3)
FNDA:0,(anonymous_4)
FNDA:0,(anonymous_5)
DA:3,0
DA:13,0
DA:14,0
DA:16,0
DA:17,0
DA:18,0
DA:21,0
DA:22,0
DA:25,0
DA:26,0
DA:32,0
DA:35,0
DA:36,0
DA:39,0
DA:40,0
DA:41,0
DA:46,0
DA:49,0
DA:51,0
DA:56,0
DA:59,0
DA:60,0
LF:22
LH:0
BRDA:17,0,0,0
BRDA:17,0,1,0
BRDA:21,1,0,0
BRDA:21,1,1,0
BRDA:23,2,0,0
BRDA:39,3,0,0
BRDA:39,3,1,0
BRDA:40,4,0,0
BRDA:40,4,1,0
BRF:9
BRH:0
end_of_record
TN:
SF:src/middleware/filterIdCreate.js
FN:10,(anonymous_0)
FN:11,(anonymous_1)
FNF:2
FNH:0
FNDA:0,(anonymous_0)
FNDA:0,(anonymous_1)
DA:10,0
DA:11,0
DA:13,0
DA:14,0
DA:18,0
DA:19,0
LF:6
LH:0
BRDA:13,0,0,0
BRDA:13,0,1,0
BRF:2
BRH:0
end_of_record
TN:
SF:src/middleware/filterIndex.js
FN:11,(anonymous_0)
FN:11,(anonymous_1)
FN:11,(anonymous_2)
FN:23,(anonymous_3)
FN:30,(anonymous_4)
FN:31,(anonymous_5)
FNF:6
FNH:0
FNDA:0,(anonymous_0)
FNDA:0,(anonymous_1)
FNDA:0,(anonymous_2)
FNDA:0,(anonymous_3)
FNDA:0,(anonymous_4)
FNDA:0,(anonymous_5)
DA:11,0
DA:12,0
DA:18,0
DA:22,0
DA:23,0
DA:24,0
DA:26,0
DA:30,0
DA:31,0
DA:32,0
DA:36,0
LF:11
LH:0
BRDA:12,0,0,0
BRDA:12,0,1,0
BRDA:13,1,0,0
BRDA:13,1,1,0
BRDA:13,1,2,0
BRDA:13,1,3,0
BRDA:22,2,0,0
BRDA:22,2,1,0
BRF:8
BRH:0
end_of_record
TN:
SF:src/middleware/filterMongooseExists.js
FN:15,(anonymous_0)
FN:15,(anonymous_1)
FN:15,(anonymous_2)
FNF:3
FNH:0
FNDA:0,(anonymous_0)
FNDA:0,(anonymous_1)
FNDA:0,(anonymous_2)
DA:3,0
DA:15,0
DA:16,0
DA:17,0
DA:21,0
DA:23,0
DA:27,0
DA:29,0
DA:33,0
DA:36,0
DA:37,0
DA:38,0
DA:40,0
DA:41,0
DA:43,0
LF:15
LH:0
BRDA:16,0,0,0
BRDA:16,0,1,0
BRDA:16,1,0,0
BRDA:16,1,1,0
BRDA:16,1,2,0
BRDA:23,2,0,0
BRDA:23,2,1,0
BRDA:27,3,0,0
BRDA:27,3,1,0
BRDA:29,4,0,0
BRDA:29,4,1,0
BRDA:36,5,0,0
BRDA:36,5,1,0
BRDA:37,6,0,0
BRDA:37,6,1,0
BRDA:37,6,2,0
BRDA:37,6,3,0
BRDA:40,7,0,0
BRDA:40,7,1,0
BRDA:40,7,2,0
BRDA:40,7,3,0
BRF:21
BRH:0
end_of_record
TN:
SF:src/middleware/filterProtectedFields.js
FN:13,(anonymous_0)
FN:14,(anonymous_1)
FN:15,(anonymous_2)
FNF:3
FNH:0
FNDA:0,(anonymous_0)
FNDA:0,(anonymous_1)
FNDA:0,(anonymous_2)
DA:3,0
DA:4,0
DA:13,0
DA:14,0
DA:15,0
DA:16,0
DA:20,0
DA:22,0
DA:23,0
DA:24,0
DA:25,0
DA:28,0
LF:12
LH:0
BRDA:16,0,0,0
BRDA:16,0,1,0
BRDA:17,1,0,0
BRDA:17,1,1,0
BRDA:24,2,0,0
BRDA:24,2,1,0
BRF:6
BRH:0
end_of_record
TN:
SF:src/middleware/filterResourcejsResponse.js
FN:14,(anonymous_0)
FN:14,(anonymous_1)
FN:14,(anonymous_2)
FN:25,(anonymous_3)
FNF:4
FNH:0
FNDA:0,(anonymous_0)
FNDA:0,(anonymous_1)
FNDA:0,(anonymous_2)
FNDA:0,(anonymous_3)
DA:3,0
DA:4,0
DA:14,0
DA:15,0
DA:20,0
DA:24,0
DA:25,0
DA:27,0
DA:28,0
DA:31,0
DA:34,0
DA:36,0
LF:12
LH:0
BRDA:15,0,0,0
BRDA:15,0,1,0
BRDA:16,1,0,0
BRDA:16,1,1,0
BRDA:16,1,2,0
BRDA:27,2,0,0
BRDA:27,2,1,0
BRDA:34,3,0,0
BRDA:34,3,1,0
BRF:9
BRH:0
end_of_record
TN:
SF:src/middleware/formActionHandler.js
FN:9,(anonymous_0)
FN:10,(anonymous_1)
FN:11,formActionHandler
FN:12,(anonymous_3)
FNF:4
FNH:0
FNDA:0,(anonymous_0)
FNDA:0,(anonymous_1)
FNDA:0,formActionHandler
FNDA:0,(anonymous_3)
DA:9,0
DA:10,0
DA:11,0
DA:12,0
DA:13,0
DA:14,0
DA:18,0
DA:24,0
DA:27,0
DA:28,0
DA:37,0
DA:40,0
DA:44,0
LF:13
LH:0
BRDA:13,0,0,0
BRDA:13,0,1,0
BRDA:18,1,0,0
BRDA:18,1,1,0
BRDA:19,2,0,0
BRDA:19,2,1,0
BRDA:19,2,2,0
BRDA:19,2,3,0
BRDA:19,2,4,0
BRF:9
BRH:0
end_of_record
TN:
SF:src/middleware/formHandler.js
FN:9,(anonymous_0)
FN:13,formHandler
FN:30,(anonymous_2)
FNF:3
FNH:0
FNDA:0,(anonymous_0)
FNDA:0,formHandler
FNDA:0,(anonymous_2)
DA:9,0
DA:10,0
DA:11,0
DA:13,0
DA:14,0
DA:15,0
DA:16,0
DA:20,0
DA:21,0
DA:25,0
DA:27,0
DA:29,0
DA:30,0
DA:32,0
DA:33,0
DA:35,0
DA:36,0
DA:40,0
DA:41,0
DA:45,0
DA:46,0
DA:47,0
DA:48,0
DA:49,0
DA:50,0
DA:51,0
DA:53,0
LF:27
LH:0
BRDA:14,0,0,0
BRDA:14,0,1,0
BRDA:14,1,0,0
BRDA:14,1,1,0
BRDA:16,2,0,0
BRDA:16,2,1,0
BRDA:17,3,0,0
BRDA:17,3,1,0
BRDA:25,4,0,0
BRDA:25,4,1,0
BRDA:25,5,0,0
BRDA:25,5,1,0
BRDA:25,5,2,0
BRDA:32,6,0,0
BRDA:32,6,1,0
BRDA:35,7,0,0
BRDA:35,7,1,0
BRDA:35,8,0,0
BRDA:35,8,1,0
BRDA:40,9,0,0
BRDA:40,9,1,0
BRDA:46,10,0,0
BRDA:46,10,1,0
BRDA:48,11,0,0
BRDA:48,11,1,0
BRDA:48,11,2,0
BRDA:49,12,0,0
BRDA:49,12,1,0
BRDA:49,12,2,0
BRF:29
BRH:0
end_of_record
TN:
SF:src/middleware/formId.js
FN:8,(anonymous_0)
FN:8,(anonymous_1)
FNF:2
FNH:0
FNDA:0,(anonymous_0)
FNDA:0,(anonymous_1)
DA:8,0
DA:9,0
DA:10,0
DA:12,0
LF:4
LH:0
BRDA:9,0,0,0
BRDA:9,0,1,0
BRDA:9,1,0,0
BRDA:9,1,1,0
BRF:4
BRH:0
end_of_record
TN:
SF:src/middleware/formLoader.js
FN:12,(anonymous_0)
FN:14,formLoader
FNF:2
FNH:0
FNDA:0,(anonymous_0)
FNDA:0,formLoader
DA:2,0
DA:12,0
DA:13,0
DA:14,0
DA:15,0
DA:20,0
DA:23,0
DA:25,0
DA:30,0
DA:34,0
DA:36,0
DA:37,0
DA:38,0
DA:41,0
LF:14
LH:0
BRDA:15,0,0,0
BRDA:15,0,1,0
BRDA:16,1,0,0
BRDA:16,1,1,0
BRDA:16,1,2,0
BRDA:25,2,0,0
BRDA:25,2,1,0
BRDA:26,3,0,0
BRDA:26,3,1,0
BRDA:26,3,2,0
BRDA:36,4,0,0
BRDA:36,4,1,0
BRF:12
BRH:0
end_of_record
TN:
SF:src/middleware/formRevisionLoader.js
FN:12,(anonymous_0)
FN:15,(anonymous_1)
FNF:2
FNH:0
FNDA:0,(anonymous_0)
FNDA:0,(anonymous_1)
DA:12,0
DA:13,0
DA:15,0
DA:16,0
DA:18,0
DA:19,0
DA:25,0
DA:26,0
DA:27,0
DA:29,0
DA:32,0
DA:36,0
LF:12
LH:0
BRDA:16,0,0,0
BRDA:16,0,1,0
BRDA:16,1,0,0
BRDA:16,1,1,0
BRDA:16,1,2,0
BRDA:26,2,0,0
BRDA:26,2,1,0
BRF:7
BRH:0
end_of_record
TN:
SF:src/middleware/lastModifiedIndexHandler.js
FN:12,(anonymous_0)
FN:13,lastModifiedIndexHandler
FNF:2
FNH:0
FNDA:0,(anonymous_0)
FNDA:0,lastModifiedIndexHandler
DA:2,0
DA:12,0
DA:13,0
DA:14,0
DA:19,0
DA:22,0
DA:23,0
DA:24,0
DA:25,0
DA:27,0
DA:28,0
DA:29,0
DA:31,0
DA:54,0
DA:55,0
DA:57,0
DA:58,0
DA:62,0
DA:63,0
DA:66,0
LF:20
LH:0
BRDA:14,0,0,0
BRDA:14,0,1,0
BRDA:15,1,0,0
BRDA:15,1,1,0
BRDA:15,1,2,0
BRDA:23,2,0,0
BRDA:23,2,1,0
BRDA:24,3,0,0
BRDA:24,3,1,0
BRDA:24,4,0,0
BRDA:24,4,1,0
BRDA:28,5,0,0
BRDA:28,5,1,0
BRDA:54,6,0,0
BRDA:54,6,1,0
BRDA:57,7,0,0
BRDA:57,7,1,0
BRF:17
BRH:0
end_of_record
TN:
SF:src/middleware/loadPreviousSubmission.js
FN:3,(anonymous_0)
FN:3,(anonymous_1)
FNF:2
FNH:0
FNDA:0,(anonymous_0)
FNDA:0,(anonymous_1)
DA:3,0
DA:4,0
DA:5,0
DA:8,0
DA:9,0
DA:14,0
DA:15,0
DA:18,0
LF:8
LH:0
BRDA:4,0,0,0
BRDA:4,0,1,0
BRF:2
BRH:0
end_of_record
TN:
SF:src/middleware/middleware.js
FN:3,(anonymous_0)
FNF:1
FNH:0
FNDA:0,(anonymous_0)
DA:3,0
DA:4,0
LF:2
LH:0
BRF:0
BRH:0
end_of_record
TN:
SF:src/middleware/mongodbConnectionState.js
FN:11,(anonymous_0)
FN:11,(anonymous_1)
FN:11,(anonymous_2)
FNF:3
FNH:0
FNDA:0,(anonymous_0)
FNDA:0,(anonymous_1)
FNDA:0,(anonymous_2)
DA:11,0
DA:12,0
DA:19,0
DA:20,0
DA:21,0
DA:23,0
DA:24,0
DA:25,0
LF:8
LH:0
BRDA:19,0,0,0
BRDA:19,0,1,0
BRDA:19,1,0,0
BRDA:19,1,1,0
BRDA:24,2,0,0
BRDA:24,2,1,0
BRF:6
BRH:0
end_of_record
TN:
SF:src/middleware/ownerFilter.js
FN:11,(anonymous_0)
FN:12,ownerFilter
FNF:2
FNH:0
FNDA:0,(anonymous_0)
FNDA:0,ownerFilter
DA:3,0
DA:11,0
DA:12,0
DA:14,0
DA:15,0
DA:19,0
DA:20,0
DA:23,0
DA:24,0
DA:28,0
DA:31,0
DA:32,0
DA:40,0
DA:41,0
DA:43,0
DA:44,0
DA:45,0
LF:17
LH:0
BRDA:14,0,0,0
BRDA:14,0,1,0
BRDA:14,1,0,0
BRDA:14,1,1,0
BRDA:19,2,0,0
BRDA:19,2,1,0
BRDA:19,3,0,0
BRDA:19,3,1,0
BRDA:23,4,0,0
BRDA:23,4,1,0
BRDA:23,5,0,0
BRDA:23,5,1,0
BRDA:31,6,0,0
BRDA:31,6,1,0
BRDA:40,7,0,0
BRDA:40,7,1,0
BRDA:40,7,2,0
BRDA:43,8,0,0
BRDA:43,8,1,0
BRDA:43,8,2,0
BRF:20
BRH:0
end_of_record
TN:
SF:src/middleware/params.js
FN:7,(anonymous_0)
FN:10,(anonymous_1)
FNF:2
FNH:0
FNDA:0,(anonymous_0)
FNDA:0,(anonymous_1)
DA:3,0
DA:5,0
DA:7,0
DA:8,0
DA:10,0
DA:12,0
DA:15,0
DA:20,0
DA:25,0
DA:30,0
DA:31,0
DA:35,0
DA:36,0
DA:37,0
DA:38,0
DA:40,0
LF:16
LH:0
BRDA:15,0,0,0
BRDA:15,0,1,0
BRDA:15,1,0,0
BRDA:15,1,1,0
BRDA:20,2,0,0
BRDA:20,2,1,0
BRDA:20,3,0,0
BRDA:20,3,1,0
BRDA:25,4,0,0
BRDA:25,4,1,0
BRDA:25,5,0,0
BRDA:25,5,1,0
BRDA:30,6,0,0
BRDA:30,6,1,0
BRDA:30,7,0,0
BRDA:30,7,1,0
BRDA:30,7,2,0
BRF:17
BRH:0
end_of_record
TN:
SF:src/middleware/permissionHandler.js
FN:8,(anonymous_0)
FN:23,(anonymous_1)
FN:32,(anonymous_2)
FN:50,(anonymous_3)
FN:59,(anonymous_4)
FN:68,(anonymous_5)
FN:77,(anonymous_6)
FN:82,(anonymous_7)
FN:93,(anonymous_8)
FN:102,(anonymous_9)
FN:117,(anonymous_10)
FN:125,(anonymous_11)
FN:146,(anonymous_12)
FN:163,(anonymous_13)
FN:165,(anonymous_14)
FN:175,(anonymous_15)
FN:180,(anonymous_16)
FN:182,(anonymous_17)
FN:184,(anonymous_18)
FN:208,(anonymous_19)
FN:234,(anonymous_20)
FN:235,(anonymous_21)
FN:253,(anonymous_22)
FN:254,(anonymous_23)
FN:259,(anonymous_24)
FN:259,(anonymous_25)
FN:260,(anonymous_26)
FN:264,(anonymous_27)
FN:290,(anonymous_28)
FN:294,getFormAccess
FN:321,(anonymous_30)
FN:325,(anonymous_31)
FN:334,(anonymous_32)
FN:344,(anonymous_33)
FN:375,getAccessRoles
FN:380,(anonymous_35)
FN:422,setSubmissionFieldMatchAccessToRequest
FN:437,flagIndexRequestAsSubmissionFieldMatchAccess
FN:438,(anonymous_38)
FN:444,(anonymous_39)
FN:448,(anonymous_40)
FN:449,(anonymous_41)
FN:458,getSubmissionAccess
FN:500,flagRequestAsSubmissionResourceAccess
FN:522,(anonymous_44)
FN:530,(anonymous_45)
FN:555,(anonymous_46)
FN:613,(anonymous_47)
FN:696,permissionHandler
FN:708,(anonymous_49)
FN:728,(anonymous_50)
FNF:51
FNH:0
FNDA:0,(anonymous_0)
FNDA:0,(anonymous_1)
FNDA:0,(anonymous_2)
FNDA:0,(anonymous_3)
FNDA:0,(anonymous_4)
FNDA:0,(anonymous_5)
FNDA:0,(anonymous_6)
FNDA:0,(anonymous_7)
FNDA:0,(anonymous_8)
FNDA:0,(anonymous_9)
FNDA:0,(anonymous_10)
FNDA:0,(anonymous_11)
FNDA:0,(anonymous_12)
FNDA:0,(anonymous_13)
FNDA:0,(anonymous_14)
FNDA:0,(anonymous_15)
FNDA:0,(anonymous_16)
FNDA:0,(anonymous_17)
FNDA:0,(anonymous_18)
FNDA:0,(anonymous_19)
FNDA:0,(anonymous_20)
FNDA:0,(anonymous_21)
FNDA:0,(anonymous_22)
FNDA:0,(anonymous_23)
FNDA:0,(anonymous_24)
FNDA:0,(anonymous_25)
FNDA:0,(anonymous_26)
FNDA:0,(anonymous_27)
FNDA:0,(anonymous_28)
FNDA:0,getFormAccess
FNDA:0,(anonymous_30)
FNDA:0,(anonymous_31)
FNDA:0,(anonymous_32)
FNDA:0,(anonymous_33)
FNDA:0,getAccessRoles
FNDA:0,(anonymous_35)
FNDA:0,setSubmissionFieldMatchAccessToRequest
FNDA:0,flagIndexRequestAsSubmissionFieldMatchAccess
FNDA:0,(anonymous_38)
FNDA:0,(anonymous_39)
FNDA:0,(anonymous_40)
FNDA:0,(anonymous_41)
FNDA:0,getSubmissionAccess
FNDA:0,flagRequestAsSubmissionResourceAccess
FNDA:0,(anonymous_44)
FNDA:0,(anonymous_45)
FNDA:0,(anonymous_46)
FNDA:0,(anonymous_47)
FNDA:0,permissionHandler
FNDA:0,(anonymous_49)
FNDA:0,(anonymous_50)
DA:3,0
DA:4,0
DA:5,0
DA:6,0
DA:8,0
DA:9,0
DA:23,0
DA:24,0
DA:25,0
DA:27,0
DA:28,0
DA:32,0
DA:34,0
DA:35,0
DA:39,0
DA:42,0
DA:43,0
DA:44,0
DA:45,0
DA:46,0
DA:49,0
DA:50,0
DA:51,0
DA:54,0
DA:55,0
DA:58,0
DA:59,0
DA:60,0
DA:63,0
DA:64,0
DA:67,0
DA:68,0
DA:69,0
DA:72,0
DA:73,0
DA:76,0
DA:77,0
DA:78,0
DA:81,0
DA:82,0
DA:83,0
DA:84,0
DA:85,0
DA:88,0
DA:89,0
DA:92,0
DA:93,0
DA:94,0
DA:95,0
DA:96,0
DA:97,0
DA:101,0
DA:104,0
DA:105,0
DA:106,0
DA:107,0
DA:109,0
DA:116,0
DA:117,0
DA:118,0
DA:125,0
DA:126,0
DA:127,0
DA:130,0
DA:131,0
DA:134,0
DA:137,0
DA:146,0
DA:147,0
DA:149,0
DA:151,0
DA:153,0
DA:155,0
DA:157,0
DA:159,0
DA:163,0
DA:164,0
DA:165,0
DA:166,0
DA:167,0
DA:168,0
DA:175,0
DA:176,0
DA:177,0
DA:180,0
DA:182,0
DA:183,0
DA:184,0
DA:187,0
DA:188,0
DA:189,0
DA:190,0
DA:191,0
DA:208,0
DA:209,0
DA:210,0
DA:214,0
DA:215,0
DA:217,0
DA:218,0
DA:221,0
DA:222,0
DA:225,0
DA:228,0
DA:229,0
DA:234,0
DA:235,0
DA:236,0
DA:237,0
DA:238,0
DA:246,0
DA:247,0
DA:248,0
DA:249,0
DA:252,0
DA:253,0
DA:254,0
DA:259,0
DA:260,0
DA:262,0
DA:264,0
DA:276,0
DA:291,0
DA:292,0
DA:295,0
DA:296,0
DA:297,0
DA:300,0
DA:301,0
DA:302,0
DA:306,0
DA:307,0
DA:308,0
DA:312,0
DA:315,0
DA:317,0
DA:321,0
DA:323,0
DA:325,0
DA:327,0
DA:333,0
DA:334,0
DA:336,0
DA:340,0
DA:341,0
DA:344,0
DA:346,0
DA:350,0
DA:351,0
DA:358,0
DA:359,0
DA:362,0
DA:363,0
DA:366,0
DA:367,0
DA:371,0
DA:377,0
DA:380,0
DA:381,0
DA:382,0
DA:383,0
DA:385,0
DA:386,0
DA:388,0
DA:391,0
DA:392,0
DA:396,0
DA:399,0
DA:400,0
DA:401,0
DA:408,0
DA:409,0
DA:412,0
DA:413,0
DA:417,0
DA:418,0
DA:423,0
DA:424,0
DA:426,0
DA:427,0
DA:428,0
DA:431,0
DA:432,0
DA:438,0
DA:439,0
DA:440,0
DA:443,0
DA:444,0
DA:445,0
DA:446,0
DA:448,0
DA:449,0
DA:452,0
DA:454,0
DA:459,0
DA:462,0
DA:464,0
DA:465,0
DA:468,0
DA:469,0
DA:471,0
DA:472,0
DA:473,0
DA:474,0
DA:479,0
DA:484,0
DA:486,0
DA:489,0
DA:491,0
DA:494,0
DA:495,0
DA:501,0
DA:502,0
DA:505,0
DA:506,0
DA:510,0
DA:511,0
DA:512,0
DA:516,0
DA:517,0
DA:518,0
DA:522,0
DA:523,0
DA:524,0
DA:525,0
DA:526,0
DA:531,0
DA:532,0
DA:535,0
DA:556,0
DA:557,0
DA:559,0
DA:561,0
DA:564,0
DA:574,0
DA:575,0
DA:576,0
DA:583,0
DA:584,0
DA:585,0
DA:587,0
DA:591,0
DA:592,0
DA:593,0
DA:594,0
DA:598,0
DA:602,0
DA:603,0
DA:604,0
DA:608,0
DA:609,0
DA:613,0
DA:614,0
DA:622,0
DA:623,0
DA:624,0
DA:625,0
DA:626,0
DA:627,0
DA:628,0
DA:631,0
DA:638,0
DA:642,0
DA:643,0
DA:644,0
DA:649,0
DA:652,0
DA:653,0
DA:658,0
DA:661,0
DA:662,0
DA:663,0
DA:667,0
DA:669,0
DA:670,0
DA:674,0
DA:675,0
DA:679,0
DA:696,0
DA:698,0
DA:699,0
DA:701,0
DA:704,0
DA:705,0
DA:706,0
DA:707,0
DA:708,0
DA:709,0
DA:710,0
DA:713,0
DA:718,0
DA:719,0
DA:723,0
DA:724,0
DA:728,0
DA:729,0
DA:730,0
DA:731,0
DA:734,0
DA:738,0
DA:739,0
DA:740,0
DA:745,0
DA:746,0
DA:751,0
DA:752,0
DA:759,0
DA:762,0
DA:763,0
DA:767,0
DA:768,0
DA:774,0
DA:775,0
DA:776,0
DA:780,0
DA:781,0
DA:782,0
DA:784,0
LF:318
LH:0
BRDA:24,0,0,0
BRDA:24,0,1,0
BRDA:24,1,0,0
BRDA:24,1,1,0
BRDA:27,2,0,0
BRDA:27,2,1,0
BRDA:34,3,0,0
BRDA:34,3,1,0
BRDA:34,4,0,0
BRDA:34,4,1,0
BRDA:42,5,0,0
BRDA:42,5,1,0
BRDA:43,6,0,0
BRDA:43,6,1,0
BRDA:44,7,0,0
BRDA:44,7,1,0
BRDA:45,8,0,0
BRDA:45,8,1,0
BRDA:46,9,0,0
BRDA:46,9,1,0
BRDA:49,10,0,0
BRDA:49,10,1,0
BRDA:54,11,0,0
BRDA:54,11,1,0
BRDA:58,12,0,0
BRDA:58,12,1,0
BRDA:63,13,0,0
BRDA:63,13,1,0
BRDA:67,14,0,0
BRDA:67,14,1,0
BRDA:72,15,0,0
BRDA:72,15,1,0
BRDA:76,16,0,0
BRDA:76,16,1,0
BRDA:81,17,0,0
BRDA:81,17,1,0
BRDA:88,18,0,0
BRDA:88,18,1,0
BRDA:92,19,0,0
BRDA:92,19,1,0
BRDA:116,20,0,0
BRDA:116,20,1,0
BRDA:126,21,0,0
BRDA:126,21,1,0
BRDA:126,22,0,0
BRDA:126,22,1,0
BRDA:130,23,0,0
BRDA:130,23,1,0
BRDA:130,24,0,0
BRDA:130,24,1,0
BRDA:147,25,0,0
BRDA:147,25,1,0
BRDA:147,25,2,0
BRDA:147,25,3,0
BRDA:147,25,4,0
BRDA:147,25,5,0
BRDA:159,26,0,0
BRDA:159,26,1,0
BRDA:164,27,0,0
BRDA:164,27,1,0
BRDA:166,28,0,0
BRDA:166,28,1,0
BRDA:176,29,0,0
BRDA:176,29,1,0
BRDA:187,30,0,0
BRDA:187,30,1,0
BRDA:190,31,0,0
BRDA:190,31,1,0
BRDA:209,32,0,0
BRDA:209,32,1,0
BRDA:209,33,0,0
BRDA:209,33,1,0
BRDA:209,33,2,0
BRDA:209,33,3,0
BRDA:217,34,0,0
BRDA:217,34,1,0
BRDA:221,35,0,0
BRDA:221,35,1,0
BRDA:221,36,0,0
BRDA:221,36,1,0
BRDA:236,37,0,0
BRDA:236,37,1,0
BRDA:236,38,0,0
BRDA:236,38,1,0
BRDA:236,38,2,0
BRDA:236,38,3,0
BRDA:237,39,0,0
BRDA:237,39,1,0
BRDA:247,40,0,0
BRDA:247,40,1,0
BRDA:248,41,0,0
BRDA:248,41,1,0
BRDA:256,42,0,0
BRDA:256,42,1,0
BRDA:259,43,0,0
BRDA:259,43,1,0
BRDA:262,44,0,0
BRDA:262,44,1,0
BRDA:263,45,0,0
BRDA:263,45,1,0
BRDA:295,46,0,0
BRDA:295,46,1,0
BRDA:296,47,0,0
BRDA:296,47,1,0
BRDA:297,48,0,0
BRDA:297,48,1,0
BRDA:300,49,0,0
BRDA:300,49,1,0
BRDA:307,50,0,0
BRDA:307,50,1,0
BRDA:315,51,0,0
BRDA:315,51,1,0
BRDA:317,52,0,0
BRDA:317,52,1,0
BRDA:323,53,0,0
BRDA:323,53,1,0
BRDA:333,54,0,0
BRDA:333,54,1,0
BRDA:336,55,0,0
BRDA:336,55,1,0
BRDA:340,56,0,0
BRDA:340,56,1,0
BRDA:341,57,0,0
BRDA:341,57,1,0
BRDA:350,58,0,0
BRDA:350,58,1,0
BRDA:358,59,0,0
BRDA:358,59,1,0
BRDA:362,60,0,0
BRDA:362,60,1,0
BRDA:366,61,0,0
BRDA:366,61,1,0
BRDA:366,62,0,0
BRDA:366,62,1,0
BRDA:380,63,0,0
BRDA:380,63,1,0
BRDA:380,64,0,0
BRDA:380,64,1,0
BRDA:382,65,0,0
BRDA:382,65,1,0
BRDA:385,66,0,0
BRDA:385,66,1,0
BRDA:391,67,0,0
BRDA:391,67,1,0
BRDA:399,68,0,0
BRDA:399,68,1,0
BRDA:401,69,0,0
BRDA:401,69,1,0
BRDA:408,70,0,0
BRDA:408,70,1,0
BRDA:408,71,0,0
BRDA:408,71,1,0
BRDA:423,72,0,0
BRDA:423,72,1,0
BRDA:427,73,0,0
BRDA:427,73,1,0
BRDA:431,74,0,0
BRDA:431,74,1,0
BRDA:431,75,0,0
BRDA:431,75,1,0
BRDA:438,76,0,0
BRDA:438,76,1,0
BRDA:438,76,2,0
BRDA:439,77,0,0
BRDA:439,77,1,0
BRDA:443,78,0,0
BRDA:443,78,1,0
BRDA:443,79,0,0
BRDA:443,79,1,0
BRDA:445,80,0,0
BRDA:445,80,1,0
BRDA:459,81,0,0
BRDA:459,81,1,0
BRDA:462,82,0,0
BRDA:462,82,1,0
BRDA:471,83,0,0
BRDA:471,83,1,0
BRDA:479,84,0,0
BRDA:479,84,1,0
BRDA:484,85,0,0
BRDA:484,85,1,0
BRDA:484,86,0,0
BRDA:484,86,1,0
BRDA:501,87,0,0
BRDA:501,87,1,0
BRDA:505,88,0,0
BRDA:505,88,1,0
BRDA:505,89,0,0
BRDA:505,89,1,0
BRDA:511,90,0,0
BRDA:511,90,1,0
BRDA:517,91,0,0
BRDA:517,91,1,0
BRDA:523,92,0,0
BRDA:523,92,1,0
BRDA:523,93,0,0
BRDA:523,93,1,0
BRDA:531,94,0,0
BRDA:531,94,1,0
BRDA:557,95,0,0
BRDA:557,95,1,0
BRDA:575,96,0,0
BRDA:575,96,1,0
BRDA:575,97,0,0
BRDA:575,97,1,0
BRDA:583,98,0,0
BRDA:583,98,1,0
BRDA:584,99,0,0
BRDA:584,99,1,0
BRDA:591,100,0,0
BRDA:591,100,1,0
BRDA:592,101,0,0
BRDA:592,101,1,0
BRDA:592,102,0,0
BRDA:592,102,1,0
BRDA:598,103,0,0
BRDA:598,103,1,0
BRDA:602,104,0,0
BRDA:602,104,1,0
BRDA:608,105,0,0
BRDA:608,105,1,0
BRDA:608,106,0,0
BRDA:608,106,1,0
BRDA:614,107,0,0
BRDA:614,107,1,0
BRDA:614,107,2,0
BRDA:614,107,3,0
BRDA:622,108,0,0
BRDA:622,108,1,0
BRDA:623,109,0,0
BRDA:623,109,1,0
BRDA:623,109,2,0
BRDA:624,110,0,0
BRDA:624,110,1,0
BRDA:624,110,2,0
BRDA:625,111,0,0
BRDA:625,111,1,0
BRDA:625,111,2,0
BRDA:631,112,0,0
BRDA:631,112,1,0
BRDA:632,113,0,0
BRDA:632,113,1,0
BRDA:632,113,2,0
BRDA:632,113,3,0
BRDA:632,113,4,0
BRDA:632,113,5,0
BRDA:642,114,0,0
BRDA:642,114,1,0
BRDA:643,115,0,0
BRDA:643,115,1,0
BRDA:644,116,0,0
BRDA:644,116,1,0
BRDA:645,117,0,0
BRDA:645,117,1,0
BRDA:645,117,2,0
BRDA:652,118,0,0
BRDA:652,118,1,0
BRDA:652,119,0,0
BRDA:652,119,1,0
BRDA:667,120,0,0
BRDA:667,120,1,0
BRDA:667,121,0,0
BRDA:667,121,1,0
BRDA:667,121,2,0
BRDA:667,121,3,0
BRDA:674,122,0,0
BRDA:674,122,1,0
BRDA:674,123,0,0
BRDA:674,123,1,0
BRDA:674,123,2,0
BRDA:674,123,3,0
BRDA:674,123,4,0
BRDA:698,124,0,0
BRDA:698,124,1,0
BRDA:705,125,0,0
BRDA:705,125,1,0
BRDA:709,126,0,0
BRDA:709,126,1,0
BRDA:709,127,0,0
BRDA:709,127,1,0
BRDA:718,128,0,0
BRDA:718,128,1,0
BRDA:723,129,0,0
BRDA:723,129,1,0
BRDA:729,130,0,0
BRDA:729,130,1,0
BRDA:730,131,0,0
BRDA:730,131,1,0
BRDA:731,132,0,0
BRDA:731,132,1,0
[...]
BRDA:528,60,0,0
BRDA:528,60,1,0
BRDA:532,61,0,0
BRDA:532,61,1,0
BRDA:532,61,2,0
BRDA:532,61,3,0
BRDA:539,62,0,0
BRDA:539,62,1,0
BRDA:541,63,0,0
BRDA:541,63,1,0
BRDA:541,64,0,0
BRDA:541,64,1,0
BRDA:551,65,0,0
BRDA:551,65,1,0
BRDA:551,66,0,0
BRDA:551,66,1,0
BRDA:553,67,0,0
BRDA:553,67,1,0
BRDA:553,68,0,0
BRDA:553,68,1,0
BRDA:564,69,0,0
BRDA:564,69,1,0
BRF:150
BRH:0
end_of_record
TN:
SF:src/util/encrypt.js
FN:4,(anonymous_0)
FN:5,(anonymous_1)
FN:10,(anonymous_2)
FNF:3
FNH:0
FNDA:0,(anonymous_0)
FNDA:0,(anonymous_1)
FNDA:0,(anonymous_2)
DA:3,0
DA:4,0
DA:5,0
DA:6,0
DA:7,0
DA:10,0
DA:11,0
DA:12,0
DA:15,0
LF:9
LH:0
BRDA:6,0,0,0
BRDA:6,0,1,0
BRDA:11,1,0,0
BRDA:11,1,1,0
BRF:4
BRH:0
end_of_record
TN:
SF:src/util/error-codes.js
FNF:0
FNH:0
DA:3,0
LF:1
LH:0
BRF:0
BRH:0
end_of_record
TN:
SF:src/util/hook.js
FN:3,(anonymous_0)
FN:5,(anonymous_1)
FN:14,(anonymous_2)
FN:26,(anonymous_3)
FNF:4
FNH:0
FNDA:0,(anonymous_0)
FNDA:0,(anonymous_1)
FNDA:0,(anonymous_2)
FNDA:0,(anonymous_3)
DA:3,0
DA:4,0
DA:6,0
DA:7,0
DA:8,0
DA:12,0
DA:15,0
DA:16,0
DA:21,0
DA:22,0
DA:24,0
DA:27,0
DA:28,0
DA:29,0
DA:34,0
DA:38,0
DA:39,0
DA:42,0
LF:18
LH:0
BRDA:6,0,0,0
BRDA:6,0,1,0
BRDA:6,0,2,0
BRDA:7,1,0,0
BRDA:7,1,1,0
BRDA:7,2,0,0
BRDA:7,2,1,0
BRDA:16,3,0,0
BRDA:16,3,1,0
BRDA:17,4,0,0
BRDA:17,4,1,0
BRDA:17,4,2,0
BRDA:22,5,0,0
BRDA:22,5,1,0
BRDA:28,6,0,0
BRDA:28,6,1,0
BRDA:29,7,0,0
BRDA:29,7,1,0
BRDA:30,8,0,0
BRDA:30,8,1,0
BRDA:30,8,2,0
BRDA:38,9,0,0
BRDA:38,9,1,0
BRF:23
BRH:0
end_of_record
TN:
SF:src/util/staticVmDependencies.js
FNF:0
FNH:0
DA:2,0
DA:3,0
DA:5,0
DA:6,0
DA:7,0
DA:8,0
DA:9,0
DA:10,0
DA:12,0
LF:9
LH:0
BRF:0
BRH:0
end_of_record
TN:
SF:src/util/swagger.js
FN:9,(anonymous_0)
FN:17,(anonymous_1)
FN:22,(anonymous_2)
FN:109,(anonymous_3)
FN:116,(anonymous_4)
FN:202,(anonymous_5)
FN:242,(anonymous_6)
FN:275,(anonymous_7)
FN:331,(anonymous_8)
FNF:9
FNH:0
FNDA:0,(anonymous_0)
FNDA:0,(anonymous_1)
FNDA:0,(anonymous_2)
FNDA:0,(anonymous_3)
FNDA:0,(anonymous_4)
FNDA:0,(anonymous_5)
FNDA:0,(anonymous_6)
FNDA:0,(anonymous_7)
FNDA:0,(anonymous_8)
DA:3,0
DA:4,0
DA:5,0
DA:9,0
DA:10,0
DA:17,0
DA:18,0
DA:22,0
DA:23,0
DA:109,0
DA:110,0
DA:111,0
DA:116,0
DA:117,0
DA:119,0
DA:127,0
DA:130,0
DA:132,0
DA:136,0
DA:138,0
DA:142,0
DA:144,0
DA:147,0
DA:148,0
DA:150,0
DA:153,0
DA:155,0
DA:161,0
DA:163,0
DA:167,0
DA:170,0
DA:172,0
DA:175,0
DA:177,0
DA:178,0
DA:180,0
DA:184,0
DA:185,0
DA:186,0
DA:191,0
DA:193,0
DA:194,0
DA:199,0
DA:202,0
DA:204,0
DA:205,0
DA:206,0
DA:218,0
DA:219,0
DA:220,0
DA:223,0
DA:227,0
DA:228,0
DA:229,0
DA:232,0
DA:234,0
DA:242,0
DA:244,0
DA:245,0
DA:246,0
DA:248,0
DA:249,0
DA:251,0
DA:252,0
DA:257,0
DA:258,0
DA:261,0
DA:262,0
DA:264,0
DA:265,0
DA:267,0
DA:268,0
DA:272,0
DA:273,0
DA:275,0
DA:276,0
DA:277,0
DA:281,0
DA:315,0
DA:319,0
DA:320,0
DA:321,0
DA:322,0
DA:323,0
DA:326,0
DA:330,0
DA:331,0
DA:332,0
DA:334,0
LF:89
LH:0
BRDA:117,0,0,0
BRDA:117,0,1,0
BRDA:119,1,0,0
BRDA:119,1,1,0
BRDA:119,1,2,0
BRDA:119,1,3,0
BRDA:119,1,4,0
BRDA:119,1,5,0
BRDA:119,1,6,0
BRDA:119,1,7,0
BRDA:119,1,8,0
BRDA:119,1,9,0
BRDA:119,1,10,0
BRDA:119,1,11,0
BRDA:119,1,12,0
BRDA:119,1,13,0
BRDA:119,1,14,0
BRDA:119,1,15,0
BRDA:119,1,16,0
BRDA:184,2,0,0
BRDA:184,2,1,0
BRDA:185,3,0,0
BRDA:185,3,1,0
BRDA:193,4,0,0
BRDA:193,4,1,0
BRDA:193,5,0,0
BRDA:193,5,1,0
BRDA:204,6,0,0
BRDA:204,6,1,0
BRDA:227,7,0,0
BRDA:227,7,1,0
BRDA:244,8,0,0
BRDA:244,8,1,0
BRDA:245,9,0,0
BRDA:245,9,1,0
BRDA:248,10,0,0
BRDA:248,10,1,0
BRDA:251,11,0,0
BRDA:251,11,1,0
BRDA:257,12,0,0
BRDA:257,12,1,0
BRDA:261,13,0,0
BRDA:261,13,1,0
BRDA:264,14,0,0
BRDA:264,14,1,0
BRDA:267,15,0,0
BRDA:267,15,1,0
BRDA:319,16,0,0
BRDA:319,16,1,0
BRDA:319,17,0,0
BRDA:319,17,1,0
BRF:51
BRH:0
end_of_record
TN:
SF:src/util/util.js
FN:34,(anonymous_0)
FN:49,(anonymous_1)
FN:65,(anonymous_2)
FN:81,(anonymous_3)
FN:90,(anonymous_4)
FN:111,(anonymous_5)
FN:123,(anonymous_6)
FN:127,(anonymous_7)
FN:128,(anonymous_8)
FN:129,(anonymous_9)
FN:130,(anonymous_10)
FN:134,(anonymous_11)
FN:147,(anonymous_12)
FN:286,(anonymous_13)
FN:308,(anonymous_14)
FN:327,(anonymous_15)
FN:346,(anonymous_16)
FN:365,(anonymous_17)
FN:398,(anonymous_18)
FN:433,(anonymous_19)
FN:446,(anonymous_20)
FN:469,(anonymous_21)
FN:491,(anonymous_22)
FN:496,(anonymous_23)
FN:510,(anonymous_24)
FN:515,(anonymous_25)
FN:520,(anonymous_26)
FN:546,(anonymous_27)
FN:559,(anonymous_28)
FN:567,(anonymous_29)
FN:568,removeFieldByPath
FN:573,traverseAndRemove
FN:589,(anonymous_32)
FN:598,(anonymous_33)
FN:613,(anonymous_34)
FN:621,(anonymous_35)
FN:624,(anonymous_36)
FN:637,(anonymous_37)
FN:638,(anonymous_38)
FN:653,(anonymous_39)
FN:665,(anonymous_40)
FN:680,(anonymous_41)
FN:696,(anonymous_42)
FN:711,(anonymous_43)
FN:722,(anonymous_44)
FN:726,(anonymous_45)
FN:735,(anonymous_46)
FN:749,(anonymous_47)
FN:756,(anonymous_48)
FN:763,(anonymous_49)
FN:801,(anonymous_50)
FN:824,(anonymous_51)
FN:836,(anonymous_52)
FN:838,(anonymous_53)
FN:861,(anonymous_54)
FN:862,(anonymous_55)
FN:870,(anonymous_56)
FN:872,(anonymous_57)
FN:875,(anonymous_58)
FNF:59
FNH:0
FNDA:0,(anonymous_0)
FNDA:0,(anonymous_1)
FNDA:0,(anonymous_2)
FNDA:0,(anonymous_3)
FNDA:0,(anonymous_4)
FNDA:0,(anonymous_5)
FNDA:0,(anonymous_6)
FNDA:0,(anonymous_7)
FNDA:0,(anonymous_8)
FNDA:0,(anonymous_9)
FNDA:0,(anonymous_10)
FNDA:0,(anonymous_11)
FNDA:0,(anonymous_12)
FNDA:0,(anonymous_13)
FNDA:0,(anonymous_14)
FNDA:0,(anonymous_15)
FNDA:0,(anonymous_16)
FNDA:0,(anonymous_17)
FNDA:0,(anonymous_18)
FNDA:0,(anonymous_19)
FNDA:0,(anonymous_20)
FNDA:0,(anonymous_21)
FNDA:0,(anonymous_22)
FNDA:0,(anonymous_23)
FNDA:0,(anonymous_24)
FNDA:0,(anonymous_25)
FNDA:0,(anonymous_26)
FNDA:0,(anonymous_27)
FNDA:0,(anonymous_28)
FNDA:0,(anonymous_29)
FNDA:0,removeFieldByPath
FNDA:0,traverseAndRemove
FNDA:0,(anonymous_32)
FNDA:0,(anonymous_33)
FNDA:0,(anonymous_34)
FNDA:0,(anonymous_35)
FNDA:0,(anonymous_36)
FNDA:0,(anonymous_37)
FNDA:0,(anonymous_38)
FNDA:0,(anonymous_39)
FNDA:0,(anonymous_40)
FNDA:0,(anonymous_41)
FNDA:0,(anonymous_42)
FNDA:0,(anonymous_43)
FNDA:0,(anonymous_44)
FNDA:0,(anonymous_45)
FNDA:0,(anonymous_46)
FNDA:0,(anonymous_47)
FNDA:0,(anonymous_48)
FNDA:0,(anonymous_49)
FNDA:0,(anonymous_50)
FNDA:0,(anonymous_51)
FNDA:0,(anonymous_52)
FNDA:0,(anonymous_53)
FNDA:0,(anonymous_54)
FNDA:0,(anonymous_55)
FNDA:0,(anonymous_56)
FNDA:0,(anonymous_57)
FNDA:0,(anonymous_58)
DA:3,0
DA:4,0
DA:5,0
DA:6,0
DA:7,0
DA:8,0
DA:9,0
DA:10,0
DA:11,0
DA:12,0
DA:18,0
DA:19,0
DA:20,0
DA:21,0
DA:23,0
DA:35,0
DA:36,0
DA:40,0
DA:50,0
DA:51,0
DA:53,0
DA:54,0
DA:55,0
DA:57,0
DA:66,0
DA:67,0
DA:69,0
DA:70,0
DA:72,0
DA:83,0
DA:92,0
DA:94,0
DA:95,0
DA:96,0
DA:97,0
DA:99,0
DA:113,0
DA:124,0
DA:125,0
DA:127,0
DA:128,0
DA:129,0
DA:131,0
DA:132,0
DA:135,0
DA:136,0
DA:139,0
DA:149,0
DA:152,0
DA:153,0
DA:157,0
DA:158,0
DA:161,0
DA:162,0
DA:163,0
DA:166,0
DA:167,0
DA:168,0
DA:169,0
DA:170,0
DA:171,0
DA:174,0
DA:177,0
DA:181,0
DA:185,0
DA:187,0
DA:287,0
DA:288,0
DA:293,0
DA:309,0
DA:310,0
DA:313,0
DA:328,0
DA:329,0
DA:332,0
DA:347,0
DA:348,0
DA:351,0
DA:366,0
DA:369,0
DA:370,0
DA:371,0
DA:375,0
DA:376,0
DA:377,0
DA:381,0
DA:382,0
DA:383,0
DA:386,0
DA:399,0
DA:400,0
DA:401,0
DA:403,0
DA:404,0
DA:405,0
DA:408,0
DA:411,0
DA:412,0
DA:416,0
DA:417,0
DA:420,0
DA:421,0
DA:434,0
DA:447,0
DA:470,0
DA:471,0
DA:476,0
DA:479,0
DA:492,0
DA:497,0
DA:498,0
DA:499,0
DA:500,0
DA:502,0
DA:511,0
DA:512,0
DA:514,0
DA:515,0
DA:516,0
DA:517,0
DA:519,0
DA:520,0
DA:521,0
DA:524,0
DA:525,0
DA:527,0
DA:536,0
DA:537,0
DA:538,0
DA:539,0
DA:543,0
DA:547,0
DA:548,0
DA:553,0
DA:556,0
DA:559,0
DA:560,0
DA:561,0
DA:562,0
DA:564,0
DA:565,0
DA:567,0
DA:570,0
DA:574,0
DA:575,0
DA:579,0
DA:580,0
DA:584,0
DA:587,0
DA:588,0
DA:589,0
DA:592,0
DA:597,0
DA:598,0
DA:601,0
DA:607,0
DA:609,0
DA:612,0
DA:613,0
DA:614,0
DA:615,0
DA:616,0
DA:620,0
DA:621,0
DA:622,0
DA:625,0
DA:626,0
DA:628,0
DA:631,0
DA:637,0
DA:638,0
DA:654,0
DA:666,0
DA:681,0
DA:685,0
DA:686,0
DA:689,0
DA:690,0
DA:691,0
DA:692,0
DA:695,0
DA:696,0
DA:697,0
DA:698,0
DA:699,0
DA:700,0
DA:703,0
DA:704,0
DA:707,0
DA:712,0
DA:714,0
DA:716,0
DA:718,0
DA:720,0
DA:722,0
DA:724,0
DA:726,0
DA:736,0
DA:756,0
DA:757,0
DA:758,0
DA:760,0
DA:761,0
DA:762,0
DA:763,0
DA:764,0
DA:774,0
DA:775,0
DA:783,0
DA:790,0
DA:798,0
DA:799,0
DA:800,0
DA:801,0
DA:802,0
DA:813,0
DA:822,0
DA:824,0
DA:825,0
DA:834,0
DA:836,0
DA:837,0
DA:838,0
DA:839,0
DA:853,0
DA:862,0
DA:863,0
DA:864,0
DA:870,0
DA:873,0
DA:877,0
DA:878,0
DA:882,0
DA:884,0
DA:885,0
DA:887,0
DA:888,0
DA:891,0
DA:893,0
DA:895,0
DA:897,0
DA:898,0
DA:900,0
DA:903,0
DA:904,0
DA:909,0
DA:910,0
DA:912,0
DA:917,0
LF:249
LH:0
BRDA:35,0,0,0
BRDA:35,0,1,0
BRDA:50,1,0,0
BRDA:50,1,1,0
BRDA:53,2,0,0
BRDA:53,2,1,0
BRDA:55,3,0,0
BRDA:55,3,1,0
BRDA:66,4,0,0
BRDA:66,4,1,0
BRDA:69,5,0,0
BRDA:69,5,1,0
BRDA:96,6,0,0
BRDA:96,6,1,0
BRDA:96,7,0,0
BRDA:96,7,1,0
BRDA:124,8,0,0
BRDA:124,8,1,0
BRDA:149,9,0,0
BRDA:149,9,1,0
BRDA:152,10,0,0
BRDA:152,10,1,0
BRDA:288,11,0,0
BRDA:288,11,1,0
BRDA:309,12,0,0
BRDA:309,12,1,0
BRDA:309,13,0,0
BRDA:309,13,1,0
BRDA:328,14,0,0
BRDA:328,14,1,0
BRDA:328,15,0,0
BRDA:328,15,1,0
BRDA:347,16,0,0
BRDA:347,16,1,0
BRDA:347,17,0,0
BRDA:347,17,1,0
BRDA:370,18,0,0
BRDA:370,18,1,0
BRDA:376,19,0,0
BRDA:376,19,1,0
BRDA:382,20,0,0
BRDA:382,20,1,0
BRDA:400,21,0,0
BRDA:400,21,1,0
BRDA:411,22,0,0
BRDA:411,22,1,0
BRDA:471,23,0,0
BRDA:471,23,1,0
BRDA:492,24,0,0
BRDA:492,24,1,0
BRDA:497,25,0,0
BRDA:497,25,1,0
BRDA:511,26,0,0
BRDA:511,26,1,0
BRDA:516,27,0,0
BRDA:516,27,1,0
BRDA:519,28,0,0
BRDA:519,28,1,0
BRDA:520,29,0,0
BRDA:520,29,1,0
BRDA:521,30,0,0
BRDA:521,30,1,0
BRDA:524,31,0,0
BRDA:524,31,1,0
BRDA:525,32,0,0
BRDA:525,32,1,0
BRDA:527,33,0,0
BRDA:527,33,1,0
BRDA:528,34,0,0
BRDA:528,34,1,0
BRDA:528,34,2,0
BRDA:528,34,3,0
BRDA:528,34,4,0
BRDA:537,35,0,0
BRDA:537,35,1,0
BRDA:547,36,0,0
BRDA:547,36,1,0
BRDA:561,37,0,0
BRDA:561,37,1,0
BRDA:564,38,0,0
BRDA:564,38,1,0
BRDA:574,39,0,0
BRDA:574,39,1,0
BRDA:574,40,0,0
BRDA:574,40,1,0
BRDA:579,41,0,0
BRDA:579,41,1,0
BRDA:587,42,0,0
BRDA:587,42,1,0
BRDA:588,43,0,0
BRDA:588,43,1,0
BRDA:597,44,0,0
BRDA:597,44,1,0
BRDA:612,45,0,0
BRDA:612,45,1,0
BRDA:612,46,0,0
BRDA:612,46,1,0
BRDA:612,46,2,0
BRDA:615,47,0,0
BRDA:615,47,1,0
BRDA:616,48,0,0
BRDA:616,48,1,0
BRDA:616,49,0,0
BRDA:616,49,1,0
BRDA:620,50,0,0
BRDA:620,50,1,0
BRDA:620,51,0,0
BRDA:620,51,1,0
BRDA:620,51,2,0
BRDA:625,52,0,0
BRDA:625,52,1,0
BRDA:625,53,0,0
BRDA:625,53,1,0
BRDA:625,53,2,0
BRDA:685,54,0,0
BRDA:685,54,1,0
BRDA:691,55,0,0
BRDA:691,55,1,0
BRDA:691,56,0,0
BRDA:691,56,1,0
BRDA:698,57,0,0
BRDA:698,57,1,0
BRDA:699,58,0,0
BRDA:699,58,1,0
BRDA:712,59,0,0
BRDA:712,59,1,0
BRDA:712,59,2,0
BRDA:712,59,3,0
BRDA:712,59,4,0
BRDA:736,60,0,0
BRDA:736,60,1,0
BRDA:754,61,0,0
BRDA:757,62,0,0
BRDA:757,62,1,0
BRDA:758,63,0,0
BRDA:758,63,1,0
BRDA:760,64,0,0
BRDA:760,64,1,0
BRDA:760,65,0,0
BRDA:760,65,1,0
BRDA:761,66,0,0
BRDA:761,66,1,0
BRDA:762,67,0,0
BRDA:762,67,1,0
BRDA:774,68,0,0
BRDA:774,68,1,0
BRDA:783,69,0,0
BRDA:783,69,1,0
BRDA:784,70,0,0
BRDA:784,70,1,0
BRDA:784,70,2,0
BRDA:798,71,0,0
BRDA:798,71,1,0
BRDA:799,72,0,0
BRDA:799,72,1,0
BRDA:800,73,0,0
BRDA:800,73,1,0
BRDA:822,74,0,0
BRDA:822,74,1,0
BRDA:834,75,0,0
BRDA:834,75,1,0
BRDA:837,76,0,0
BRDA:837,76,1,0
BRDA:863,77,0,0
BRDA:863,77,1,0
BRDA:872,78,0,0
BRDA:877,79,0,0
BRDA:877,79,1,0
BRDA:887,80,0,0
BRDA:887,80,1,0
BRDA:888,81,0,0
BRDA:888,81,1,0
BRDA:888,81,2,0
BRDA:888,81,3,0
BRDA:888,81,4,0
BRDA:897,82,0,0
BRDA:897,82,1,0
BRDA:903,83,0,0
BRDA:903,83,1,0
BRDA:903,84,0,0
BRDA:903,84,1,0
BRDA:909,85,0,0
BRDA:909,85,1,0
BRDA:909,86,0,0
BRDA:909,86,1,0
BRF:185
BRH:0
end_of_record
TN:
SF:src/util/conditionOperators/ConditionOperator.js
FN:7,(anonymous_0)
FN:11,(anonymous_1)
FN:15,(anonymous_2)
FN:19,(anonymous_3)
FN:23,(anonymous_4)
FN:29,(anonymous_5)
FNF:6
FNH:0
FNDA:0,(anonymous_0)
FNDA:0,(anonymous_1)
FNDA:0,(anonymous_2)
FNDA:0,(anonymous_3)
FNDA:0,(anonymous_4)
FNDA:0,(anonymous_5)
DA:3,0
DA:6,0
DA:8,0
DA:12,0
DA:16,0
DA:20,0
DA:24,0
DA:26,0
DA:27,0
DA:29,0
DA:36,0
LF:11
LH:0
BRDA:23,0,0,0
BRDA:26,1,0,0
BRDA:26,1,1,0
BRF:3
BRH:0
end_of_record
TN:
SF:src/util/conditionOperators/DateGreaterThan.js
FN:7,(anonymous_0)
FN:11,(anonymous_1)
FN:15,(anonymous_2)
FN:31,(anonymous_3)
FN:35,(anonymous_4)
FN:50,(anonymous_5)
FNF:6
FNH:0
FNDA:0,(anonymous_0)
FNDA:0,(anonymous_1)
FNDA:0,(anonymous_2)
FNDA:0,(anonymous_3)
FNDA:0,(anonymous_4)
FNDA:0,(anonymous_5)
DA:3,0
DA:4,0
DA:6,0
DA:8,0
DA:12,0
DA:16,0
DA:17,0
DA:18,0
DA:20,0
DA:21,0
DA:24,0
DA:25,0
DA:28,0
DA:32,0
DA:40,0
DA:41,0
DA:42,0
DA:44,0
DA:53,0
DA:55,0
DA:56,0
DA:62,0
DA:64,0
DA:65,0
DA:68,0
LF:25
LH:0
BRDA:16,0,0,0
BRDA:16,0,1,0
BRDA:17,1,0,0
BRDA:17,1,1,0
BRDA:20,2,0,0
BRDA:20,2,1,0
BRDA:24,3,0,0
BRDA:24,3,1,0
BRDA:32,4,0,0
BRDA:32,4,1,0
BRDA:50,5,0,0
BRDA:55,6,0,0
BRDA:55,6,1,0
BRDA:64,7,0,0
BRDA:64,7,1,0
BRF:15
BRH:0
end_of_record
TN:
SF:src/util/conditionOperators/DateGreaterThanOrEqual.js
FN:6,(anonymous_0)
FN:10,(anonymous_1)
FN:14,(anonymous_2)
FNF:3
FNH:0
FNDA:0,(anonymous_0)
FNDA:0,(anonymous_1)
FNDA:0,(anonymous_2)
DA:3,0
DA:5,0
DA:7,0
DA:11,0
DA:15,0
LF:5
LH:0
BRF:0
BRH:0
end_of_record
TN:
SF:src/util/conditionOperators/DateLessThan.js
FN:6,(anonymous_0)
FN:10,(anonymous_1)
FN:14,(anonymous_2)
FNF:3
FNH:0
FNDA:0,(anonymous_0)
FNDA:0,(anonymous_1)
FNDA:0,(anonymous_2)
DA:3,0
DA:5,0
DA:7,0
DA:11,0
DA:15,0
LF:5
LH:0
BRF:0
BRH:0
end_of_record
TN:
SF:src/util/conditionOperators/DateLessThanOrEqual.js
FN:6,(anonymous_0)
FN:10,(anonymous_1)
FN:14,(anonymous_2)
FNF:3
FNH:0
FNDA:0,(anonymous_0)
FNDA:0,(anonymous_1)
FNDA:0,(anonymous_2)
DA:3,0
DA:5,0
DA:7,0
DA:11,0
DA:15,0
LF:5
LH:0
BRF:0
BRH:0
end_of_record
TN:
SF:src/util/conditionOperators/EndsWith.js
FN:7,(anonymous_0)
FN:11,(anonymous_1)
FN:15,(anonymous_2)
FNF:3
FNH:0
FNDA:0,(anonymous_0)
FNDA:0,(anonymous_1)
FNDA:0,(anonymous_2)
DA:3,0
DA:4,0
DA:6,0
DA:8,0
DA:12,0
DA:19,0
LF:6
LH:0
BRF:0
BRH:0
end_of_record
TN:
SF:src/util/conditionOperators/GreaterThan.js
FN:7,(anonymous_0)
FN:11,(anonymous_1)
FN:15,(anonymous_2)
FNF:3
FNH:0
FNDA:0,(anonymous_0)
FNDA:0,(anonymous_1)
FNDA:0,(anonymous_2)
DA:3,0
DA:4,0
DA:6,0
DA:8,0
DA:12,0
DA:19,0
LF:6
LH:0
BRDA:19,0,0,0
BRDA:19,0,1,0
BRF:2
BRH:0
end_of_record
TN:
SF:src/util/conditionOperators/GreaterThanOrEqual.js
FN:7,(anonymous_0)
FN:11,(anonymous_1)
FN:15,(anonymous_2)
FNF:3
FNH:0
FNDA:0,(anonymous_0)
FNDA:0,(anonymous_1)
FNDA:0,(anonymous_2)
DA:3,0
DA:4,0
DA:6,0
DA:8,0
DA:12,0
DA:19,0
LF:6
LH:0
BRDA:19,0,0,0
BRDA:19,0,1,0
BRDA:19,0,2,0
BRF:3
BRH:0
end_of_record
TN:
SF:src/util/conditionOperators/Includes.js
FN:7,(anonymous_0)
FN:11,(anonymous_1)
FN:15,(anonymous_2)
FNF:3
FNH:0
FNDA:0,(anonymous_0)
FNDA:0,(anonymous_1)
FNDA:0,(anonymous_2)
DA:3,0
DA:4,0
DA:6,0
DA:8,0
DA:12,0
DA:19,0
LF:6
LH:0
BRF:0
BRH:0
end_of_record
TN:
SF:src/util/conditionOperators/IsDateEqual.js
FN:6,(anonymous_0)
FN:10,(anonymous_1)
FN:14,(anonymous_2)
FNF:3
FNH:0
FNDA:0,(anonymous_0)
FNDA:0,(anonymous_1)
FNDA:0,(anonymous_2)
DA:3,0
DA:5,0
DA:7,0
DA:11,0
DA:15,0
LF:5
LH:0
BRF:0
BRH:0
end_of_record
TN:
SF:src/util/conditionOperators/IsEmptyValue.js
FN:7,(anonymous_0)
FN:11,(anonymous_1)
FN:15,(anonymous_2)
FN:19,(anonymous_3)
FN:24,(anonymous_4)
FN:56,(anonymous_5)
FNF:6
FNH:0
FNDA:0,(anonymous_0)
FNDA:0,(anonymous_1)
FNDA:0,(anonymous_2)
FNDA:0,(anonymous_3)
FNDA:0,(anonymous_4)
FNDA:0,(anonymous_5)
DA:3,0
DA:4,0
DA:6,0
DA:8,0
DA:12,0
DA:16,0
DA:24,0
DA:26,0
DA:27,0
DA:28,0
DA:29,0
DA:31,0
DA:37,0
DA:39,0
DA:40,0
DA:41,0
DA:42,0
DA:43,0
DA:44,0
DA:47,0
DA:49,0
DA:50,0
DA:53,0
DA:57,0
LF:24
LH:0
BRDA:24,0,0,0
BRDA:24,0,1,0
BRDA:24,0,2,0
BRDA:26,1,0,0
BRDA:26,1,1,0
BRDA:26,1,2,0
BRDA:27,2,0,0
BRDA:27,2,1,0
BRDA:28,3,0,0
BRDA:28,3,1,0
BRDA:28,3,2,0
BRDA:29,4,0,0
BRDA:29,4,1,0
BRDA:31,5,0,0
BRDA:31,5,1,0
BRDA:31,6,0,0
BRDA:31,6,1,0
BRDA:31,6,2,0
BRDA:31,6,3,0
BRDA:31,6,4,0
BRDA:39,7,0,0
BRDA:39,7,1,0
BRDA:42,8,0,0
BRDA:42,8,1,0
BRDA:42,9,0,0
BRDA:42,9,1,0
BRDA:49,10,0,0
BRDA:49,10,1,0
BRDA:49,11,0,0
BRDA:49,11,1,0
BRF:30
BRH:0
end_of_record
TN:
SF:src/util/conditionOperators/IsEqualTo.js
FN:7,(anonymous_0)
FN:11,(anonymous_1)
FN:15,(anonymous_2)
FNF:3
FNH:0
FNDA:0,(anonymous_0)
FNDA:0,(anonymous_1)
FNDA:0,(anonymous_2)
DA:3,0
DA:4,0
DA:6,0
DA:8,0
DA:12,0
DA:21,0
DA:22,0
DA:25,0
DA:26,0
DA:27,0
DA:33,0
LF:11
LH:0
BRDA:21,0,0,0
BRDA:21,0,1,0
BRDA:25,1,0,0
BRDA:25,1,1,0
BRDA:25,2,0,0
BRDA:25,2,1,0
BRDA:25,2,2,0
BRDA:25,2,3,0
BRF:8
BRH:0
end_of_record
TN:
SF:src/util/conditionOperators/IsNotDateEqual.js
FN:5,(anonymous_0)
FN:9,(anonymous_1)
FN:13,(anonymous_2)
FNF:3
FNH:0
FNDA:0,(anonymous_0)
FNDA:0,(anonymous_1)
FNDA:0,(anonymous_2)
DA:2,0
DA:4,0
DA:6,0
DA:10,0
DA:14,0
LF:5
LH:0
BRF:0
BRH:0
end_of_record
TN:
SF:src/util/conditionOperators/IsNotEmptyValue.js
FN:6,(anonymous_0)
FN:10,(anonymous_1)
FN:14,(anonymous_2)
FNF:3
FNH:0
FNDA:0,(anonymous_0)
FNDA:0,(anonymous_1)
FNDA:0,(anonymous_2)
DA:3,0
DA:5,0
DA:7,0
DA:11,0
DA:15,0
LF:5
LH:0
BRF:0
BRH:0
end_of_record
TN:
SF:src/util/conditionOperators/IsNotEqualTo.js
FN:7,(anonymous_0)
FN:11,(anonymous_1)
FN:15,(anonymous_2)
FNF:3
FNH:0
FNDA:0,(anonymous_0)
FNDA:0,(anonymous_1)
FNDA:0,(anonymous_2)
DA:3,0
DA:4,0
DA:6,0
DA:8,0
DA:12,0
DA:21,0
DA:22,0
DA:24,0
LF:8
LH:0
BRDA:21,0,0,0
BRDA:21,0,1,0
BRF:2
BRH:0
end_of_record
TN:
SF:src/util/conditionOperators/LessThan.js
FN:7,(anonymous_0)
FN:11,(anonymous_1)
FN:15,(anonymous_2)
FNF:3
FNH:0
FNDA:0,(anonymous_0)
FNDA:0,(anonymous_1)
FNDA:0,(anonymous_2)
DA:3,0
DA:4,0
DA:6,0
DA:8,0
DA:12,0
DA:19,0
LF:6
LH:0
BRDA:19,0,0,0
BRDA:19,0,1,0
BRF:2
BRH:0
end_of_record
TN:
SF:src/util/conditionOperators/LessThanOrEqual.js
FN:7,(anonymous_0)
FN:11,(anonymous_1)
FN:15,(anonymous_2)
FNF:3
FNH:0
FNDA:0,(anonymous_0)
FNDA:0,(anonymous_1)
FNDA:0,(anonymous_2)
DA:3,0
DA:4,0
DA:6,0
DA:8,0
DA:12,0
DA:19,0
LF:6
LH:0
BRDA:19,0,0,0
BRDA:19,0,1,0
BRDA:19,0,2,0
BRF:3
BRH:0
end_of_record
TN:
SF:src/util/conditionOperators/NotIncludes.js
FN:6,(anonymous_0)
FN:10,(anonymous_1)
FN:14,(anonymous_2)
FNF:3
FNH:0
FNDA:0,(anonymous_0)
FNDA:0,(anonymous_1)
FNDA:0,(anonymous_2)
DA:3,0
DA:5,0
DA:7,0
DA:11,0
DA:15,0
LF:5
LH:0
BRF:0
BRH:0
end_of_record
TN:
SF:src/util/conditionOperators/StartsWith.js
FN:7,(anonymous_0)
FN:11,(anonymous_1)
FN:15,(anonymous_2)
FNF:3
FNH:0
FNDA:0,(anonymous_0)
FNDA:0,(anonymous_1)
FNDA:0,(anonymous_2)
DA:3,0
DA:4,0
DA:6,0
DA:8,0
DA:12,0
DA:19,0
LF:6
LH:0
BRF:0
BRH:0
end_of_record
TN:
SF:src/util/conditionOperators/index.js
FN:54,(anonymous_0)
FN:161,(anonymous_1)
FN:171,(anonymous_2)
FN:181,(anonymous_3)
FN:183,(anonymous_4)
FN:189,(anonymous_5)
FN:220,(anonymous_6)
FN:229,(anonymous_7)
FN:235,(anonymous_8)
FN:240,(anonymous_9)
FN:243,(anonymous_10)
FN:246,(anonymous_11)
FN:282,(anonymous_12)
FN:289,(anonymous_13)
FNF:14
FNH:0
FNDA:0,(anonymous_0)
FNDA:0,(anonymous_1)
FNDA:0,(anonymous_2)
FNDA:0,(anonymous_3)
FNDA:0,(anonymous_4)
FNDA:0,(anonymous_5)
FNDA:0,(anonymous_6)
FNDA:0,(anonymous_7)
FNDA:0,(anonymous_8)
FNDA:0,(anonymous_9)
FNDA:0,(anonymous_10)
FNDA:0,(anonymous_11)
FNDA:0,(anonymous_12)
FNDA:0,(anonymous_13)
DA:3,0
DA:4,0
DA:5,0
DA:6,0
DA:7,0
DA:8,0
DA:9,0
DA:10,0
DA:11,0
DA:12,0
DA:13,0
DA:14,0
DA:15,0
DA:16,0
DA:17,0
DA:18,0
DA:19,0
DA:20,0
DA:21,0
DA:22,0
DA:24,0
DA:45,0
DA:53,0
DA:54,0
DA:55,0
DA:56,0
DA:59,0
DA:60,0
DA:66,0
DA:161,0
DA:167,0
DA:168,0
DA:171,0
DA:177,0
DA:178,0
DA:181,0
DA:183,0
DA:190,0
DA:202,0
DA:205,0
DA:206,0
DA:207,0
DA:208,0
DA:209,0
DA:210,0
DA:211,0
DA:214,0
DA:218,0
DA:224,0
DA:229,0
DA:234,0
DA:236,0
DA:240,0
DA:243,0
DA:244,0
DA:246,0
DA:247,0
DA:248,0
DA:251,0
DA:255,0
DA:259,0
DA:279,0
DA:282,0
DA:283,0
DA:289,0
DA:290,0
DA:347,0
LF:67
LH:0
BRDA:53,0,0,0
BRDA:53,0,1,0
BRDA:56,1,0,0
BRDA:56,1,1,0
BRDA:56,2,0,0
BRDA:56,2,1,0
BRDA:59,3,0,0
BRDA:59,3,1,0
BRDA:177,4,0,0
BRDA:177,4,1,0
BRDA:190,5,0,0
BRDA:190,5,1,0
BRDA:190,5,2,0
BRDA:190,5,3,0
BRDA:192,6,0,0
BRDA:192,6,1,0
BRDA:205,7,0,0
BRDA:205,7,1,0
BRDA:209,8,0,0
BRDA:209,8,1,0
BRDA:209,9,0,0
BRDA:209,9,1,0
BRDA:226,10,0,0
BRDA:226,10,1,0
BRDA:236,11,0,0
BRDA:236,11,1,0
BRDA:248,12,0,0
BRDA:248,12,1,0
BRDA:248,13,0,0
BRDA:248,13,1,0
BRDA:251,14,0,0
BRDA:251,14,1,0
BRDA:251,15,0,0
BRDA:251,15,1,0
BRDA:255,16,0,0
BRDA:255,16,1,0
BRDA:255,17,0,0
BRDA:255,17,1,0
BRF:38
BRH:0
end_of_record
