TN:
SF:src/actions/EmailAction.js
FN:7,(anonymous_0)
FN:14,(anonymous_1)
FN:21,(anonymous_2)
FN:44,(anonymous_3)
FN:195,(anonymous_4)
FN:196,(anonymous_5)
FN:216,(anonymous_6)
FN:230,(anonymous_7)
FN:254,(anonymous_8)
FNF:9
FNH:6
FNDA:1,(anonymous_0)
FNDA:0,(anonymous_1)
FNDA:0,(anonymous_2)
FNDA:0,(anonymous_3)
FNDA:22,(anonymous_4)
FNDA:22,(anonymous_5)
FNDA:1,(anonymous_6)
FNDA:22,(anonymous_7)
FNDA:22,(anonymous_8)
DA:2,1
DA:3,1
DA:5,1
DA:7,1
DA:8,1
DA:9,1
DA:10,1
DA:11,1
DA:12,1
DA:13,1
DA:14,1
DA:22,0
DA:23,0
DA:25,0
DA:45,0
DA:47,0
DA:49,0
DA:177,0
DA:180,0
DA:181,0
DA:196,22
DA:197,22
DA:198,22
DA:199,22
DA:200,0
DA:201,0
DA:202,0
DA:203,0
DA:204,0
DA:206,22
DA:209,0
DA:210,0
DA:211,0
DA:212,0
DA:216,22
DA:217,1
DA:218,1
DA:219,1
DA:220,1
DA:221,1
DA:223,1
DA:226,0
DA:230,22
DA:231,22
DA:232,22
DA:233,22
DA:236,0
DA:239,0
DA:243,22
DA:244,0
DA:245,0
DA:248,22
DA:249,22
DA:250,0
DA:253,22
DA:254,22
DA:255,22
DA:258,22
DA:260,22
DA:261,22
DA:263,22
DA:268,22
DA:270,22
DA:271,22
DA:272,3
DA:274,22
DA:275,22
DA:279,22
DA:280,21
DA:283,1
DA:286,22
DA:287,22
DA:289,22
DA:291,22
DA:294,0
DA:295,0
DA:301,1
LF:77
LH:51
BRDA:13,0,0,1
BRDA:13,0,1,0
BRDA:22,1,0,0
BRDA:22,1,1,0
BRDA:199,2,0,0
BRDA:199,2,1,22
BRDA:219,3,0,1
BRDA:219,3,1,0
BRDA:220,4,0,1
BRDA:220,4,1,0
BRDA:223,5,0,1
BRDA:223,5,1,0
BRDA:237,6,0,0
BRDA:237,6,1,0
BRDA:243,7,0,0
BRDA:243,7,1,22
BRDA:243,8,0,22
BRDA:243,8,1,22
BRDA:249,9,0,0
BRDA:249,9,1,22
BRDA:268,10,0,22
BRDA:268,10,1,22
BRDA:271,11,0,3
BRDA:271,11,1,19
BRDA:274,12,0,22
BRDA:274,12,1,0
BRDA:279,13,0,21
BRDA:279,13,1,1
BRF:28
BRH:16
end_of_record
TN:
SF:src/actions/LoginAction.js
FN:7,(anonymous_0)
FN:13,(anonymous_1)
FN:14,(anonymous_2)
FN:21,(anonymous_3)
FN:45,(anonymous_4)
FN:132,(anonymous_5)
FN:144,(anonymous_6)
FN:251,(anonymous_7)
FN:278,(anonymous_8)
FN:286,(anonymous_9)
FN:304,(anonymous_10)
FN:305,(anonymous_11)
FNF:12
FNH:9
FNDA:1,(anonymous_0)
FNDA:0,(anonymous_1)
FNDA:11,(anonymous_2)
FNDA:0,(anonymous_3)
FNDA:0,(anonymous_4)
FNDA:2,(anonymous_5)
FNDA:39,(anonymous_6)
FNDA:42,(anonymous_7)
FNDA:39,(anonymous_8)
FNDA:39,(anonymous_9)
FNDA:28,(anonymous_10)
FNDA:28,(anonymous_11)
DA:3,1
DA:5,1
DA:7,1
DA:8,1
DA:9,1
DA:10,1
DA:11,1
DA:12,1
DA:13,1
DA:14,11
DA:22,0
DA:46,0
DA:47,0
DA:49,0
DA:133,2
DA:145,39
DA:146,7
DA:149,32
DA:150,32
DA:151,0
DA:155,32
DA:156,16
DA:159,32
DA:162,32
DA:163,32
DA:166,32
DA:168,2
DA:171,2
DA:174,2
DA:176,1
DA:177,1
DA:178,1
DA:181,1
DA:182,1
DA:185,30
DA:186,10
DA:189,10
DA:192,10
DA:194,10
DA:195,9
DA:198,9
DA:199,1
DA:200,1
DA:201,1
DA:205,9
DA:208,1
DA:209,1
DA:214,20
DA:215,20
DA:219,31
DA:220,31
DA:221,31
DA:224,31
DA:227,0
DA:228,0
DA:229,0
DA:232,0
DA:253,42
DA:254,0
DA:257,42
DA:258,0
DA:259,0
DA:262,42
DA:267,3
DA:268,3
DA:271,39
DA:279,39
DA:280,0
DA:281,0
DA:282,0
DA:286,39
DA:287,39
DA:288,11
DA:289,11
DA:290,11
DA:294,28
DA:295,28
DA:296,28
DA:297,28
DA:299,28
DA:300,28
DA:301,0
DA:304,28
DA:305,28
DA:306,28
DA:307,0
DA:308,0
DA:310,28
DA:312,28
DA:322,1
LF:90
LH:72
BRDA:12,0,0,1
BRDA:12,0,1,0
BRDA:13,1,0,1
BRDA:13,1,1,0
BRDA:133,2,0,0
BRDA:133,2,1,2
BRDA:145,3,0,7
BRDA:145,3,1,32
BRDA:145,4,0,39
BRDA:145,4,1,39
BRDA:145,4,2,39
BRDA:150,5,0,0
BRDA:150,5,1,32
BRDA:150,6,0,32
BRDA:150,6,1,32
BRDA:155,7,0,16
BRDA:155,7,1,16
BRDA:163,8,0,32
BRDA:163,8,1,16
BRDA:166,9,0,2
BRDA:166,9,1,30
BRDA:168,10,0,2
BRDA:168,10,1,0
BRDA:174,11,0,1
BRDA:174,11,1,1
BRDA:185,12,0,10
BRDA:185,12,1,20
BRDA:186,13,0,10
BRDA:186,13,1,0
BRDA:192,14,0,10
BRDA:192,14,1,0
BRDA:194,15,0,9
BRDA:194,15,1,1
BRDA:195,16,0,9
BRDA:195,16,1,2
BRDA:198,17,0,1
BRDA:198,17,1,8
BRDA:199,18,0,1
BRDA:199,18,1,0
BRDA:219,19,0,31
BRDA:219,19,1,31
BRDA:227,20,0,0
BRDA:227,20,1,0
BRDA:253,21,0,0
BRDA:253,21,1,42
BRDA:257,22,0,0
BRDA:257,22,1,42
BRDA:262,23,0,3
BRDA:262,23,1,39
BRDA:263,24,0,42
BRDA:263,24,1,42
BRDA:263,24,2,42
BRDA:263,24,3,39
BRDA:279,25,0,0
BRDA:279,25,1,39
BRDA:279,26,0,39
BRDA:279,26,1,10
BRDA:287,27,0,11
BRDA:287,27,1,28
BRDA:300,28,0,0
BRDA:300,28,1,28
BRDA:306,29,0,0
BRDA:306,29,1,28
BRF:63
BRH:48
end_of_record
TN:
SF:src/actions/ResetPassword.js
FN:13,(anonymous_0)
FN:20,(anonymous_1)
FN:27,(anonymous_2)
FN:43,(anonymous_3)
FN:188,(anonymous_4)
FN:231,(anonymous_5)
FN:239,(anonymous_6)
FN:253,(anonymous_7)
FN:284,(anonymous_8)
FN:310,(anonymous_9)
FN:381,(anonymous_10)
FN:395,(anonymous_11)
FN:439,(anonymous_12)
FNF:13
FNH:1
FNDA:1,(anonymous_0)
FNDA:0,(anonymous_1)
FNDA:0,(anonymous_2)
FNDA:0,(anonymous_3)
FNDA:0,(anonymous_4)
FNDA:0,(anonymous_5)
FNDA:0,(anonymous_6)
FNDA:0,(anonymous_7)
FNDA:0,(anonymous_8)
FNDA:0,(anonymous_9)
FNDA:0,(anonymous_10)
FNDA:0,(anonymous_11)
FNDA:0,(anonymous_12)
DA:3,1
DA:4,1
DA:5,1
DA:7,1
DA:11,1
DA:13,1
DA:14,1
DA:15,1
DA:16,1
DA:17,1
DA:18,1
DA:19,1
DA:20,1
DA:28,0
DA:44,0
DA:46,0
DA:48,0
DA:49,0
DA:52,0
DA:176,0
DA:177,0
DA:190,0
DA:191,0
DA:195,0
DA:198,0
DA:202,0
DA:203,0
DA:206,0
DA:207,0
DA:208,0
DA:209,0
DA:210,0
DA:211,0
DA:215,0
DA:218,0
DA:219,0
DA:234,0
DA:235,0
DA:239,0
DA:241,0
DA:242,0
DA:243,0
DA:247,0
DA:248,0
DA:249,0
DA:253,0
DA:254,0
DA:255,0
DA:256,0
DA:259,0
DA:264,0
DA:265,0
DA:266,0
DA:271,0
DA:274,0
DA:275,0
DA:286,0
DA:287,0
DA:289,0
DA:292,0
DA:293,0
DA:294,0
DA:298,0
DA:307,0
DA:308,0
DA:310,0
DA:311,0
DA:312,0
DA:313,0
DA:317,0
DA:322,0
DA:331,0
DA:334,0
DA:335,0
DA:343,0
DA:348,0
DA:353,0
DA:354,0
DA:359,0
DA:360,0
DA:363,0
DA:383,0
DA:386,0
DA:395,0
DA:396,0
DA:401,0
DA:403,0
DA:407,0
DA:408,0
DA:409,0
DA:414,0
DA:418,0
DA:423,0
DA:427,0
DA:428,0
DA:432,0
DA:433,0
DA:434,0
DA:435,0
DA:439,0
DA:440,0
DA:441,0
DA:442,0
DA:444,0
DA:450,0
DA:455,1
DA:461,1
LF:107
LH:15
BRDA:11,0,0,1
BRDA:11,0,1,1
BRDA:19,1,0,1
BRDA:19,1,1,0
BRDA:190,2,0,0
BRDA:190,2,1,0
BRDA:190,3,0,0
BRDA:190,3,1,0
BRDA:206,4,0,0
BRDA:206,4,1,0
BRDA:209,5,0,0
BRDA:209,5,1,0
BRDA:234,6,0,0
BRDA:234,6,1,0
BRDA:234,7,0,0
BRDA:234,7,1,0
BRDA:241,8,0,0
BRDA:241,8,1,0
BRDA:241,9,0,0
BRDA:241,9,1,0
BRDA:247,10,0,0
BRDA:247,10,1,0
BRDA:254,11,0,0
BRDA:254,11,1,0
BRDA:264,12,0,0
BRDA:264,12,1,0
BRDA:286,13,0,0
BRDA:286,13,1,0
BRDA:287,14,0,0
BRDA:287,14,1,0
BRDA:287,15,0,0
BRDA:287,15,1,0
BRDA:292,16,0,0
BRDA:292,16,1,0
BRDA:311,17,0,0
BRDA:311,17,1,0
BRDA:311,18,0,0
BRDA:311,18,1,0
BRDA:359,19,0,0
BRDA:359,19,1,0
BRDA:359,20,0,0
BRDA:359,20,1,0
BRDA:383,21,0,0
BRDA:383,21,1,0
BRDA:386,22,0,0
BRDA:386,22,1,0
BRDA:387,23,0,0
BRDA:387,23,1,0
BRDA:387,23,2,0
BRDA:387,23,3,0
BRDA:387,23,4,0
BRDA:387,23,5,0
BRDA:387,23,6,0
BRDA:396,24,0,0
BRDA:396,24,1,0
BRDA:397,25,0,0
BRDA:397,25,1,0
BRDA:397,25,2,0
BRDA:403,26,0,0
BRDA:403,26,1,0
BRDA:404,27,0,0
BRDA:404,27,1,0
BRDA:404,27,2,0
BRDA:404,27,3,0
BRDA:408,28,0,0
BRDA:408,28,1,0
BRDA:418,29,0,0
BRDA:418,29,1,0
BRDA:419,30,0,0
BRDA:419,30,1,0
BRDA:419,30,2,0
BRDA:423,31,0,0
BRDA:423,31,1,0
BRDA:424,32,0,0
BRDA:424,32,1,0
BRDA:433,33,0,0
BRDA:433,33,1,0
BRDA:440,34,0,0
BRDA:440,34,1,0
BRF:79
BRH:3
end_of_record
TN:
SF:src/actions/RoleAction.js
FN:15,(anonymous_0)
FN:21,(anonymous_1)
FN:28,(anonymous_2)
FN:44,(anonymous_3)
FN:146,(anonymous_4)
FN:185,(anonymous_5)
FN:224,(anonymous_6)
FN:251,(anonymous_7)
FN:256,(anonymous_8)
FN:289,(anonymous_9)
FN:295,(anonymous_10)
FN:325,(anonymous_11)
FN:363,(anonymous_12)
FNF:13
FNH:11
FNDA:1,(anonymous_0)
FNDA:2,(anonymous_1)
FNDA:0,(anonymous_2)
FNDA:0,(anonymous_3)
FNDA:34,(anonymous_4)
FNDA:5,(anonymous_5)
FNDA:32,(anonymous_6)
FNDA:30,(anonymous_7)
FNDA:4,(anonymous_8)
FNDA:2,(anonymous_9)
FNDA:4,(anonymous_10)
FNDA:34,(anonymous_11)
FNDA:5,(anonymous_12)
DA:3,1
DA:4,1
DA:13,1
DA:15,1
DA:16,1
DA:17,1
DA:18,1
DA:19,1
DA:20,1
DA:21,2
DA:29,0
DA:45,0
DA:46,0
DA:51,0
DA:52,0
DA:53,0
DA:56,0
DA:127,0
DA:128,0
DA:148,34
DA:149,0
DA:152,34
DA:153,0
DA:156,34
DA:161,0
DA:164,34
DA:165,0
DA:170,34
DA:171,0
DA:185,34
DA:186,5
DA:187,5
DA:188,5
DA:192,5
DA:193,0
DA:194,0
DA:197,5
DA:200,0
DA:201,0
DA:206,34
DA:207,34
DA:208,34
DA:209,5
DA:210,5
DA:214,29
DA:215,29
DA:216,29
DA:224,34
DA:226,32
DA:228,32
DA:229,32
DA:230,32
DA:234,32
DA:237,0
DA:238,0
DA:251,34
DA:252,30
DA:255,30
DA:256,30
DA:257,4
DA:258,4
DA:262,30
DA:263,0
DA:264,0
DA:268,30
DA:269,30
DA:270,30
DA:271,30
DA:273,30
DA:277,30
DA:289,34
DA:290,2
DA:293,2
DA:294,2
DA:295,2
DA:296,4
DA:297,4
DA:302,2
DA:303,0
DA:304,0
DA:308,2
DA:309,2
DA:310,2
DA:313,2
DA:316,2
DA:325,34
DA:326,34
DA:329,34
DA:330,34
DA:331,34
DA:332,34
DA:333,2
DA:334,2
DA:337,32
DA:338,32
DA:339,32
DA:340,30
DA:342,2
DA:343,2
DA:347,0
DA:348,0
DA:355,34
DA:356,0
DA:362,34
DA:363,5
DA:364,5
DA:365,5
DA:369,29
DA:375,1
LF:109
LH:82
BRDA:20,0,0,1
BRDA:20,0,1,0
BRDA:51,1,0,0
BRDA:51,1,1,0
BRDA:148,2,0,0
BRDA:148,2,1,34
BRDA:148,3,0,34
BRDA:148,3,1,29
BRDA:152,4,0,0
BRDA:152,4,1,34
BRDA:152,5,0,34
BRDA:152,5,1,34
BRDA:152,5,2,2
BRDA:156,6,0,0
BRDA:156,6,1,34
BRDA:157,7,0,34
BRDA:157,7,1,29
BRDA:157,7,2,29
BRDA:157,7,3,0
BRDA:164,8,0,0
BRDA:164,8,1,34
BRDA:164,9,0,34
BRDA:164,9,1,5
BRDA:164,10,0,5
BRDA:164,10,1,5
BRDA:170,11,0,0
BRDA:170,11,1,34
BRDA:170,12,0,34
BRDA:170,12,1,5
BRDA:170,13,0,5
BRDA:170,13,1,0
BRDA:187,14,0,5
BRDA:187,14,1,5
BRDA:192,15,0,0
BRDA:192,15,1,5
BRDA:201,16,0,0
BRDA:201,16,1,0
BRDA:208,17,0,5
BRDA:208,17,1,29
BRDA:209,18,0,5
BRDA:209,18,1,0
BRDA:210,19,0,0
BRDA:210,19,1,5
BRDA:214,20,0,29
BRDA:214,20,1,0
BRDA:228,21,0,32
BRDA:228,21,1,32
BRDA:257,22,0,4
BRDA:257,22,1,0
BRDA:262,23,0,0
BRDA:262,23,1,30
BRDA:294,24,0,2
BRDA:294,24,1,0
BRDA:296,25,0,4
BRDA:296,25,1,0
BRDA:302,26,0,0
BRDA:302,26,1,2
BRDA:332,27,0,2
BRDA:332,27,1,32
BRDA:339,28,0,30
BRDA:339,28,1,2
BRDA:342,29,0,2
BRDA:342,29,1,0
BRDA:355,30,0,0
BRDA:355,30,1,34
BRDA:355,31,0,34
BRDA:355,31,1,29
BRDA:362,32,0,5
BRDA:362,32,1,29
BRF:69
BRH:46
end_of_record
TN:
SF:src/actions/SaveSubmission.js
FN:9,(anonymous_0)
FN:15,(anonymous_1)
FN:18,(anonymous_2)
FN:35,(anonymous_3)
FN:59,(anonymous_4)
FN:77,(anonymous_5)
FN:143,(anonymous_6)
FN:160,(anonymous_7)
FN:190,(anonymous_8)
FN:195,(anonymous_9)
FN:231,(anonymous_10)
FN:250,(anonymous_11)
FN:270,(anonymous_12)
FN:288,(anonymous_13)
FNF:14
FNH:11
FNDA:1,(anonymous_0)
FNDA:0,(anonymous_1)
FNDA:1,(anonymous_2)
FNDA:1,(anonymous_3)
FNDA:453,(anonymous_4)
FNDA:10,(anonymous_5)
FNDA:10,(anonymous_6)
FNDA:9,(anonymous_7)
FNDA:10,(anonymous_8)
FNDA:21,(anonymous_9)
FNDA:10,(anonymous_10)
FNDA:0,(anonymous_11)
FNDA:0,(anonymous_12)
FNDA:10,(anonymous_13)
DA:3,1
DA:4,1
DA:5,1
DA:6,1
DA:7,1
DA:9,1
DA:10,1
DA:11,1
DA:12,1
DA:13,1
DA:14,1
DA:15,1
DA:19,1
DA:36,1
DA:61,453
DA:62,0
DA:66,453
DA:69,453
DA:70,443
DA:74,10
DA:77,10
DA:78,10
DA:79,0
DA:85,10
DA:86,10
DA:87,0
DA:93,0
DA:97,10
DA:98,10
DA:99,10
DA:100,10
DA:102,10
DA:103,10
DA:104,10
DA:105,0
DA:106,0
DA:107,0
DA:110,0
DA:116,0
DA:120,10
DA:121,10
DA:122,10
DA:123,10
DA:126,0
DA:135,0
DA:143,10
DA:144,10
DA:145,10
DA:146,10
DA:147,10
DA:150,0
DA:151,0
DA:160,10
DA:162,9
DA:165,9
DA:166,1
DA:170,9
DA:172,9
DA:173,9
DA:180,9
DA:190,10
DA:191,10
DA:192,10
DA:195,10
DA:196,21
DA:197,0
DA:199,21
DA:200,19
DA:204,10
DA:205,1
DA:206,1
DA:214,1
DA:215,1
DA:218,0
DA:222,10
DA:231,10
DA:232,10
DA:235,10
DA:236,10
DA:237,10
DA:241,0
DA:242,0
DA:246,0
DA:251,0
DA:252,0
DA:253,0
DA:257,0
DA:261,0
DA:262,0
DA:266,0
DA:271,0
DA:272,0
DA:273,0
DA:276,0
DA:277,0
DA:284,10
DA:285,10
DA:289,10
DA:290,0
DA:291,0
DA:294,10
DA:295,0
DA:298,10
DA:307,1
LF:104
LH:71
BRDA:14,0,0,1
BRDA:14,0,1,0
BRDA:61,1,0,0
BRDA:61,1,1,453
BRDA:61,2,0,453
BRDA:61,2,1,453
BRDA:61,2,2,453
BRDA:61,2,3,105
BRDA:61,2,4,4
BRDA:69,3,0,443
BRDA:69,3,1,10
BRDA:69,4,0,453
BRDA:69,4,1,10
BRDA:78,5,0,0
BRDA:78,5,1,10
BRDA:86,6,0,0
BRDA:86,6,1,10
BRDA:104,7,0,0
BRDA:104,7,1,10
BRDA:105,8,0,0
BRDA:105,8,1,0
BRDA:122,9,0,10
BRDA:122,9,1,0
BRDA:122,10,0,10
BRDA:122,10,1,10
BRDA:162,11,0,9
BRDA:162,11,1,0
BRDA:162,12,0,9
BRDA:162,12,1,9
BRDA:165,13,0,1
BRDA:165,13,1,8
BRDA:170,14,0,9
BRDA:170,14,1,0
BRDA:170,15,0,9
BRDA:170,15,1,9
BRDA:170,15,2,9
BRDA:172,16,0,9
BRDA:172,16,1,9
BRDA:191,17,0,10
BRDA:191,17,1,0
BRDA:192,18,0,10
BRDA:192,18,1,0
BRDA:196,19,0,0
BRDA:196,19,1,21
BRDA:199,20,0,19
BRDA:199,20,1,2
BRDA:204,21,0,1
BRDA:204,21,1,9
BRDA:210,22,0,0
BRDA:210,22,1,1
BRDA:210,23,0,1
BRDA:210,23,1,0
BRDA:218,24,0,0
BRDA:218,24,1,0
BRDA:235,25,0,10
BRDA:235,25,1,0
BRDA:241,26,0,0
BRDA:241,26,1,0
BRDA:241,27,0,0
BRDA:241,27,1,0
BRDA:251,28,0,0
BRDA:251,28,1,0
BRDA:261,29,0,0
BRDA:261,29,1,0
BRDA:271,30,0,0
BRDA:271,30,1,0
BRDA:289,31,0,0
BRDA:289,31,1,10
BRDA:294,32,0,0
BRDA:294,32,1,10
BRF:70
BRH:40
end_of_record
TN:
SF:src/actions/WebhookAction.js
FN:9,(anonymous_0)
FN:14,(anonymous_1)
FN:21,(anonymous_2)
FN:33,(anonymous_3)
FN:105,(anonymous_4)
FN:107,(anonymous_5)
FN:116,(anonymous_6)
FN:138,(anonymous_7)
FN:196,(anonymous_8)
FN:203,(anonymous_9)
FN:221,(anonymous_10)
FN:232,(anonymous_11)
FN:235,(anonymous_12)
FN:239,(anonymous_13)
FNF:14
FNH:3
FNDA:1,(anonymous_0)
FNDA:0,(anonymous_1)
FNDA:0,(anonymous_2)
FNDA:0,(anonymous_3)
FNDA:4,(anonymous_4)
FNDA:0,(anonymous_5)
FNDA:0,(anonymous_6)
FNDA:0,(anonymous_7)
FNDA:0,(anonymous_8)
FNDA:4,(anonymous_9)
FNDA:0,(anonymous_10)
FNDA:0,(anonymous_11)
FNDA:0,(anonymous_12)
FNDA:0,(anonymous_13)
DA:3,1
DA:4,1
DA:5,1
DA:7,1
DA:9,1
DA:10,1
DA:11,1
DA:12,1
DA:13,1
DA:14,1
DA:22,0
DA:34,0
DA:106,4
DA:107,4
DA:116,4
DA:117,0
DA:118,0
DA:119,0
DA:123,0
DA:124,0
DA:125,0
DA:128,0
DA:138,4
DA:139,0
DA:140,0
DA:141,0
DA:143,0
DA:144,0
DA:147,0
DA:150,4
DA:151,4
DA:152,0
DA:153,0
DA:157,4
DA:158,4
DA:161,4
DA:164,4
DA:165,4
DA:167,4
DA:168,4
DA:172,4
DA:173,0
DA:176,4
DA:177,4
DA:178,4
DA:186,4
DA:187,3
DA:191,4
DA:192,0
DA:196,4
DA:197,0
DA:198,0
DA:200,0
DA:203,4
DA:204,4
DA:211,4
DA:213,0
DA:216,4
DA:217,4
DA:220,4
DA:222,0
DA:223,0
DA:224,0
DA:227,0
DA:231,0
DA:232,0
DA:235,0
DA:240,0
DA:245,4
DA:250,4
DA:251,4
DA:254,0
DA:255,0
DA:261,1
LF:74
LH:41
BRDA:13,0,0,1
BRDA:13,0,1,0
BRDA:118,1,0,0
BRDA:118,1,1,0
BRDA:118,2,0,0
BRDA:118,2,1,0
BRDA:123,3,0,0
BRDA:123,3,1,0
BRDA:123,4,0,0
BRDA:123,4,1,0
BRDA:123,4,2,0
BRDA:124,5,0,0
BRDA:124,5,1,0
BRDA:140,6,0,0
BRDA:140,6,1,0
BRDA:140,7,0,0
BRDA:140,7,1,0
BRDA:143,8,0,0
BRDA:143,8,1,0
BRDA:143,9,0,0
BRDA:143,9,1,0
BRDA:151,10,0,0
BRDA:151,10,1,4
BRDA:157,11,0,4
BRDA:157,11,1,0
BRDA:157,12,0,4
BRDA:157,12,1,0
BRDA:164,13,0,4
BRDA:164,13,1,0
BRDA:167,14,0,4
BRDA:167,14,1,0
BRDA:172,15,0,0
BRDA:172,15,1,4
BRDA:181,16,0,3
BRDA:181,16,1,1
BRDA:181,17,0,4
BRDA:181,17,1,4
BRDA:186,18,0,3
BRDA:186,18,1,1
BRDA:186,19,0,4
BRDA:186,19,1,4
BRDA:186,19,2,4
BRDA:186,19,3,4
BRDA:191,20,0,0
BRDA:191,20,1,4
BRDA:197,21,0,0
BRDA:197,21,1,0
BRDA:211,22,0,0
BRDA:211,22,1,4
BRDA:216,23,0,4
BRDA:216,23,1,0
BRDA:222,24,0,0
BRDA:222,24,1,0
BRDA:223,25,0,0
BRDA:223,25,1,0
BRDA:231,26,0,0
BRDA:231,26,1,0
BRDA:250,27,0,3
BRDA:250,27,1,1
BRF:59
BRH:22
end_of_record
TN:
SF:src/actions/actions.js
FN:31,(anonymous_0)
FN:65,(anonymous_1)
FN:92,(anonymous_2)
FN:118,(anonymous_3)
FN:125,(anonymous_4)
FN:132,(anonymous_5)
FN:149,(anonymous_6)
FN:150,(anonymous_7)
FN:156,(anonymous_8)
FN:176,(anonymous_9)
FN:178,(anonymous_10)
FN:190,(anonymous_11)
FN:191,(anonymous_12)
FN:198,(anonymous_13)
FN:206,(anonymous_14)
FN:211,(anonymous_15)
FN:214,(anonymous_16)
FN:225,(anonymous_17)
FN:304,(anonymous_18)
FN:308,(anonymous_19)
FN:328,(anonymous_20)
FN:329,(anonymous_21)
FN:342,getSettingsForm
FN:436,(anonymous_23)
FN:440,(anonymous_24)
FN:658,(anonymous_25)
FN:705,getDeletedSubmission
FN:720,getComponentValueFromRequest
FN:733,(anonymous_28)
FN:737,addAction
FN:750,(anonymous_30)
FN:751,(anonymous_31)
FN:763,(anonymous_32)
FN:774,(anonymous_33)
FN:780,(anonymous_34)
FN:803,(anonymous_35)
FN:831,actionPayload
FN:843,(anonymous_37)
FN:850,(anonymous_38)
FN:864,indexPayload
FN:866,(anonymous_40)
FN:878,(anonymous_41)
FN:880,(anonymous_42)
FN:885,(anonymous_43)
FN:901,(anonymous_44)
FN:913,(anonymous_45)
FNF:46
FNH:41
FNDA:1,(anonymous_0)
FNDA:997,(anonymous_1)
FNDA:1239,(anonymous_2)
FNDA:4112,(anonymous_3)
FNDA:3271,(anonymous_4)
FNDA:997,(anonymous_5)
FNDA:793,(anonymous_6)
FNDA:793,(anonymous_7)
FNDA:661,(anonymous_8)
FNDA:2322,(anonymous_9)
FNDA:2322,(anonymous_10)
FNDA:607,(anonymous_11)
FNDA:607,(anonymous_12)
FNDA:555,(anonymous_13)
FNDA:538,(anonymous_14)
FNDA:48,(anonymous_15)
FNDA:2305,(anonymous_16)
FNDA:607,(anonymous_17)
FNDA:61,(anonymous_18)
FNDA:74,(anonymous_19)
FNDA:5,(anonymous_20)
FNDA:66,(anonymous_21)
FNDA:1,getSettingsForm
FNDA:3,(anonymous_23)
FNDA:3,(anonymous_24)
FNDA:2,(anonymous_25)
FNDA:1,getDeletedSubmission
FNDA:92,getComponentValueFromRequest
FNDA:0,(anonymous_28)
FNDA:0,addAction
FNDA:0,(anonymous_30)
FNDA:0,(anonymous_31)
FNDA:0,(anonymous_32)
FNDA:1,(anonymous_33)
FNDA:1,(anonymous_34)
FNDA:1,(anonymous_35)
FNDA:92,actionPayload
FNDA:75,(anonymous_37)
FNDA:119,(anonymous_38)
FNDA:4,indexPayload
FNDA:5,(anonymous_40)
FNDA:5,(anonymous_41)
FNDA:96,(anonymous_42)
FNDA:6,(anonymous_43)
FNDA:1,(anonymous_44)
FNDA:2,(anonymous_45)
DA:3,1
DA:4,1
DA:5,1
DA:6,1
DA:10,1
DA:11,1
DA:21,1
DA:22,1
DA:31,1
DA:32,1
DA:39,1
DA:66,997
DA:67,997
DA:70,997
DA:71,997
DA:72,0
DA:76,997
DA:77,0
DA:81,997
DA:82,997
DA:91,997
DA:92,997
DA:93,1239
DA:94,0
DA:98,1239
DA:99,1239
DA:102,997
DA:103,997
DA:106,0
DA:119,4112
DA:120,502
DA:124,3610
DA:125,2613
DA:126,3271
DA:128,2613
DA:132,997
DA:133,997
DA:134,0
DA:137,997
DA:150,793
DA:151,793
DA:152,0
DA:156,793
DA:157,661
DA:158,0
DA:161,661
DA:178,2322
DA:179,2322
DA:180,0
DA:187,0
DA:190,2322
DA:191,607
DA:192,607
DA:193,52
DA:196,555
DA:198,555
DA:199,555
DA:200,0
DA:203,555
DA:204,0
DA:206,555
DA:207,538
DA:208,0
DA:210,538
DA:215,2305
DA:216,0
DA:217,0
DA:220,2305
DA:226,607
DA:227,607
DA:228,514
DA:231,93
DA:232,12
DA:233,12
DA:234,12
DA:237,12
DA:240,12
DA:241,12
DA:242,12
DA:243,12
DA:258,12
DA:273,8
DA:276,4
DA:281,4
DA:282,4
DA:287,81
DA:289,18
DA:290,18
DA:291,18
DA:292,18
DA:293,18
DA:301,18
DA:304,63
DA:305,61
DA:308,61
DA:309,74
DA:310,74
DA:311,74
DA:312,74
DA:315,74
DA:316,74
DA:317,0
DA:319,74
DA:321,74
DA:322,74
DA:324,74
DA:327,61
DA:328,5
DA:329,66
DA:333,2
DA:343,1
DA:346,1
DA:351,1
DA:352,1
DA:359,0
DA:382,1
DA:383,1
DA:390,0
DA:425,1
DA:426,1
DA:427,1
DA:428,0
DA:431,1
DA:433,1
DA:434,1
DA:436,3
DA:438,1
DA:440,3
DA:442,1
DA:443,1
DA:445,1
DA:450,1
DA:633,1
DA:641,1
DA:658,2
DA:694,1
DA:698,1
DA:701,0
DA:706,1
DA:707,1
DA:710,0
DA:715,0
DA:716,0
DA:721,92
DA:722,92
DA:723,92
DA:725,92
DA:729,92
DA:733,1
DA:734,0
DA:738,0
DA:739,0
DA:745,0
DA:746,0
DA:750,0
DA:751,0
DA:752,0
DA:753,0
DA:754,0
DA:756,0
DA:757,0
DA:760,0
DA:761,0
DA:764,0
DA:765,0
DA:766,0
DA:769,0
DA:774,1
DA:775,1
DA:776,1
DA:777,0
DA:780,1
DA:781,1
DA:782,0
DA:783,0
DA:786,1
DA:787,1
DA:793,1
DA:795,1
DA:796,1
DA:799,0
DA:800,0
DA:803,1
DA:804,1
DA:805,0
DA:806,0
DA:810,1
DA:817,1
DA:818,1
DA:819,1
DA:820,1
DA:824,0
DA:825,0
DA:832,92
DA:834,92
DA:835,3
DA:839,92
DA:842,92
DA:843,74
DA:844,75
DA:849,92
DA:850,74
DA:851,119
DA:856,92
DA:857,92
DA:858,92
DA:859,92
DA:860,92
DA:865,4
DA:866,4
DA:867,5
DA:868,5
DA:872,4
DA:876,1
DA:877,1
DA:878,1
DA:879,5
DA:881,96
DA:883,10
DA:884,10
DA:885,10
DA:886,6
DA:887,6
DA:891,86
DA:897,5
DA:901,1
DA:903,1
DA:904,1
DA:906,0
DA:910,1
DA:911,1
DA:912,1
DA:914,2
DA:915,1
DA:916,1
DA:917,0
DA:927,2
DA:943,1
DA:946,1
LF:239
LH:188
BRDA:66,0,0,997
BRDA:66,0,1,0
BRDA:71,1,0,0
BRDA:71,1,1,997
BRDA:76,2,0,0
BRDA:76,2,1,997
BRDA:76,3,0,997
BRDA:76,3,1,997
BRDA:93,4,0,0
BRDA:93,4,1,1239
BRDA:119,5,0,502
BRDA:119,5,1,3610
BRDA:124,6,0,2613
BRDA:124,6,1,997
BRDA:125,7,0,2613
BRDA:125,7,1,0
BRDA:126,8,0,3271
BRDA:126,8,1,2290
BRDA:126,8,2,2162
BRDA:126,8,3,2162
BRDA:133,9,0,0
BRDA:133,9,1,997
BRDA:151,10,0,0
BRDA:151,10,1,793
BRDA:157,11,0,0
BRDA:157,11,1,661
BRDA:179,12,0,0
BRDA:179,12,1,2322
BRDA:192,13,0,52
BRDA:192,13,1,555
BRDA:199,14,0,0
BRDA:199,14,1,555
BRDA:203,15,0,0
BRDA:203,15,1,555
BRDA:207,16,0,0
BRDA:207,16,1,538
BRDA:215,17,0,0
BRDA:215,17,1,2305
BRDA:227,18,0,514
BRDA:227,18,1,93
BRDA:231,19,0,12
BRDA:231,19,1,81
BRDA:242,20,0,0
BRDA:242,20,1,12
BRDA:245,21,0,0
BRDA:245,21,1,12
BRDA:252,22,0,0
BRDA:252,22,1,12
BRDA:260,23,0,0
BRDA:260,23,1,12
BRDA:279,24,0,4
BRDA:279,24,1,0
BRDA:281,25,0,4
BRDA:281,25,1,0
BRDA:287,26,0,18
BRDA:287,26,1,63
BRDA:287,27,0,81
BRDA:287,27,1,18
BRDA:289,28,0,18
BRDA:289,28,1,0
BRDA:290,29,0,18
BRDA:290,29,1,0
BRDA:292,30,0,18
BRDA:292,30,1,0
BRDA:302,31,0,18
BRDA:302,31,1,0
BRDA:302,31,2,18
BRDA:304,32,0,61
BRDA:304,32,1,2
BRDA:304,33,0,63
BRDA:304,33,1,1
BRDA:304,34,0,61
BRDA:304,34,1,61
BRDA:305,35,0,0
BRDA:305,36,0,0
BRDA:311,37,0,74
BRDA:311,37,1,74
BRDA:312,38,0,0
BRDA:312,38,1,74
BRDA:316,39,0,0
BRDA:316,39,1,74
BRDA:316,40,0,74
BRDA:316,40,1,74
BRDA:321,41,0,74
BRDA:321,41,1,0
BRDA:321,42,0,74
BRDA:321,42,1,74
BRDA:327,43,0,2
BRDA:327,43,1,59
BRDA:351,44,0,1
BRDA:351,44,1,0
BRDA:351,45,0,1
BRDA:351,45,1,1
BRDA:382,46,0,1
BRDA:382,46,1,0
BRDA:382,47,0,1
BRDA:382,47,1,1
BRDA:427,48,0,0
BRDA:427,48,1,1
BRDA:427,49,0,1
BRDA:427,49,1,1
BRDA:658,50,0,1
BRDA:658,50,1,1
BRDA:722,51,0,1
BRDA:722,51,1,91
BRDA:723,52,0,0
BRDA:723,52,1,92
BRDA:725,53,0,1
BRDA:725,53,1,91
BRDA:726,54,0,91
BRDA:726,54,1,74
BRDA:738,55,0,0
BRDA:738,55,1,0
BRDA:740,56,0,0
BRDA:740,56,1,0
BRDA:752,57,0,0
BRDA:752,57,1,0
BRDA:756,58,0,0
BRDA:756,58,1,0
BRDA:756,59,0,0
BRDA:756,59,1,0
BRDA:764,60,0,0
BRDA:764,60,1,0
BRDA:776,61,0,0
BRDA:776,61,1,1
BRDA:781,62,0,0
BRDA:781,62,1,1
BRDA:786,63,0,1
BRDA:786,63,1,0
BRDA:788,64,0,1
BRDA:788,64,1,0
BRDA:804,65,0,0
BRDA:804,65,1,1
BRDA:832,66,0,92
BRDA:832,66,1,0
BRDA:834,67,0,3
BRDA:834,67,1,89
BRDA:842,68,0,74
BRDA:842,68,1,18
BRDA:849,69,0,74
BRDA:849,69,1,18
BRDA:856,70,0,92
BRDA:856,70,1,0
BRDA:856,70,2,0
BRDA:857,71,0,92
BRDA:857,71,1,0
BRDA:857,71,2,0
BRDA:867,72,0,5
BRDA:867,72,1,0
BRDA:881,73,0,10
BRDA:881,73,1,86
BRDA:903,74,0,1
BRDA:903,74,1,0
BRDA:914,75,0,1
BRDA:914,75,1,1
BRDA:914,76,0,2
BRDA:914,76,1,2
BRDA:914,76,2,2
BRDA:914,76,3,2
BRDA:916,77,0,0
BRDA:916,77,1,1
BRDA:916,78,0,1
BRDA:916,78,1,0
BRDA:916,78,2,0
BRDA:921,79,0,0
BRDA:921,79,1,0
BRF:166
BRH:105
end_of_record
TN:
SF:src/actions/fields/datetime.js
FN:4,(anonymous_0)
FN:4,(anonymous_1)
FN:9,(anonymous_2)
FNF:3
FNH:2
FNDA:1,(anonymous_0)
FNDA:293,(anonymous_1)
FNDA:0,(anonymous_2)
DA:2,1
DA:4,1
DA:6,293
DA:7,192
DA:8,192
DA:9,86
DA:10,86
DA:12,106
DA:13,1
LF:9
LH:9
BRDA:6,0,0,192
BRDA:6,0,1,101
BRDA:6,1,0,293
BRDA:6,1,1,192
BRDA:8,2,0,86
BRDA:8,2,1,106
BRDA:9,3,0,0
BRDA:9,3,1,86
BRDA:9,4,0,0
BRDA:9,4,1,0
BRDA:12,5,0,1
BRDA:12,5,1,105
BRF:12
BRH:9
end_of_record
TN:
SF:src/actions/fields/email.js
FN:3,(anonymous_0)
FN:6,(anonymous_1)
FNF:2
FNH:2
FNDA:1,(anonymous_0)
FNDA:587,(anonymous_1)
DA:3,1
DA:4,1
DA:6,1
DA:8,587
DA:9,381
DA:12,206
LF:6
LH:6
BRDA:8,0,0,381
BRDA:8,0,1,206
BRF:2
BRH:2
end_of_record
TN:
SF:src/actions/fields/form.js
FN:6,(anonymous_0)
FN:10,(anonymous_1)
FN:31,(anonymous_2)
FN:35,(anonymous_3)
FN:53,(anonymous_4)
FN:57,(anonymous_5)
FN:63,(anonymous_6)
FN:95,(anonymous_7)
FN:118,(anonymous_8)
FN:142,(anonymous_9)
FN:166,(anonymous_10)
FN:170,(anonymous_11)
FN:171,(anonymous_12)
FNF:13
FNH:11
FNDA:1,(anonymous_0)
FNDA:49,(anonymous_1)
FNDA:22,(anonymous_2)
FNDA:36,(anonymous_3)
FNDA:18,(anonymous_4)
FNDA:0,(anonymous_5)
FNDA:0,(anonymous_6)
FNDA:18,(anonymous_7)
FNDA:23,(anonymous_8)
FNDA:6,(anonymous_9)
FNDA:81,(anonymous_10)
FNDA:49,(anonymous_11)
FNDA:49,(anonymous_12)
DA:3,1
DA:4,1
DA:6,1
DA:10,1
DA:12,49
DA:13,26
DA:17,23
DA:18,23
DA:19,23
DA:23,23
DA:28,1
DA:31,22
DA:32,22
DA:33,22
DA:35,36
DA:43,22
DA:46,4
DA:49,18
DA:50,18
DA:51,7
DA:53,18
DA:54,18
DA:56,0
DA:57,0
DA:58,0
DA:59,0
DA:60,0
DA:63,0
DA:68,0
DA:71,18
DA:72,18
DA:73,0
DA:75,18
DA:76,18
DA:79,18
DA:80,0
DA:83,18
DA:84,18
DA:85,7
DA:89,18
DA:91,18
DA:92,0
DA:95,18
DA:96,18
DA:97,0
DA:100,18
DA:101,18
DA:103,18
DA:104,7
DA:106,18
DA:108,18
DA:111,18
DA:118,1
DA:119,23
DA:126,23
DA:129,23
DA:130,16
DA:131,16
DA:132,16
DA:135,16
DA:136,0
DA:140,16
DA:141,16
DA:142,16
DA:143,6
DA:144,6
DA:147,16
DA:148,10
DA:153,10
DA:159,0
DA:163,23
DA:166,1
DA:167,81
DA:170,49
DA:171,49
DA:172,49
DA:173,0
DA:175,49
DA:180,23
LF:79
LH:65
BRDA:12,0,0,26
BRDA:12,0,1,23
BRDA:18,1,0,7
BRDA:18,1,1,16
BRDA:23,2,0,1
BRDA:23,2,1,22
BRDA:24,3,0,23
BRDA:24,3,1,15
BRDA:24,3,2,23
BRDA:24,3,3,8
BRDA:24,3,4,22
BRDA:24,3,5,7
BRDA:24,3,6,7
BRDA:34,4,0,22
BRDA:34,4,1,0
BRDA:35,5,0,36
BRDA:35,5,1,8
BRDA:35,5,2,5
BRDA:35,5,3,4
BRDA:43,6,0,4
BRDA:43,6,1,18
BRDA:44,7,0,22
BRDA:44,7,1,0
BRDA:44,7,2,22
BRDA:50,8,0,7
BRDA:50,8,1,11
BRDA:54,9,0,0
BRDA:54,9,1,18
BRDA:56,10,0,0
BRDA:56,10,1,0
BRDA:56,11,0,0
BRDA:56,11,1,0
BRDA:56,11,2,0
BRDA:58,12,0,0
BRDA:58,12,1,0
BRDA:68,13,0,0
BRDA:68,13,1,0
BRDA:72,14,0,0
BRDA:72,14,1,18
BRDA:73,15,0,0
BRDA:73,15,1,0
BRDA:79,16,0,0
BRDA:79,16,1,18
BRDA:84,17,0,7
BRDA:84,17,1,11
BRDA:89,18,0,11
BRDA:89,18,1,7
BRDA:91,19,0,0
BRDA:91,19,1,18
BRDA:96,20,0,0
BRDA:96,20,1,18
BRDA:100,21,0,18
BRDA:100,21,1,0
BRDA:101,22,0,18
BRDA:101,22,1,0
BRDA:101,23,0,18
BRDA:101,23,1,18
BRDA:101,23,2,18
BRDA:103,24,0,7
BRDA:103,24,1,11
BRDA:119,25,0,23
BRDA:119,25,1,0
BRDA:120,26,0,23
BRDA:120,26,1,23
BRDA:120,26,2,23
BRDA:120,26,3,23
BRDA:120,26,4,23
BRDA:129,27,0,16
BRDA:129,27,1,7
BRDA:129,28,0,23
BRDA:129,28,1,16
BRDA:130,29,0,16
BRDA:130,29,1,16
BRDA:135,30,0,0
BRDA:135,30,1,16
BRDA:141,31,0,16
BRDA:141,31,1,0
BRDA:143,32,0,6
BRDA:143,32,1,0
BRDA:147,33,0,10
BRDA:147,33,1,6
BRDA:167,34,0,16
BRDA:167,34,1,49
BRDA:167,34,2,8
BRDA:167,34,3,23
BRDA:172,35,0,0
BRDA:172,35,1,49
BRF:87
BRH:62
end_of_record
TN:
SF:src/actions/fields/index.js
FN:3,(anonymous_0)
FNF:1
FNH:1
FNDA:1,(anonymous_0)
DA:3,1
LF:1
LH:1
BRF:0
BRH:0
end_of_record
TN:
SF:src/actions/fields/password.js
FN:5,(anonymous_0)
FN:8,(anonymous_1)
FN:9,(anonymous_2)
FN:19,(anonymous_3)
FN:27,(anonymous_4)
FN:36,(anonymous_5)
FN:37,(anonymous_6)
FN:42,(anonymous_7)
FN:67,(anonymous_8)
FN:68,(anonymous_9)
FNF:10
FNH:10
FNDA:1,(anonymous_0)
FNDA:78,(anonymous_1)
FNDA:78,(anonymous_2)
FNDA:2,(anonymous_3)
FNDA:374,(anonymous_4)
FNDA:6,(anonymous_5)
FNDA:6,(anonymous_6)
FNDA:6,(anonymous_7)
FNDA:72,(anonymous_8)
FNDA:72,(anonymous_9)
DA:3,1
DA:5,1
DA:6,1
DA:8,1
DA:9,78
DA:10,78
DA:11,0
DA:14,78
DA:15,78
DA:19,1
DA:20,2
DA:21,2
DA:22,0
DA:24,2
DA:27,1
DA:28,374
DA:30,84
DA:31,84
DA:34,16
DA:35,8
DA:36,6
DA:37,6
DA:38,6
DA:39,0
DA:42,6
DA:43,6
DA:44,0
DA:47,6
DA:48,6
DA:50,6
DA:59,2
DA:60,2
DA:61,2
DA:64,8
DA:66,150
DA:67,72
DA:68,72
DA:69,72
DA:70,0
DA:72,72
DA:76,78
LF:41
LH:36
BRDA:10,0,0,0
BRDA:10,0,1,78
BRDA:21,1,0,0
BRDA:21,1,1,2
BRDA:28,2,0,84
BRDA:28,2,1,16
BRDA:28,2,2,150
BRDA:34,3,0,8
BRDA:34,3,1,8
BRDA:35,4,0,6
BRDA:35,4,1,2
BRDA:38,5,0,0
BRDA:38,5,1,6
BRDA:43,6,0,0
BRDA:43,6,1,6
BRDA:47,7,0,6
BRDA:47,7,1,0
BRDA:48,8,0,6
BRDA:48,8,1,0
BRDA:66,9,0,72
BRDA:66,9,1,78
BRDA:66,10,0,150
BRDA:66,10,1,74
BRDA:69,11,0,0
BRDA:69,11,1,72
BRF:25
BRH:18
end_of_record
TN:
SF:src/actions/fields/signature.js
FN:5,(anonymous_0)
FN:5,(anonymous_1)
FNF:2
FNH:2
FNDA:1,(anonymous_0)
FNDA:93,(anonymous_1)
DA:3,1
DA:5,1
DA:6,93
DA:7,93
DA:9,54
DA:10,0
DA:14,54
DA:15,1
DA:17,54
DA:19,9
DA:20,0
DA:27,9
DA:28,1
DA:29,1
DA:32,9
DA:36,2
DA:38,2
DA:39,0
DA:42,2
LF:19
LH:16
BRDA:7,0,0,54
BRDA:7,0,1,9
BRDA:9,1,0,0
BRDA:9,1,1,54
BRDA:14,2,0,1
BRDA:14,2,1,53
BRDA:14,3,0,54
BRDA:14,3,1,6
BRDA:14,3,2,4
BRDA:19,4,0,0
BRDA:19,4,1,9
BRDA:27,5,0,1
BRDA:27,5,1,8
BRDA:27,6,0,9
BRDA:27,6,1,3
BRDA:27,6,2,1
BRDA:32,7,0,2
BRDA:32,7,1,7
BRDA:33,8,0,9
BRDA:33,8,1,9
BRDA:33,8,2,6
BRDA:38,9,0,0
BRDA:38,9,1,2
BRF:23
BRH:20
end_of_record
TN:
SF:src/actions/properties/index.js
FN:3,(anonymous_0)
FNF:1
FNH:1
FNDA:1,(anonymous_0)
DA:3,1
LF:1
LH:1
BRF:0
BRH:0
end_of_record
TN:
SF:src/actions/properties/reference.js
FN:6,(anonymous_0)
FN:11,(anonymous_1)
FN:49,(anonymous_2)
FN:50,(anonymous_3)
FN:52,(anonymous_4)
FN:66,(anonymous_5)
FN:68,(anonymous_6)
FN:79,(anonymous_7)
FN:80,(anonymous_8)
FN:82,(anonymous_9)
FN:106,(anonymous_10)
FN:124,(anonymous_11)
FN:149,(anonymous_12)
FN:168,(anonymous_13)
FN:181,(anonymous_14)
FN:203,(anonymous_15)
FN:205,(anonymous_16)
FN:257,(anonymous_17)
FN:260,(anonymous_18)
FN:262,(anonymous_19)
FN:268,(anonymous_20)
FN:268,(anonymous_21)
FN:273,(anonymous_22)
FN:290,(anonymous_23)
FN:303,(anonymous_24)
FN:312,(anonymous_25)
FN:320,(anonymous_26)
FN:322,(anonymous_27)
FN:329,(anonymous_28)
FN:337,(anonymous_29)
FNF:30
FNH:23
FNDA:1,(anonymous_0)
FNDA:17,(anonymous_1)
FNDA:6,(anonymous_2)
FNDA:6,(anonymous_3)
FNDA:0,(anonymous_4)
FNDA:48,(anonymous_5)
FNDA:6,(anonymous_6)
FNDA:11,(anonymous_7)
FNDA:11,(anonymous_8)
FNDA:11,(anonymous_9)
FNDA:30,(anonymous_10)
FNDA:30,(anonymous_11)
FNDA:6,(anonymous_12)
FNDA:10,(anonymous_13)
FNDA:3,(anonymous_14)
FNDA:6,(anonymous_15)
FNDA:6,(anonymous_16)
FNDA:6,(anonymous_17)
FNDA:17,(anonymous_18)
FNDA:0,(anonymous_19)
FNDA:6,(anonymous_20)
FNDA:0,(anonymous_21)
FNDA:96,(anonymous_22)
FNDA:0,(anonymous_23)
FNDA:11,(anonymous_24)
FNDA:0,(anonymous_25)
FNDA:0,(anonymous_26)
FNDA:0,(anonymous_27)
FNDA:6,(anonymous_28)
FNDA:14,(anonymous_29)
DA:2,1
DA:3,1
DA:4,1
DA:6,1
DA:7,1
DA:8,1
DA:11,1
DA:12,17
DA:13,17
DA:21,17
DA:22,17
DA:23,0
DA:25,17
DA:26,17
DA:27,17
DA:28,17
DA:31,17
DA:32,11
DA:35,6
DA:39,17
DA:41,17
DA:42,17
DA:43,17
DA:44,17
DA:45,17
DA:49,1
DA:50,6
DA:51,6
DA:52,6
DA:53,0
DA:54,0
DA:57,0
DA:60,6
DA:61,6
DA:64,0
DA:66,6
DA:67,48
DA:69,6
DA:70,0
DA:73,6
DA:79,1
DA:80,11
DA:81,11
DA:82,11
DA:83,11
DA:84,11
DA:87,0
DA:90,11
DA:91,11
DA:94,0
DA:96,11
DA:97,11
DA:100,0
DA:106,1
DA:107,30
DA:108,30
DA:109,14
DA:110,10
DA:114,14
DA:117,14
DA:121,30
DA:124,1
DA:125,30
DA:126,30
DA:127,0
DA:130,30
DA:131,30
DA:132,7
DA:135,23
DA:136,23
DA:137,23
DA:139,23
DA:149,1
DA:150,6
DA:151,6
DA:152,6
DA:153,6
DA:154,6
DA:157,6
DA:168,6
DA:169,10
DA:170,0
DA:172,10
DA:173,4
DA:174,4
DA:179,6
DA:180,3
DA:181,3
DA:182,3
DA:183,3
DA:184,3
DA:185,3
DA:186,3
DA:189,3
DA:193,6
DA:199,6
DA:203,1
DA:205,6
DA:206,6
DA:207,6
DA:210,6
DA:211,6
DA:212,6
DA:215,6
DA:217,6
DA:224,6
DA:234,6
DA:235,6
DA:244,6
DA:245,6
DA:251,6
DA:252,3
DA:257,6
DA:259,6
DA:260,6
DA:261,17
DA:262,0
DA:263,0
DA:268,6
DA:273,1
DA:274,96
DA:275,96
DA:276,96
DA:277,96
DA:279,96
DA:281,12
DA:282,0
DA:284,12
DA:285,1
DA:288,11
DA:289,0
DA:290,0
DA:292,11
DA:293,11
DA:296,11
DA:297,0
DA:299,11
DA:304,11
DA:305,9
DA:308,2
DA:309,0
DA:312,0
DA:316,2
DA:321,0
DA:322,0
DA:325,0
DA:329,6
DA:330,6
DA:331,6
DA:332,6
DA:335,6
DA:336,6
DA:337,6
DA:338,14
DA:341,6
DA:344,22
DA:346,22
DA:348,8
DA:350,8
LF:159
LH:137
BRDA:12,0,0,17
BRDA:12,0,1,15
BRDA:12,0,2,4
BRDA:22,1,0,0
BRDA:22,1,1,17
BRDA:31,2,0,11
BRDA:31,2,1,6
BRDA:31,3,0,17
BRDA:31,3,1,11
BRDA:42,4,0,17
BRDA:42,4,1,6
BRDA:53,5,0,0
BRDA:53,5,1,0
BRDA:53,6,0,0
BRDA:53,6,1,0
BRDA:53,6,2,0
BRDA:69,7,0,0
BRDA:69,7,1,6
BRDA:83,8,0,11
BRDA:83,8,1,0
BRDA:83,9,0,11
BRDA:83,9,1,11
BRDA:83,9,2,0
BRDA:84,10,0,11
BRDA:84,10,1,0
BRDA:96,11,0,11
BRDA:96,11,1,0
BRDA:96,12,0,11
BRDA:96,12,1,11
BRDA:108,13,0,14
BRDA:108,13,1,16
BRDA:108,14,0,30
BRDA:108,14,1,25
BRDA:109,15,0,10
BRDA:109,15,1,4
BRDA:126,16,0,0
BRDA:126,16,1,30
BRDA:131,17,0,7
BRDA:131,17,1,23
BRDA:131,18,0,30
BRDA:131,18,1,23
BRDA:136,19,0,23
BRDA:136,19,1,0
BRDA:136,20,0,23
BRDA:136,20,1,23
BRDA:136,20,2,23
BRDA:169,21,0,0
BRDA:169,21,1,10
BRDA:172,22,0,4
BRDA:172,22,1,6
BRDA:179,23,0,3
BRDA:179,23,1,3
BRDA:183,24,0,1
BRDA:183,24,1,2
BRDA:184,25,0,3
BRDA:184,25,1,0
BRDA:185,26,0,1
BRDA:185,26,1,2
BRDA:206,27,0,6
BRDA:206,27,1,5
BRDA:206,27,2,0
BRDA:217,28,0,0
BRDA:217,28,1,6
BRDA:217,29,0,6
BRDA:217,29,1,0
BRDA:234,30,0,6
BRDA:234,30,1,0
BRDA:244,31,0,6
BRDA:244,31,1,0
BRDA:251,32,0,3
BRDA:251,32,1,3
BRDA:261,33,0,0
BRDA:261,33,1,17
BRDA:276,34,0,96
BRDA:276,34,1,44
BRDA:276,34,2,12
BRDA:279,35,0,12
BRDA:279,35,1,6
BRDA:279,35,2,6
BRDA:279,35,3,22
BRDA:279,35,4,22
BRDA:279,35,5,8
BRDA:279,35,6,8
BRDA:281,36,0,0
BRDA:281,36,1,12
BRDA:284,37,0,1
BRDA:284,37,1,11
BRDA:288,38,0,0
BRDA:288,38,1,11
BRDA:288,39,0,11
BRDA:288,39,1,0
BRDA:292,40,0,11
BRDA:292,40,1,0
BRDA:296,41,0,0
BRDA:296,41,1,11
BRDA:304,42,0,9
BRDA:304,42,1,2
BRDA:305,43,0,0
BRDA:305,43,1,9
BRDA:308,44,0,0
BRDA:308,44,1,2
BRDA:321,45,0,0
BRDA:321,45,1,0
BRDA:330,46,0,6
BRDA:330,46,1,6
BRDA:336,47,0,6
BRDA:336,47,1,0
BRDA:336,48,0,6
BRDA:336,48,1,6
BRF:109
BRH:78
end_of_record
TN:
SF:src/actions/properties/setDefaultProperties.js
FN:4,(anonymous_0)
FNF:1
FNH:1
FNDA:6229,(anonymous_0)
DA:3,1
DA:5,6229
DA:6,26
LF:3
LH:3
BRDA:5,0,0,26
BRDA:5,0,1,6203
BRF:2
BRH:2
end_of_record
TN:
SF:src/authentication/index.js
FN:19,(anonymous_0)
FN:20,(anonymous_1)
FN:37,(anonymous_2)
FN:59,(anonymous_3)
FN:77,(anonymous_4)
FN:110,(anonymous_5)
FN:154,(anonymous_6)
FN:164,(anonymous_7)
FN:173,(anonymous_8)
FN:189,(anonymous_9)
FN:213,(anonymous_10)
FN:228,(anonymous_11)
FN:257,(anonymous_12)
FN:268,(anonymous_13)
FN:283,(anonymous_14)
FN:322,(anonymous_15)
FN:370,(anonymous_16)
FN:417,(anonymous_17)
FNF:18
FNH:17
FNDA:1,(anonymous_0)
FNDA:0,(anonymous_1)
FNDA:1495,(anonymous_2)
FNDA:1476,(anonymous_3)
FNDA:10,(anonymous_4)
FNDA:6,(anonymous_5)
FNDA:4,(anonymous_6)
FNDA:4,(anonymous_7)
FNDA:8,(anonymous_8)
FNDA:6,(anonymous_9)
FNDA:39,(anonymous_10)
FNDA:39,(anonymous_11)
FNDA:29,(anonymous_12)
FNDA:29,(anonymous_13)
FNDA:29,(anonymous_14)
FNDA:39,(anonymous_15)
FNDA:36,(anonymous_16)
FNDA:1,(anonymous_17)
DA:11,1
DA:12,1
DA:13,1
DA:14,1
DA:15,1
DA:19,1
DA:20,1
DA:21,1
DA:24,1
DA:37,1
DA:39,1495
DA:40,1495
DA:41,1495
DA:46,1495
DA:48,1495
DA:59,1
DA:60,1476
DA:61,1469
DA:64,7
DA:67,7
DA:69,0
DA:71,0
DA:72,0
DA:76,7
DA:77,7
DA:78,10
DA:79,10
DA:80,0
DA:84,10
DA:85,3
DA:88,7
DA:89,7
DA:90,7
DA:91,3
DA:95,0
DA:98,4
DA:110,1
DA:111,6
DA:112,6
DA:113,6
DA:114,0
DA:117,6
DA:120,6
DA:121,0
DA:125,6
DA:126,1
DA:131,5
DA:132,5
DA:133,5
DA:136,5
DA:137,1
DA:141,4
DA:142,2
DA:145,4
DA:146,4
DA:149,4
DA:152,4
DA:155,4
DA:156,0
DA:159,4
DA:164,4
DA:165,4
DA:166,0
DA:168,4
DA:173,1
DA:174,8
DA:175,0
DA:178,8
DA:179,8
DA:180,0
DA:182,8
DA:183,2
DA:186,6
DA:187,6
DA:189,6
DA:190,6
DA:191,2
DA:193,4
DA:213,1
DA:214,39
DA:215,0
DA:218,39
DA:219,39
DA:220,0
DA:224,0
DA:228,39
DA:229,39
DA:230,0
DA:234,0
DA:237,39
DA:238,10
DA:239,10
DA:243,29
DA:244,29
DA:248,29
DA:249,0
DA:253,0
DA:257,29
DA:258,29
DA:260,0
DA:264,29
DA:265,29
DA:268,29
DA:269,29
DA:270,0
DA:274,29
DA:283,29
DA:285,29
DA:297,0
DA:301,0
DA:322,1
DA:324,39
DA:325,0
DA:326,0
DA:328,39
DA:329,0
DA:330,0
DA:333,39
DA:336,39
DA:337,39
DA:339,0
DA:340,0
DA:342,0
DA:343,0
DA:348,39
DA:351,39
DA:352,39
DA:353,39
DA:354,39
DA:355,39
DA:356,39
DA:359,0
DA:370,1
DA:371,36
DA:372,2
DA:376,34
DA:377,34
DA:378,34
DA:379,34
DA:383,34
DA:384,34
DA:385,0
DA:387,34
DA:388,34
DA:389,34
DA:392,34
DA:393,28
DA:397,34
DA:403,34
DA:404,34
DA:410,1
DA:418,1
DA:419,1
LF:153
LH:121
BRDA:20,0,0,1
BRDA:20,0,1,0
BRDA:48,1,0,1495
BRDA:48,1,1,1495
BRDA:60,2,0,1469
BRDA:60,2,1,7
BRDA:67,3,0,0
BRDA:67,3,1,7
BRDA:67,4,0,7
BRDA:67,4,1,0
BRDA:67,4,2,0
BRDA:71,5,0,0
BRDA:71,5,1,0
BRDA:71,6,0,0
BRDA:71,6,1,0
BRDA:79,7,0,0
BRDA:79,7,1,10
BRDA:79,8,0,10
BRDA:79,8,1,10
BRDA:84,9,0,3
BRDA:84,9,1,7
BRDA:90,10,0,3
BRDA:90,10,1,4
BRDA:112,11,0,6
BRDA:112,11,1,0
BRDA:113,12,0,0
BRDA:113,12,1,6
BRDA:120,13,0,0
BRDA:120,13,1,6
BRDA:125,14,0,1
BRDA:125,14,1,5
BRDA:132,15,0,5
BRDA:132,15,1,0
BRDA:136,16,0,1
BRDA:136,16,1,4
BRDA:136,17,0,5
BRDA:136,17,1,1
BRDA:141,18,0,2
BRDA:141,18,1,2
BRDA:155,19,0,0
BRDA:155,19,1,4
BRDA:165,20,0,0
BRDA:165,20,1,4
BRDA:174,21,0,0
BRDA:174,21,1,8
BRDA:179,22,0,0
BRDA:179,22,1,8
BRDA:179,23,0,8
BRDA:179,23,1,0
BRDA:179,23,2,8
BRDA:182,24,0,2
BRDA:182,24,1,6
BRDA:187,25,0,6
BRDA:187,25,1,4
BRDA:190,26,0,2
BRDA:190,26,1,4
BRDA:214,27,0,0
BRDA:214,27,1,39
BRDA:219,28,0,0
BRDA:219,28,1,39
BRDA:229,29,0,0
BRDA:229,29,1,39
BRDA:237,30,0,10
BRDA:237,30,1,29
BRDA:248,31,0,0
BRDA:248,31,1,29
BRDA:258,32,0,0
BRDA:258,32,1,29
BRDA:269,33,0,0
BRDA:269,33,1,29
BRDA:324,34,0,0
BRDA:324,34,1,39
BRDA:328,35,0,0
BRDA:328,35,1,39
BRDA:336,36,0,39
BRDA:336,36,1,0
BRDA:339,37,0,0
BRDA:339,37,1,0
BRDA:342,38,0,0
BRDA:342,38,1,0
BRDA:348,39,0,39
BRDA:348,39,1,0
BRDA:351,40,0,39
BRDA:351,40,1,39
BRDA:353,41,0,39
BRDA:353,41,1,0
BRDA:371,42,0,2
BRDA:371,42,1,34
BRDA:371,43,0,36
BRDA:371,43,1,34
BRDA:376,44,0,34
BRDA:376,44,1,0
BRDA:384,45,0,0
BRDA:384,45,1,34
BRDA:392,46,0,28
BRDA:392,46,1,6
BRF:96
BRH:61
end_of_record
TN:
SF:src/authentication/nonce.js
FN:14,(anonymous_0)
FNF:1
FNH:0
FNDA:0,(anonymous_0)
DA:3,0
DA:15,0
LF:2
LH:0
BRF:0
BRH:0
end_of_record
TN:
SF:src/cache/cache.js
FN:16,(anonymous_0)
FN:21,(anonymous_1)
FN:40,(anonymous_2)
FN:67,(anonymous_3)
FN:111,(anonymous_4)
FN:120,(anonymous_5)
FN:137,(anonymous_6)
FN:144,(anonymous_7)
FN:168,(anonymous_8)
FN:179,(anonymous_9)
FN:207,(anonymous_10)
FN:225,(anonymous_11)
FN:269,(anonymous_12)
FN:276,(anonymous_13)
FN:298,(anonymous_14)
FN:317,(anonymous_15)
FN:361,(anonymous_16)
FN:406,(anonymous_17)
FN:419,(anonymous_18)
FN:444,(anonymous_19)
FN:459,(anonymous_20)
FN:464,(anonymous_21)
FN:475,(anonymous_22)
FN:492,(anonymous_23)
FN:502,(anonymous_24)
FN:502,(anonymous_25)
FN:506,(anonymous_26)
FN:531,(anonymous_27)
FN:538,(anonymous_28)
FNF:29
FNH:18
FNDA:2,(anonymous_0)
FNDA:7310,(anonymous_1)
FNDA:1421,(anonymous_2)
FNDA:5071,(anonymous_3)
FNDA:19,(anonymous_4)
FNDA:29,(anonymous_5)
FNDA:19,(anonymous_6)
FNDA:0,(anonymous_7)
FNDA:0,(anonymous_8)
FNDA:1713,(anonymous_9)
FNDA:1027,(anonymous_10)
FNDA:2088,(anonymous_11)
FNDA:0,(anonymous_12)
FNDA:0,(anonymous_13)
FNDA:102,(anonymous_14)
FNDA:0,(anonymous_15)
FNDA:151,(anonymous_16)
FNDA:825,(anonymous_17)
FNDA:3381,(anonymous_18)
FNDA:29,(anonymous_19)
FNDA:825,(anonymous_20)
FNDA:3381,(anonymous_21)
FNDA:796,(anonymous_22)
FNDA:0,(anonymous_23)
FNDA:0,(anonymous_24)
FNDA:0,(anonymous_25)
FNDA:0,(anonymous_26)
FNDA:0,(anonymous_27)
FNDA:0,(anonymous_28)
DA:2,1
DA:3,1
DA:4,1
DA:16,1
DA:17,2
DA:18,2
DA:20,2
DA:22,7310
DA:23,1719
DA:31,7310
DA:41,1421
DA:42,1421
DA:43,0
DA:47,1421
DA:48,1421
DA:52,1421
DA:53,1421
DA:57,1421
DA:68,5071
DA:69,5071
DA:70,3800
DA:71,3800
DA:74,1271
DA:75,1271
DA:76,1271
DA:77,0
DA:80,1271
DA:81,1271
DA:82,10
DA:85,1271
DA:86,1271
DA:89,1270
DA:90,0
DA:91,0
DA:94,1270
DA:95,1270
DA:96,1270
DA:97,1270
DA:100,1
DA:101,1
DA:112,19
DA:114,0
DA:117,19
DA:118,19
DA:120,29
DA:125,19
DA:126,0
DA:129,19
DA:132,0
DA:133,0
DA:138,19
DA:139,19
DA:140,19
DA:143,0
DA:144,0
DA:145,0
DA:146,0
DA:147,0
DA:158,0
DA:159,0
DA:160,0
DA:163,0
DA:166,0
DA:167,0
DA:169,0
DA:170,0
DA:171,0
DA:172,0
DA:175,0
DA:180,1713
DA:181,1713
DA:182,1713
DA:183,1713
DA:184,628
DA:187,0
DA:188,0
DA:190,0
DA:191,0
DA:193,1713
DA:194,0
DA:196,1713
DA:197,1713
DA:198,1713
DA:208,1027
DA:209,1027
DA:210,0
DA:212,1027
DA:226,2088
DA:227,2088
DA:228,256
DA:229,256
DA:232,1832
DA:233,1832
DA:234,0
DA:237,1832
DA:238,1832
DA:239,0
DA:242,1832
DA:243,1832
DA:244,1832
DA:246,1832
DA:247,1832
DA:248,1831
DA:249,36
DA:250,36
DA:253,1795
DA:254,1795
DA:255,1795
DA:258,1
DA:259,1
DA:270,0
DA:272,0
DA:275,0
DA:276,0
DA:279,0
DA:280,0
DA:281,0
DA:282,0
DA:283,0
DA:285,0
DA:288,0
DA:289,0
DA:299,102
DA:300,0
DA:302,102
DA:303,0
DA:305,102
DA:306,102
DA:318,0
DA:319,0
DA:320,0
DA:321,0
DA:324,0
DA:329,0
DA:330,0
DA:331,0
DA:332,0
DA:335,0
DA:336,0
DA:337,0
DA:338,0
DA:339,0
DA:342,0
DA:343,0
DA:347,0
DA:348,0
DA:362,151
DA:363,151
DA:364,0
DA:365,0
DA:368,151
DA:373,151
DA:374,151
DA:375,151
DA:376,0
DA:379,151
DA:380,151
DA:381,151
DA:382,151
DA:383,151
DA:386,0
DA:387,0
DA:391,0
DA:392,0
DA:407,825
DA:408,825
DA:409,825
DA:412,825
DA:413,0
DA:417,825
DA:418,825
DA:419,825
DA:420,3381
DA:421,29
DA:422,29
DA:423,29
DA:425,29
DA:426,0
DA:432,825
DA:433,806
DA:437,19
DA:438,19
DA:439,19
DA:441,19
DA:443,19
DA:444,19
DA:445,29
DA:446,29
DA:447,0
DA:448,0
DA:450,29
DA:451,29
DA:455,0
DA:460,825
DA:461,0
DA:463,825
DA:464,825
DA:465,3381
DA:466,29
DA:467,29
DA:468,29
DA:469,29
DA:476,796
DA:477,796
DA:478,796
DA:479,796
DA:493,0
DA:496,0
DA:497,0
DA:501,0
DA:502,0
DA:503,0
DA:504,0
DA:505,0
DA:506,0
DA:508,0
DA:509,0
DA:510,0
DA:511,0
DA:512,0
DA:513,0
DA:514,0
DA:517,0
DA:523,0
DA:526,0
DA:527,0
DA:528,0
DA:529,0
DA:531,0
DA:532,0
DA:533,0
DA:535,0
DA:536,0
DA:537,0
DA:538,0
DA:540,0
DA:541,0
DA:545,0
DA:547,0
DA:552,0
LF:240
LH:129
BRDA:22,0,0,1719
BRDA:22,0,1,5591
BRDA:42,1,0,0
BRDA:42,1,1,1421
BRDA:47,2,0,1421
BRDA:47,2,1,0
BRDA:52,3,0,1421
BRDA:52,3,1,0
BRDA:69,4,0,3800
BRDA:69,4,1,1271
BRDA:69,5,0,5071
BRDA:69,5,1,5071
BRDA:76,6,0,0
BRDA:76,6,1,1271
BRDA:81,7,0,10
BRDA:81,7,1,1261
BRDA:89,8,0,0
BRDA:89,8,1,1270
BRDA:112,9,0,0
BRDA:112,9,1,19
BRDA:112,10,0,19
BRDA:112,10,1,19
BRDA:125,11,0,0
BRDA:125,11,1,19
BRDA:125,12,0,19
BRDA:125,12,1,19
BRDA:138,13,0,19
BRDA:138,13,1,0
BRDA:138,14,0,19
BRDA:138,14,1,19
BRDA:138,14,2,0
BRDA:145,15,0,0
BRDA:145,15,1,0
BRDA:147,16,0,0
BRDA:147,16,1,0
BRDA:159,17,0,0
BRDA:159,17,1,0
BRDA:169,18,0,0
BRDA:169,18,1,0
BRDA:181,19,0,1713
BRDA:181,19,1,0
BRDA:183,20,0,628
BRDA:183,20,1,1085
BRDA:187,21,0,0
BRDA:187,21,1,0
BRDA:187,22,0,0
BRDA:187,22,1,0
BRDA:190,23,0,0
BRDA:190,23,1,0
BRDA:193,24,0,0
BRDA:193,24,1,1713
BRDA:209,25,0,0
BRDA:209,25,1,1027
BRDA:227,26,0,256
BRDA:227,26,1,1832
BRDA:227,27,0,2088
BRDA:227,27,1,2088
BRDA:233,28,0,0
BRDA:233,28,1,1832
BRDA:238,29,0,0
BRDA:238,29,1,1832
BRDA:244,30,0,1832
BRDA:244,30,1,1832
BRDA:248,31,0,36
BRDA:248,31,1,1795
BRDA:270,32,0,0
BRDA:270,32,1,0
BRDA:270,33,0,0
BRDA:270,33,1,0
BRDA:279,34,0,0
BRDA:279,34,1,0
BRDA:282,35,0,0
BRDA:282,35,1,0
BRDA:299,36,0,0
BRDA:299,36,1,102
BRDA:302,37,0,0
BRDA:302,37,1,102
BRDA:319,38,0,0
BRDA:319,38,1,0
BRDA:331,39,0,0
BRDA:331,39,1,0
BRDA:363,40,0,0
BRDA:363,40,1,151
BRDA:375,41,0,0
BRDA:375,41,1,151
BRDA:407,42,0,825
BRDA:407,42,1,796
BRDA:408,43,0,825
BRDA:408,43,1,0
BRDA:412,44,0,0
BRDA:412,44,1,825
BRDA:420,45,0,29
BRDA:420,45,1,3352
BRDA:420,46,0,3381
BRDA:420,46,1,29
BRDA:425,47,0,0
BRDA:425,47,1,29
BRDA:425,48,0,29
BRDA:425,48,1,29
BRDA:432,49,0,806
BRDA:432,49,1,19
BRDA:443,50,0,19
BRDA:443,50,1,19
BRDA:446,51,0,0
BRDA:446,51,1,29
BRDA:450,52,0,0
BRDA:450,52,1,29
BRDA:460,53,0,0
BRDA:460,53,1,825
BRDA:465,54,0,29
BRDA:465,54,1,3352
BRDA:465,55,0,3381
BRDA:465,55,1,29
BRDA:467,56,0,29
BRDA:467,56,1,0
BRDA:493,57,0,0
BRDA:493,57,1,0
BRDA:496,58,0,0
BRDA:496,58,1,0
BRDA:503,59,0,0
BRDA:503,59,1,0
BRDA:505,60,0,0
BRDA:505,60,1,0
BRDA:508,61,0,0
BRDA:508,61,1,0
BRDA:508,62,0,0
BRDA:508,62,1,0
BRDA:510,63,0,0
BRDA:510,63,1,0
BRDA:510,64,0,0
BRDA:510,64,1,0
BRDA:513,65,0,0
BRDA:513,65,1,0
BRDA:513,66,0,0
BRDA:513,66,1,0
BRDA:528,67,0,0
BRDA:528,67,1,0
BRDA:528,68,0,0
BRDA:528,68,1,0
BRDA:532,69,0,0
BRDA:532,69,1,0
BRDA:532,70,0,0
BRDA:532,70,1,0
BRDA:536,71,0,0
BRDA:536,71,1,0
BRDA:540,72,0,0
BRDA:540,72,1,0
BRDA:540,73,0,0
BRDA:540,73,1,0
BRF:149
BRH:64
end_of_record
TN:
SF:src/export/Exporter.js
FN:4,(anonymous_0)
FN:18,(anonymous_1)
FN:19,(anonymous_2)
FN:31,(anonymous_3)
FN:40,(anonymous_4)
FNF:5
FNH:4
FNDA:25,(anonymous_0)
FNDA:25,(anonymous_1)
FNDA:25,(anonymous_2)
FNDA:11,(anonymous_3)
FNDA:0,(anonymous_4)
DA:5,25
DA:6,25
DA:7,25
DA:8,25
DA:9,25
DA:19,25
DA:20,25
DA:21,25
DA:22,25
DA:32,11
DA:41,0
DA:46,1
LF:12
LH:11
BRF:0
BRH:0
end_of_record
TN:
SF:src/export/export.js
FN:9,(anonymous_0)
FN:24,(anonymous_1)
FN:72,(anonymous_2)
FN:73,(anonymous_3)
FN:75,(anonymous_4)
FN:84,(anonymous_5)
FN:92,(anonymous_6)
FN:97,(anonymous_7)
FN:105,(anonymous_8)
FN:112,(anonymous_9)
FN:141,(anonymous_10)
FN:148,(anonymous_11)
FN:150,(anonymous_12)
FN:156,(anonymous_13)
FN:161,(anonymous_14)
FN:168,(anonymous_15)
FN:170,(anonymous_16)
FN:200,(anonymous_17)
FN:204,(anonymous_18)
FN:214,(anonymous_19)
FN:221,(anonymous_20)
FN:221,(anonymous_21)
FN:221,(anonymous_22)
FN:225,(anonymous_23)
FNF:24
FNH:20
FNDA:1,(anonymous_0)
FNDA:27,(anonymous_1)
FNDA:1,(anonymous_2)
FNDA:2,(anonymous_3)
FNDA:2,(anonymous_4)
FNDA:27,(anonymous_5)
FNDA:49,(anonymous_6)
FNDA:1,(anonymous_7)
FNDA:0,(anonymous_8)
FNDA:1,(anonymous_9)
FNDA:25,(anonymous_10)
FNDA:25,(anonymous_11)
FNDA:113,(anonymous_12)
FNDA:426,(anonymous_13)
FNDA:1,(anonymous_14)
FNDA:1,(anonymous_15)
FNDA:0,(anonymous_16)
FNDA:112,(anonymous_17)
FNDA:112,(anonymous_18)
FNDA:0,(anonymous_19)
FNDA:25,(anonymous_20)
FNDA:25,(anonymous_21)
FNDA:25,(anonymous_22)
FNDA:0,(anonymous_23)
DA:3,1
DA:4,1
DA:5,1
DA:6,1
DA:7,1
DA:9,1
DA:10,1
DA:12,1
DA:24,1
DA:25,27
DA:26,2
DA:30,25
DA:35,25
DA:36,0
DA:40,25
DA:41,25
DA:42,25
DA:43,0
DA:47,25
DA:48,25
DA:49,0
DA:50,0
DA:53,0
DA:54,0
DA:58,25
DA:64,25
DA:67,25
DA:68,25
DA:72,25
DA:73,1
DA:74,2
DA:76,2
DA:78,2
DA:84,25
DA:85,27
DA:86,0
DA:88,27
DA:89,0
DA:91,27
DA:92,27
DA:93,49
DA:94,1
DA:97,1
DA:98,1
DA:99,1
DA:101,1
DA:102,0
DA:104,0
DA:106,0
DA:107,0
DA:111,1
DA:113,1
DA:115,1
DA:121,48
DA:123,27
DA:128,25
DA:129,1
DA:130,1
DA:133,24
DA:138,25
DA:141,25
DA:142,25
DA:143,0
DA:147,25
DA:149,25
DA:150,25
DA:152,113
DA:154,113
DA:156,113
DA:157,426
DA:159,1
DA:162,1
DA:163,0
DA:167,1
DA:168,1
DA:171,0
DA:172,0
DA:177,425
DA:178,0
DA:181,425
DA:185,113
DA:186,113
DA:190,25
DA:192,4
DA:196,25
DA:198,25
DA:200,25
DA:202,112
DA:203,112
DA:205,112
DA:207,112
DA:208,112
DA:209,112
DA:214,25
DA:215,0
DA:216,0
DA:217,0
DA:221,25
DA:223,25
DA:227,0
DA:232,0
LF:101
LH:79
BRDA:25,0,0,2
BRDA:25,0,1,25
BRDA:25,1,0,27
BRDA:25,1,1,8
BRDA:30,2,0,14
BRDA:30,2,1,11
BRDA:30,3,0,25
BRDA:30,3,1,25
BRDA:35,4,0,0
BRDA:35,4,1,25
BRDA:42,5,0,0
BRDA:42,5,1,25
BRDA:48,6,0,0
BRDA:48,6,1,25
BRDA:67,7,0,25
BRDA:67,7,1,0
BRDA:67,8,0,25
BRDA:67,8,1,25
BRDA:85,9,0,0
BRDA:85,9,1,27
BRDA:88,10,0,0
BRDA:88,10,1,27
BRDA:93,11,0,1
BRDA:93,11,1,48
BRDA:93,12,0,49
BRDA:93,12,1,1
BRDA:101,13,0,0
BRDA:101,13,1,1
BRDA:128,14,0,1
BRDA:128,14,1,24
BRDA:142,15,0,0
BRDA:142,15,1,25
BRDA:149,16,0,25
BRDA:149,16,1,25
BRDA:157,17,0,1
BRDA:157,17,1,425
BRDA:157,18,0,426
BRDA:157,18,1,413
BRDA:162,19,0,0
BRDA:162,19,1,1
BRDA:177,20,0,0
BRDA:177,20,1,425
BRDA:177,21,0,425
BRDA:177,21,1,0
BRDA:177,21,2,0
BRDA:190,22,0,4
BRDA:190,22,1,21
BRDA:190,23,0,25
BRDA:190,23,1,23
BRF:49
BRH:37
end_of_record
TN:
SF:src/export/index.js
FNF:0
FNH:0
DA:3,1
LF:1
LH:1
BRF:0
BRH:0
end_of_record
TN:
SF:src/export/exporters/CSVExporter.js
FN:12,(anonymous_0)
FN:12,(anonymous_1)
FN:32,(anonymous_2)
FN:51,(anonymous_3)
FN:62,(anonymous_4)
FN:70,(anonymous_5)
FN:71,(anonymous_6)
FN:84,(anonymous_7)
FN:85,(anonymous_8)
FN:97,(anonymous_9)
FN:98,(anonymous_10)
FN:113,(anonymous_11)
FN:119,(anonymous_12)
FN:128,(anonymous_13)
FN:149,(anonymous_14)
FN:171,(anonymous_15)
FN:175,(anonymous_16)
FN:184,(anonymous_17)
FN:195,(anonymous_18)
FN:197,(anonymous_19)
FN:201,(anonymous_20)
FN:217,(anonymous_21)
FN:247,(anonymous_22)
FN:249,(anonymous_23)
FN:259,(anonymous_24)
FN:284,(anonymous_25)
FN:316,(anonymous_26)
FN:324,(anonymous_27)
FN:339,(anonymous_28)
FN:350,(anonymous_29)
FN:355,(anonymous_30)
FN:364,(anonymous_31)
FN:372,(anonymous_32)
FN:388,(anonymous_33)
FN:436,(anonymous_34)
FN:438,(anonymous_35)
FN:451,(anonymous_36)
FN:475,(anonymous_37)
FN:477,(anonymous_38)
FN:478,(anonymous_39)
FN:494,(anonymous_40)
FN:498,(anonymous_41)
FN:500,(anonymous_42)
FN:541,(anonymous_43)
FN:549,(anonymous_44)
FN:572,(anonymous_45)
FN:585,(anonymous_46)
FN:590,(anonymous_47)
FN:594,(anonymous_48)
FNF:49
FNH:35
FNDA:0,(anonymous_0)
FNDA:0,(anonymous_1)
FNDA:14,(anonymous_2)
FNDA:42,(anonymous_3)
FNDA:18,(anonymous_4)
FNDA:6,(anonymous_5)
FNDA:6,(anonymous_6)
FNDA:6,(anonymous_7)
FNDA:6,(anonymous_8)
FNDA:6,(anonymous_9)
FNDA:6,(anonymous_10)
FNDA:0,(anonymous_11)
FNDA:2,(anonymous_12)
FNDA:2,(anonymous_13)
FNDA:0,(anonymous_14)
FNDA:0,(anonymous_15)
FNDA:0,(anonymous_16)
FNDA:0,(anonymous_17)
FNDA:0,(anonymous_18)
FNDA:1,(anonymous_19)
FNDA:0,(anonymous_20)
FNDA:0,(anonymous_21)
FNDA:1,(anonymous_22)
FNDA:2,(anonymous_23)
FNDA:2,(anonymous_24)
FNDA:51,(anonymous_25)
FNDA:0,(anonymous_26)
FNDA:0,(anonymous_27)
FNDA:0,(anonymous_28)
FNDA:1,(anonymous_29)
FNDA:2,(anonymous_30)
FNDA:2,(anonymous_31)
FNDA:1,(anonymous_32)
FNDA:36,(anonymous_33)
FNDA:14,(anonymous_34)
FNDA:76,(anonymous_35)
FNDA:36,(anonymous_36)
FNDA:14,(anonymous_37)
FNDA:62,(anonymous_38)
FNDA:124,(anonymous_39)
FNDA:14,(anonymous_40)
FNDA:62,(anonymous_41)
FNDA:86,(anonymous_42)
FNDA:88,(anonymous_43)
FNDA:2,(anonymous_44)
FNDA:86,(anonymous_45)
FNDA:6,(anonymous_46)
FNDA:0,(anonymous_47)
FNDA:1,(anonymous_48)
DA:3,1
DA:4,1
DA:5,1
DA:6,1
DA:7,1
DA:8,1
DA:9,1
DA:10,1
DA:12,1
DA:13,0
DA:14,0
DA:15,0
DA:18,0
DA:21,1
DA:33,14
DA:34,14
DA:35,14
DA:36,14
DA:37,14
DA:38,14
DA:42,14
DA:44,14
DA:46,14
DA:47,14
DA:49,14
DA:50,14
DA:51,14
DA:52,42
DA:53,18
DA:56,24
DA:57,24
DA:58,24
DA:61,24
DA:62,6
DA:63,18
DA:64,9
DA:66,9
DA:69,6
DA:70,6
DA:72,6
DA:73,0
DA:76,6
DA:80,6
DA:83,6
DA:84,6
DA:86,6
DA:87,0
DA:90,6
DA:93,6
DA:96,6
DA:97,6
DA:99,6
DA:100,0
DA:103,6
DA:106,6
DA:110,6
DA:112,18
DA:113,0
DA:114,0
DA:117,18
DA:118,2
DA:120,2
DA:121,0
DA:124,2
DA:125,1
DA:128,2
DA:129,1
DA:135,16
DA:136,0
DA:138,0
DA:144,0
DA:145,0
DA:148,0
DA:150,0
DA:151,0
DA:154,0
DA:155,0
DA:158,0
DA:162,16
DA:163,0
DA:164,0
DA:167,0
DA:170,16
DA:171,0
DA:172,0
DA:176,0
DA:177,0
DA:180,0
DA:181,0
DA:184,0
DA:185,0
DA:192,16
DA:194,1
DA:195,1
DA:197,1
DA:199,1
DA:200,0
DA:201,0
DA:202,0
DA:203,0
DA:205,0
DA:206,0
DA:207,0
DA:210,0
DA:214,1
DA:215,1
DA:216,0
DA:217,0
DA:218,0
DA:219,0
DA:220,0
DA:223,0
DA:225,0
DA:227,0
DA:229,1
DA:231,1
DA:235,0
DA:236,0
DA:237,0
DA:240,0
DA:242,0
DA:247,1
DA:248,1
DA:249,2
DA:250,1
DA:255,0
DA:258,1
DA:260,2
DA:261,0
DA:263,2
DA:269,15
DA:270,3
DA:271,0
DA:275,3
DA:276,0
DA:280,3
DA:281,0
DA:283,3
DA:286,51
DA:292,0
DA:294,51
DA:295,1
DA:298,50
DA:299,3
DA:302,47
DA:303,0
DA:304,0
DA:305,0
DA:306,0
DA:307,0
DA:310,47
DA:314,12
DA:315,0
DA:317,0
DA:321,12
DA:322,0
DA:323,0
DA:325,0
DA:326,0
DA:329,0
DA:330,0
DA:333,0
DA:337,12
DA:338,0
DA:340,0
DA:341,0
DA:344,0
DA:348,12
DA:349,1
DA:351,1
DA:352,0
DA:354,1
DA:356,2
DA:358,2
DA:359,0
DA:362,2
DA:364,2
DA:366,1
DA:370,11
DA:371,1
DA:373,1
DA:374,0
DA:377,1
DA:379,1
DA:385,10
DA:388,24
DA:389,36
DA:397,36
DA:398,0
DA:401,36
DA:402,18
DA:405,36
DA:406,0
DA:409,36
DA:410,26
DA:413,36
DA:414,0
DA:415,0
DA:417,0
DA:420,36
DA:423,24
DA:427,0
DA:437,14
DA:438,14
DA:440,76
DA:441,76
DA:445,76
DA:448,14
DA:451,14
DA:452,36
DA:453,18
DA:454,18
DA:457,0
DA:460,18
DA:463,18
DA:466,14
DA:476,14
DA:477,14
DA:478,62
DA:479,124
DA:482,62
DA:490,62
DA:493,14
DA:494,14
DA:499,62
DA:500,62
DA:501,86
DA:504,86
DA:505,3
DA:506,3
DA:507,3
DA:508,3
DA:509,2
DA:513,3
DA:515,1
DA:520,1
DA:521,1
DA:522,1
DA:526,85
DA:527,85
DA:528,85
DA:531,62
DA:532,62
DA:542,88
DA:543,88
DA:544,88
DA:545,2
DA:549,2
DA:551,86
DA:552,73
DA:553,0
DA:556,73
DA:559,13
DA:560,13
DA:562,0
DA:563,0
DA:566,0
DA:569,86
DA:573,86
DA:574,48
DA:577,38
DA:578,0
DA:581,38
DA:582,38
DA:583,38
DA:585,38
DA:586,6
DA:591,0
DA:595,1
DA:596,1
DA:597,0
DA:600,1
DA:604,1
LF:273
LH:180
BRDA:14,0,0,0
BRDA:14,0,1,0
BRDA:52,1,0,18
BRDA:52,1,1,24
BRDA:52,2,0,42
BRDA:52,2,1,36
BRDA:52,2,2,36
BRDA:61,3,0,6
BRDA:61,3,1,18
BRDA:62,4,0,0
BRDA:63,5,0,9
BRDA:63,5,1,9
BRDA:63,6,0,18
BRDA:63,6,1,9
BRDA:72,7,0,0
BRDA:72,7,1,6
BRDA:80,8,0,6
BRDA:80,8,1,4
BRDA:80,8,2,2
BRDA:80,8,3,0
BRDA:86,9,0,0
BRDA:86,9,1,6
BRDA:93,10,0,6
BRDA:93,10,1,4
BRDA:93,10,2,2
BRDA:93,10,3,0
BRDA:99,11,0,0
BRDA:99,11,1,6
BRDA:106,12,0,6
BRDA:106,12,1,4
BRDA:106,12,2,2
BRDA:106,12,3,0
BRDA:112,13,0,0
BRDA:112,13,1,18
BRDA:117,14,0,2
BRDA:117,14,1,16
BRDA:120,15,0,0
BRDA:120,15,1,2
BRDA:124,16,0,1
BRDA:124,16,1,1
BRDA:128,17,0,1
BRDA:128,17,1,0
BRDA:129,18,0,0
BRDA:129,18,1,1
BRDA:129,19,0,1
BRDA:129,19,1,1
BRDA:135,20,0,0
BRDA:135,20,1,16
BRDA:135,21,0,16
BRDA:135,21,1,0
BRDA:139,22,0,0
BRDA:139,22,1,0
BRDA:141,23,0,0
BRDA:141,23,1,0
BRDA:144,24,0,0
BRDA:144,24,1,0
BRDA:145,25,0,0
BRDA:145,25,1,0
BRDA:150,26,0,0
BRDA:150,26,1,0
BRDA:154,27,0,0
BRDA:154,27,1,0
BRDA:162,28,0,0
BRDA:162,28,1,16
BRDA:163,29,0,0
BRDA:163,29,1,0
BRDA:163,30,0,0
BRDA:163,30,1,0
BRDA:170,31,0,0
BRDA:170,31,1,16
BRDA:176,32,0,0
BRDA:176,32,1,0
BRDA:180,33,0,0
BRDA:180,33,1,0
BRDA:184,34,0,0
BRDA:184,34,1,0
BRDA:185,35,0,0
BRDA:185,35,1,0
BRDA:185,36,0,0
BRDA:185,36,1,0
BRDA:192,37,0,1
BRDA:192,37,1,15
BRDA:199,38,0,0
BRDA:199,38,1,1
BRDA:199,39,0,1
BRDA:199,39,1,1
BRDA:199,39,2,1
BRDA:202,40,0,0
BRDA:202,40,1,0
BRDA:206,41,0,0
BRDA:206,41,1,0
BRDA:214,42,0,1
BRDA:214,42,1,0
BRDA:215,43,0,0
BRDA:215,43,1,1
BRDA:229,44,0,1
BRDA:229,44,1,0
BRDA:237,45,0,0
BRDA:237,45,1,0
BRDA:248,46,0,1
BRDA:248,46,1,0
BRDA:248,47,0,1
BRDA:248,47,1,1
BRDA:249,48,0,1
BRDA:249,48,1,0
BRDA:250,49,0,0
BRDA:250,49,1,1
BRDA:250,50,0,1
BRDA:250,50,1,1
BRDA:260,51,0,0
BRDA:260,51,1,2
BRDA:263,52,0,1
BRDA:263,52,1,1
BRDA:269,53,0,3
BRDA:269,53,1,12
BRDA:270,54,0,0
BRDA:270,54,1,3
BRDA:270,55,0,3
BRDA:270,55,1,0
BRDA:275,56,0,0
BRDA:275,56,1,3
BRDA:275,57,0,3
BRDA:275,57,1,1
BRDA:280,58,0,0
BRDA:280,58,1,3
BRDA:286,59,0,0
BRDA:286,59,1,51
BRDA:287,60,0,51
BRDA:287,60,1,3
BRDA:287,60,2,3
BRDA:287,60,3,3
BRDA:294,61,0,1
BRDA:294,61,1,50
BRDA:294,62,0,51
BRDA:294,62,1,4
BRDA:298,63,0,3
BRDA:298,63,1,47
BRDA:298,64,0,50
BRDA:298,64,1,50
BRDA:299,65,0,3
BRDA:299,65,1,0
BRDA:302,66,0,0
BRDA:302,66,1,47
BRDA:303,67,0,0
BRDA:303,67,1,0
BRDA:304,68,0,0
BRDA:304,68,1,0
BRDA:314,69,0,0
BRDA:314,69,1,12
BRDA:317,70,0,0
BRDA:317,70,1,0
BRDA:321,71,0,0
BRDA:321,71,1,12
BRDA:321,72,0,12
BRDA:321,72,1,0
BRDA:325,73,0,0
BRDA:325,73,1,0
BRDA:329,74,0,0
BRDA:329,74,1,0
BRDA:337,75,0,0
BRDA:337,75,1,12
BRDA:340,76,0,0
BRDA:340,76,1,0
BRDA:341,77,0,0
BRDA:341,77,1,0
BRDA:348,78,0,1
BRDA:348,78,1,11
BRDA:351,79,0,0
BRDA:351,79,1,1
BRDA:351,80,0,1
BRDA:351,80,1,1
BRDA:356,81,0,2
BRDA:356,81,1,2
BRDA:356,81,2,0
BRDA:358,82,0,0
BRDA:358,82,1,2
BRDA:358,83,0,2
BRDA:358,83,1,0
BRDA:370,84,0,1
BRDA:370,84,1,10
BRDA:373,85,0,0
BRDA:373,85,1,1
BRDA:373,86,0,1
BRDA:373,86,1,1
BRDA:374,87,0,0
BRDA:374,87,1,0
BRDA:377,88,0,1
BRDA:377,88,1,0
BRDA:392,89,0,36
BRDA:392,89,1,36
BRDA:397,90,0,0
BRDA:397,90,1,36
BRDA:401,91,0,18
BRDA:401,91,1,18
BRDA:405,92,0,0
BRDA:405,92,1,36
BRDA:409,93,0,26
BRDA:409,93,1,10
BRDA:413,94,0,0
BRDA:413,94,1,36
BRDA:414,95,0,0
BRDA:414,95,1,0
BRDA:427,96,0,0
BRDA:427,96,1,0
BRDA:448,97,0,0
BRDA:448,97,1,14
BRDA:452,98,0,18
BRDA:452,98,1,18
BRDA:453,99,0,18
BRDA:453,99,1,0
BRDA:479,100,0,124
BRDA:479,100,1,124
BRDA:504,101,0,3
BRDA:504,101,1,83
BRDA:504,102,0,86
BRDA:504,102,1,51
BRDA:508,103,0,2
BRDA:508,103,1,1
BRDA:508,104,0,3
BRDA:508,104,1,3
BRDA:513,105,0,1
BRDA:513,105,1,2
BRDA:542,106,0,88
BRDA:542,106,1,13
BRDA:544,107,0,2
BRDA:544,107,1,86
BRDA:544,108,0,88
BRDA:544,108,1,2
BRDA:545,109,0,0
BRDA:545,109,1,2
BRDA:551,110,0,73
BRDA:551,110,1,13
BRDA:552,111,0,0
BRDA:552,111,1,73
BRDA:559,112,0,13
BRDA:559,112,1,0
BRDA:562,113,0,0
BRDA:562,113,1,0
BRDA:573,114,0,48
BRDA:573,114,1,38
BRDA:577,115,0,0
BRDA:577,115,1,38
BRDA:596,116,0,0
BRDA:596,116,1,1
BRDA:596,117,0,1
BRDA:596,117,1,0
BRF:246
BRH:139
end_of_record
TN:
SF:src/export/exporters/JSONExporter.js
FN:7,(anonymous_0)
FN:14,(anonymous_1)
FNF:2
FNH:2
FNDA:11,(anonymous_0)
FNDA:11,(anonymous_1)
DA:3,1
DA:4,1
DA:8,11
DA:10,11
DA:11,11
DA:15,11
DA:21,1
LF:7
LH:7
BRF:0
BRH:0
end_of_record
TN:
SF:src/middleware/accessHandler.js
FN:11,(anonymous_0)
FN:16,accessHandler
FN:31,(anonymous_2)
FN:55,(anonymous_3)
FN:73,(anonymous_4)
FN:74,(anonymous_5)
FN:75,(anonymous_6)
FNF:7
FNH:7
FNDA:1,(anonymous_0)
FNDA:2,accessHandler
FNDA:6,(anonymous_2)
FNDA:154,(anonymous_3)
FNDA:154,(anonymous_4)
FNDA:154,(anonymous_5)
FNDA:422,(anonymous_6)
DA:11,1
DA:12,1
DA:13,1
DA:14,1
DA:16,1
DA:18,2
DA:20,2
DA:21,2
DA:27,2
DA:28,0
DA:31,2
DA:32,6
DA:33,6
DA:38,0
DA:42,2
DA:44,2
DA:45,2
DA:51,2
DA:52,0
DA:55,154
DA:58,0
DA:61,2
DA:64,2
DA:68,2
DA:71,2
DA:73,2
DA:74,154
DA:75,422
DA:77,154
DA:81,2
DA:84,0
LF:31
LH:26
BRDA:27,0,0,0
BRDA:27,0,1,2
BRDA:32,1,0,6
BRDA:32,1,1,0
BRDA:51,2,0,0
BRDA:51,2,1,2
BRDA:71,3,0,2
BRDA:71,3,1,0
BRDA:74,4,0,154
BRDA:74,4,1,0
BRDA:75,5,0,154
BRDA:75,5,1,0
BRF:12
BRH:6
end_of_record
TN:
SF:src/middleware/addSubmissionResourceAccess.js
FN:9,(anonymous_0)
FN:10,(anonymous_1)
FN:25,(anonymous_2)
FN:31,(anonymous_3)
FN:36,addSubmissionResourceAccess
FN:49,(anonymous_5)
FN:70,(anonymous_6)
FNF:7
FNH:7
FNDA:1,(anonymous_0)
FNDA:146,(anonymous_1)
FNDA:155,(anonymous_2)
FNDA:5,(anonymous_3)
FNDA:564,addSubmissionResourceAccess
FNDA:2766,(anonymous_5)
FNDA:146,(anonymous_6)
DA:3,1
DA:4,1
DA:9,1
DA:10,1
DA:11,146
DA:12,0
DA:15,146
DA:16,0
DA:19,146
DA:20,0
DA:23,146
DA:25,146
DA:26,155
DA:27,16
DA:30,139
DA:31,5
DA:36,1
DA:38,564
DA:39,0
DA:41,564
DA:42,564
DA:43,564
DA:44,564
DA:45,0
DA:49,564
DA:50,2766
DA:51,158
DA:52,0
DA:60,158
DA:61,158
DA:62,59
DA:63,1
DA:66,59
DA:67,13
DA:70,59
DA:71,146
DA:72,146
DA:73,130
DA:76,130
DA:77,11
DA:78,0
DA:80,11
DA:83,119
DA:95,564
DA:98,0
LF:45
LH:37
BRDA:10,0,0,0
BRDA:11,1,0,0
BRDA:11,1,1,146
BRDA:15,2,0,0
BRDA:15,2,1,146
BRDA:19,3,0,0
BRDA:19,3,1,146
BRDA:26,4,0,16
BRDA:26,4,1,139
BRDA:26,5,0,155
BRDA:26,5,1,140
BRDA:30,6,0,3
BRDA:30,6,1,136
BRDA:38,7,0,0
BRDA:38,7,1,564
BRDA:38,8,0,564
BRDA:38,8,1,103
BRDA:38,8,2,5
BRDA:44,9,0,0
BRDA:44,9,1,564
BRDA:50,10,0,158
BRDA:50,10,1,2608
BRDA:50,11,0,2766
BRDA:50,11,1,2766
BRDA:50,11,2,2766
BRDA:50,11,3,2608
BRDA:51,12,0,0
BRDA:51,12,1,158
BRDA:61,13,0,59
BRDA:61,13,1,99
BRDA:62,14,0,1
BRDA:62,14,1,58
BRDA:66,15,0,13
BRDA:66,15,1,46
BRDA:72,16,0,130
BRDA:72,16,1,16
BRDA:76,17,0,11
BRDA:76,17,1,119
BRDA:77,18,0,0
BRDA:77,18,1,11
BRF:40
BRH:32
end_of_record
TN:
SF:src/middleware/alias.js
FN:10,(anonymous_0)
FN:38,aliasHandler
FNF:2
FNH:2
FNDA:1,(anonymous_0)
FNDA:1661,aliasHandler
DA:2,1
DA:3,1
DA:10,1
DA:12,1
DA:14,0
DA:34,1
DA:38,1
DA:40,1661
DA:43,1661
DA:44,1661
DA:48,1661
DA:49,1510
DA:54,151
DA:55,151
DA:57,151
DA:58,0
DA:62,151
DA:65,151
DA:68,151
DA:69,6
DA:73,151
DA:74,151
DA:77,0
DA:78,0
LF:24
LH:20
BRDA:12,0,0,0
BRDA:12,0,1,1
BRDA:12,1,0,1
BRDA:12,1,1,1
BRDA:40,2,0,0
BRDA:40,2,1,1661
BRDA:48,3,0,1510
BRDA:48,3,1,151
BRDA:48,4,0,1661
BRDA:48,4,1,151
BRDA:48,4,2,151
BRDA:48,4,3,151
BRDA:57,5,0,0
BRDA:57,5,1,151
BRDA:68,6,0,6
BRDA:68,6,1,145
BRDA:68,7,0,151
BRDA:68,7,1,31
BRF:18
BRH:15
end_of_record
TN:
SF:src/middleware/bootstrapEntityOwner.js
FN:13,(anonymous_0)
FN:14,bootstrapEntityOwner
FNF:2
FNH:2
FNDA:1,(anonymous_0)
FNDA:1095,bootstrapEntityOwner
DA:4,1
DA:13,1
DA:14,1
DA:16,1095
DA:19,1095
DA:22,1095
DA:23,1095
DA:24,1095
DA:25,1095
DA:26,117
DA:30,978
DA:31,13
DA:35,965
DA:36,82
DA:40,883
DA:41,650
DA:42,650
DA:46,233
DA:47,233
LF:19
LH:19
BRDA:16,0,0,1095
BRDA:16,0,1,1095
BRDA:16,0,2,1008
BRDA:25,1,0,117
BRDA:25,1,1,978
BRDA:25,2,0,1095
BRDA:25,2,1,859
BRDA:25,2,2,122
BRDA:30,3,0,13
BRDA:30,3,1,965
BRDA:30,4,0,978
BRDA:30,4,1,109
BRDA:30,4,2,13
BRDA:35,5,0,82
BRDA:35,5,1,883
BRDA:35,6,0,965
BRDA:35,6,1,96
BRDA:35,6,2,96
BRDA:40,7,0,650
BRDA:40,7,1,233
BRDA:40,8,0,883
BRDA:40,8,1,720
BRF:22
BRH:22
end_of_record
TN:
SF:src/middleware/bootstrapFormAccess.js
FN:18,(anonymous_0)
FN:21,bootstrapFormAccess
FN:41,(anonymous_2)
FNF:3
FNH:3
FNDA:1,(anonymous_0)
FNDA:411,bootstrapFormAccess
FNDA:587,(anonymous_2)
DA:3,1
DA:4,1
DA:5,1
DA:6,1
DA:18,1
DA:19,1
DA:21,1
DA:23,411
DA:24,204
DA:28,207
DA:29,15
DA:33,192
DA:34,192
DA:36,192
DA:37,0
DA:41,192
DA:42,587
DA:46,192
DA:50,192
DA:53,192
DA:54,0
DA:58,192
DA:59,192
DA:62,0
DA:63,0
LF:25
LH:21
BRDA:23,0,0,204
BRDA:23,0,1,207
BRDA:23,1,0,411
BRDA:23,1,1,212
BRDA:23,1,2,212
BRDA:23,1,3,212
BRDA:28,2,0,15
BRDA:28,2,1,192
BRDA:28,3,0,207
BRDA:28,3,1,198
BRDA:36,4,0,0
BRDA:36,4,1,192
BRDA:36,5,0,192
BRDA:36,5,1,192
BRDA:53,6,0,0
BRDA:53,6,1,192
BRF:16
BRH:14
end_of_record
TN:
SF:src/middleware/bootstrapNewRoleAccess.js
FN:18,(anonymous_0)
FN:19,bootstrapNewRoleAccess
FN:34,(anonymous_2)
FN:44,(anonymous_3)
FN:79,(anonymous_4)
FN:83,(anonymous_5)
FNF:6
FNH:6
FNDA:1,(anonymous_0)
FNDA:36,bootstrapNewRoleAccess
FNDA:7,(anonymous_2)
FNDA:264,(anonymous_3)
FNDA:7,(anonymous_4)
FNDA:7,(anonymous_5)
DA:3,1
DA:4,1
DA:5,1
DA:18,1
DA:19,1
DA:20,36
DA:23,36
DA:24,29
DA:27,7
DA:34,7
DA:35,7
DA:38,7
DA:39,7
DA:40,7
DA:41,0
DA:44,7
DA:46,264
DA:47,264
DA:48,264
DA:49,262
DA:50,262
DA:51,262
DA:52,262
DA:53,262
DA:58,264
DA:59,2
DA:66,264
DA:72,0
DA:73,0
DA:77,7
DA:78,7
DA:79,7
DA:80,7
DA:83,7
DA:84,7
DA:85,0
DA:86,0
DA:89,7
LF:38
LH:33
BRDA:23,0,0,29
BRDA:23,0,1,7
BRDA:23,1,0,36
BRDA:23,1,1,7
BRDA:23,1,2,7
BRDA:23,1,3,7
BRDA:40,2,0,0
BRDA:40,2,1,7
BRDA:40,3,0,7
BRDA:40,3,1,7
BRDA:46,4,0,264
BRDA:46,4,1,0
BRDA:49,5,0,262
BRDA:49,5,1,0
BRDA:50,6,0,262
BRDA:50,6,1,0
BRDA:58,7,0,2
BRDA:58,7,1,262
BRDA:84,8,0,0
BRDA:84,8,1,7
BRF:20
BRH:15
end_of_record
TN:
SF:src/middleware/bootstrapSubmissionAccess.js
FN:5,(anonymous_0)
FN:6,bootstrapSubmissionAccess
FN:10,(anonymous_2)
FNF:3
FNH:3
FNDA:1,(anonymous_0)
FNDA:564,bootstrapSubmissionAccess
FNDA:13,(anonymous_2)
DA:3,1
DA:5,1
DA:6,1
DA:10,564
DA:12,13
DA:13,13
DA:17,13
DA:21,564
DA:22,564
DA:23,564
DA:24,5
DA:28,559
DA:29,493
DA:33,66
DA:34,1
DA:38,65
DA:39,3
DA:42,62
DA:43,54
DA:46,8
LF:20
LH:20
BRDA:12,0,0,13
BRDA:12,0,1,0
BRDA:23,1,0,5
BRDA:23,1,1,559
BRDA:23,2,0,564
BRDA:23,2,1,466
BRDA:28,3,0,493
BRDA:28,3,1,66
BRDA:33,4,0,1
BRDA:33,4,1,65
BRDA:38,5,0,3
BRDA:38,5,1,62
BRDA:38,6,0,65
BRDA:38,6,1,3
BRDA:42,7,0,54
BRDA:42,7,1,8
BRDA:42,8,0,62
BRDA:42,8,1,62
BRF:18
BRH:17
end_of_record
TN:
SF:src/middleware/condensePermissionTypes.js
FN:16,(anonymous_0)
FN:17,condensePermissionTypes
FN:38,(anonymous_2)
FN:39,(anonymous_3)
FN:54,(anonymous_4)
FN:77,(anonymous_5)
FN:78,(anonymous_6)
FN:96,(anonymous_7)
FNF:8
FNH:8
FNDA:1,(anonymous_0)
FNDA:455,condensePermissionTypes
FNDA:38,(anonymous_2)
FNDA:82,(anonymous_3)
FNDA:30,(anonymous_4)
FNDA:138,(anonymous_5)
FNDA:143,(anonymous_6)
FNDA:130,(anonymous_7)
DA:3,1
DA:4,1
DA:16,1
DA:17,1
DA:19,455
DA:20,117
DA:23,338
DA:24,338
DA:27,338
DA:33,30
DA:34,30
DA:37,30
DA:38,30
DA:39,38
DA:40,82
DA:41,75
DA:44,7
DA:47,38
DA:48,31
DA:49,31
DA:50,31
DA:54,30
DA:55,30
DA:62,30
DA:66,338
DA:72,50
DA:73,50
DA:76,50
DA:77,50
DA:78,138
DA:79,143
DA:80,137
DA:83,6
DA:86,138
DA:87,131
DA:88,131
DA:89,131
DA:90,131
DA:91,0
DA:96,50
DA:97,130
DA:101,130
DA:102,0
DA:104,130
DA:108,50
DA:111,338
LF:46
LH:44
BRDA:19,0,0,117
BRDA:19,0,1,338
BRDA:19,1,0,455
BRDA:19,1,1,243
BRDA:27,2,0,30
BRDA:27,2,1,308
BRDA:28,3,0,338
BRDA:28,3,1,338
BRDA:28,3,2,219
BRDA:28,3,3,219
BRDA:39,4,0,38
BRDA:39,4,1,6
BRDA:40,5,0,75
BRDA:40,5,1,7
BRDA:40,6,0,82
BRDA:40,6,1,78
BRDA:47,7,0,31
BRDA:47,7,1,7
BRDA:48,8,0,31
BRDA:48,8,1,30
BRDA:66,9,0,50
BRDA:66,9,1,288
BRDA:67,10,0,338
BRDA:67,10,1,338
BRDA:67,10,2,228
BRDA:67,10,3,228
BRDA:78,11,0,138
BRDA:78,11,1,10
BRDA:79,12,0,137
BRDA:79,12,1,6
BRDA:79,13,0,143
BRDA:79,13,1,140
BRDA:86,14,0,131
BRDA:86,14,1,7
BRDA:87,15,0,131
BRDA:87,15,1,130
BRDA:90,16,0,0
BRDA:90,16,1,131
BRDA:101,17,0,0
BRDA:101,17,1,130
BRF:40
BRH:38
end_of_record
TN:
SF:src/middleware/condenseSubmissionPermissionTypes.js
FN:11,(anonymous_0)
FN:12,condenseSubmissionPermissionTypes
FN:27,(anonymous_2)
FN:38,(anonymous_3)
FN:45,(anonymous_4)
FNF:5
FNH:5
FNDA:1,(anonymous_0)
FNDA:564,condenseSubmissionPermissionTypes
FNDA:118,(anonymous_2)
FNDA:139,(anonymous_3)
FNDA:117,(anonymous_4)
DA:3,1
DA:11,1
DA:12,1
DA:14,564
DA:15,5
DA:19,559
DA:20,0
DA:23,559
DA:24,559
DA:27,559
DA:28,118
DA:35,117
DA:38,117
DA:39,139
DA:45,559
DA:46,117
DA:55,559
DA:56,559
LF:18
LH:17
BRDA:14,0,0,5
BRDA:14,0,1,559
BRDA:14,1,0,564
BRDA:14,1,1,103
BRDA:19,2,0,0
BRDA:19,2,1,559
BRDA:28,3,0,117
BRDA:28,3,1,1
BRDA:29,4,0,118
BRDA:29,4,1,118
BRDA:29,4,2,117
BRDA:29,4,3,117
BRDA:35,5,0,117
BRDA:35,5,1,117
BRF:14
BRH:13
end_of_record
TN:
SF:src/middleware/configHandler.js
FN:10,(anonymous_0)
FN:16,(anonymous_1)
FN:24,(anonymous_2)
FN:34,configHandler
FNF:4
FNH:1
FNDA:1,(anonymous_0)
FNDA:0,(anonymous_1)
FNDA:0,(anonymous_2)
FNDA:0,configHandler
DA:2,1
DA:3,1
DA:10,1
DA:11,1
DA:12,1
DA:13,1
DA:15,1
DA:16,0
DA:17,0
DA:22,1
DA:23,0
DA:24,0
DA:25,0
DA:29,0
DA:30,0
DA:34,1
DA:35,0
LF:17
LH:9
BRDA:15,0,0,0
BRDA:15,0,1,1
BRDA:22,1,0,0
BRDA:22,1,1,1
BRF:4
BRH:2
end_of_record
TN:
SF:src/middleware/deleteActionHandler.js
FN:14,(anonymous_0)
FN:17,(anonymous_1)
FN:35,(anonymous_2)
FN:36,(anonymous_3)
FNF:4
FNH:4
FNDA:1,(anonymous_0)
FNDA:10,(anonymous_1)
FNDA:9,(anonymous_2)
FNDA:1,(anonymous_3)
DA:3,1
DA:4,1
DA:14,1
DA:15,1
DA:17,1
DA:18,10
DA:19,0
DA:23,10
DA:26,10
DA:30,10
DA:31,0
DA:34,10
DA:35,9
DA:37,1
DA:38,1
LF:15
LH:13
BRDA:18,0,0,0
BRDA:18,0,1,10
BRDA:26,1,0,10
BRDA:26,1,1,0
BRDA:30,2,0,0
BRDA:30,2,1,10
BRF:6
BRH:3
end_of_record
TN:
SF:src/middleware/deleteFormHandler.js
FN:13,(anonymous_0)
FN:16,(anonymous_1)
FN:22,(anonymous_2)
FN:23,(anonymous_3)
FNF:4
FNH:3
FNDA:1,(anonymous_0)
FNDA:455,(anonymous_1)
FNDA:44,(anonymous_2)
FNDA:0,(anonymous_3)
DA:3,1
DA:13,1
DA:14,1
DA:16,1
DA:17,455
DA:18,411
DA:21,44
DA:22,44
DA:24,0
DA:25,0
LF:10
LH:8
BRDA:17,0,0,411
BRDA:17,0,1,44
BRDA:17,1,0,455
BRDA:17,1,1,44
BRF:4
BRH:4
end_of_record
TN:
SF:src/middleware/deleteRoleHandler.js
FN:15,(anonymous_0)
FN:18,(anonymous_1)
FNF:2
FNH:2
FNDA:1,(anonymous_0)
FNDA:45,(anonymous_1)
DA:3,1
DA:4,1
DA:15,1
DA:16,1
DA:18,1
DA:20,45
DA:21,36
DA:25,9
DA:28,9
DA:32,9
DA:33,0
DA:36,9
DA:37,0
DA:41,9
DA:42,9
DA:43,9
DA:44,0
DA:48,9
DA:49,2
DA:52,7
DA:53,7
DA:54,7
DA:57,0
DA:58,0
DA:62,0
LF:25
LH:19
BRDA:20,0,0,36
BRDA:20,0,1,9
BRDA:28,1,0,9
BRDA:28,1,1,0
BRDA:32,2,0,0
BRDA:32,2,1,9
BRDA:36,3,0,0
BRDA:36,3,1,9
BRDA:43,4,0,0
BRDA:43,4,1,9
BRDA:48,5,0,2
BRDA:48,5,1,7
BRDA:48,6,0,9
BRDA:48,6,1,8
BRF:14
BRH:10
end_of_record
TN:
SF:src/middleware/deleteSubmissionHandler.js
FN:13,(anonymous_0)
FN:16,(anonymous_1)
FN:23,(anonymous_2)
FN:34,(anonymous_3)
FN:50,(anonymous_4)
FN:58,(anonymous_5)
FNF:6
FNH:4
FNDA:1,(anonymous_0)
FNDA:58,(anonymous_1)
FNDA:56,(anonymous_2)
FNDA:0,(anonymous_3)
FNDA:1,(anonymous_4)
FNDA:0,(anonymous_5)
DA:3,1
DA:13,1
DA:14,1
DA:16,1
DA:17,58
DA:18,0
DA:21,58
DA:22,56
DA:25,56
DA:26,56
DA:32,56
DA:35,0
DA:36,0
DA:39,2
DA:40,2
DA:41,1
DA:46,1
DA:49,1
DA:51,1
DA:56,1
DA:59,0
DA:60,0
LF:22
LH:17
BRDA:17,0,0,0
BRDA:17,0,1,58
BRDA:21,1,0,56
BRDA:21,1,1,2
BRDA:23,2,0,0
BRDA:39,3,0,2
BRDA:39,3,1,0
BRDA:40,4,0,1
BRDA:40,4,1,1
BRF:9
BRH:6
end_of_record
TN:
SF:src/middleware/filterIdCreate.js
FN:10,(anonymous_0)
FN:11,(anonymous_1)
FNF:2
FNH:2
FNDA:1,(anonymous_0)
FNDA:1037,(anonymous_1)
DA:10,1
DA:11,1
DA:13,1037
DA:14,293
DA:18,744
DA:19,744
LF:6
LH:6
BRDA:13,0,0,293
BRDA:13,0,1,744
BRF:2
BRH:2
end_of_record
TN:
SF:src/middleware/filterIndex.js
FN:11,(anonymous_0)
FN:11,(anonymous_1)
FN:11,(anonymous_2)
FN:23,(anonymous_3)
FN:30,(anonymous_4)
FN:31,(anonymous_5)
FNF:6
FNH:5
FNDA:1,(anonymous_0)
FNDA:2,(anonymous_1)
FNDA:475,(anonymous_2)
FNDA:0,(anonymous_3)
FNDA:10,(anonymous_4)
FNDA:19,(anonymous_5)
DA:11,2
DA:12,475
DA:18,473
DA:22,2
DA:23,0
DA:24,0
DA:26,0
DA:30,2
DA:31,10
DA:32,19
DA:36,2
LF:11
LH:8
BRDA:12,0,0,473
BRDA:12,0,1,2
BRDA:13,1,0,475
BRDA:13,1,1,137
BRDA:13,1,2,2
BRDA:13,1,3,2
BRDA:22,2,0,0
BRDA:22,2,1,2
BRF:8
BRH:7
end_of_record
TN:
SF:src/middleware/filterMongooseExists.js
FN:15,(anonymous_0)
FN:15,(anonymous_1)
FN:15,(anonymous_2)
FNF:3
FNH:3
FNDA:1,(anonymous_0)
FNDA:12,(anonymous_1)
FNDA:1464,(anonymous_2)
DA:3,1
DA:15,12
DA:16,1464
DA:17,0
DA:21,1464
DA:23,1464
DA:27,1464
DA:29,1464
DA:33,1464
DA:36,1464
DA:37,1464
DA:38,1464
DA:40,1464
DA:41,1464
DA:43,1464
LF:15
LH:14
BRDA:16,0,0,0
BRDA:16,0,1,1464
BRDA:16,1,0,1464
BRDA:16,1,1,1464
BRDA:16,1,2,1464
BRDA:23,2,0,72
BRDA:23,2,1,1392
BRDA:27,3,0,1464
BRDA:27,3,1,0
BRDA:29,4,0,1464
BRDA:29,4,1,0
BRDA:36,5,0,796
BRDA:36,5,1,668
BRDA:37,6,0,1464
BRDA:37,6,1,1464
BRDA:37,6,2,1464
BRDA:37,6,3,1464
BRDA:40,7,0,1464
BRDA:40,7,1,1464
BRDA:40,7,2,1464
BRDA:40,7,3,1464
BRF:21
BRH:18
end_of_record
TN:
SF:src/middleware/filterProtectedFields.js
FN:13,(anonymous_0)
FN:14,(anonymous_1)
FN:15,(anonymous_2)
FNF:3
FNH:3
FNDA:1,(anonymous_0)
FNDA:5,(anonymous_1)
FNDA:718,(anonymous_2)
DA:3,1
DA:4,1
DA:13,1
DA:14,1
DA:15,5
DA:16,718
DA:20,32
DA:22,686
DA:23,686
DA:24,686
DA:25,686
DA:28,0
LF:12
LH:11
BRDA:16,0,0,32
BRDA:16,0,1,686
BRDA:17,1,0,718
BRDA:17,1,1,686
BRDA:24,2,0,686
BRDA:24,2,1,675
BRF:6
BRH:6
end_of_record
TN:
SF:src/middleware/filterResourcejsResponse.js
FN:14,(anonymous_0)
FN:14,(anonymous_1)
FN:14,(anonymous_2)
FN:25,(anonymous_3)
FNF:4
FNH:4
FNDA:1,(anonymous_0)
FNDA:12,(anonymous_1)
FNDA:1247,(anonymous_2)
FNDA:4507,(anonymous_3)
DA:3,1
DA:4,1
DA:14,12
DA:15,1247
DA:20,40
DA:24,1207
DA:25,1207
DA:27,4507
DA:28,659
DA:31,4507
DA:34,1207
DA:36,1207
LF:12
LH:12
BRDA:15,0,0,40
BRDA:15,0,1,1207
BRDA:16,1,0,1247
BRDA:16,1,1,1247
BRDA:16,1,2,1207
BRDA:27,2,0,659
BRDA:27,2,1,3848
BRDA:34,3,0,132
BRDA:34,3,1,1075
BRF:9
BRH:9
end_of_record
TN:
SF:src/middleware/formActionHandler.js
FN:9,(anonymous_0)
FN:10,(anonymous_1)
FN:11,formActionHandler
FN:12,(anonymous_3)
FNF:4
FNH:4
FNDA:1,(anonymous_0)
FNDA:2,(anonymous_1)
FNDA:866,formActionHandler
FNDA:866,(anonymous_3)
DA:9,1
DA:10,1
DA:11,2
DA:12,866
DA:13,866
DA:14,0
DA:18,866
DA:24,205
DA:27,205
DA:28,205
DA:37,205
DA:40,0
DA:44,661
LF:13
LH:11
BRDA:13,0,0,0
BRDA:13,0,1,866
BRDA:18,1,0,205
BRDA:18,1,1,661
BRDA:19,2,0,866
BRDA:19,2,1,411
BRDA:19,2,2,212
BRDA:19,2,3,212
BRDA:19,2,4,207
BRF:9
BRH:8
end_of_record
TN:
SF:src/middleware/formHandler.js
FN:9,(anonymous_0)
FN:13,formHandler
FN:30,(anonymous_2)
FNF:3
FNH:3
FNDA:1,(anonymous_0)
FNDA:531,formHandler
FNDA:1206,(anonymous_2)
DA:9,1
DA:10,1
DA:11,1
DA:13,1
DA:14,531
DA:15,297
DA:16,297
DA:20,27
DA:21,27
DA:25,504
DA:27,362
DA:29,362
DA:30,362
DA:32,1206
DA:33,1203
DA:35,1206
DA:36,49
DA:40,362
DA:41,49
DA:45,455
DA:46,455
DA:47,73
DA:48,73
DA:49,73
DA:50,73
DA:51,73
DA:53,455
LF:27
LH:27
BRDA:14,0,0,297
BRDA:14,0,1,234
BRDA:14,1,0,531
BRDA:14,1,1,414
BRDA:16,2,0,27
BRDA:16,2,1,270
BRDA:17,3,0,297
BRDA:17,3,1,271
BRDA:25,4,0,362
BRDA:25,4,1,142
BRDA:25,5,0,504
BRDA:25,5,1,243
BRDA:25,5,2,387
BRDA:32,6,0,1203
BRDA:32,6,1,3
BRDA:35,7,0,49
BRDA:35,7,1,1157
BRDA:35,8,0,1206
BRDA:35,8,1,49
BRDA:40,9,0,49
BRDA:40,9,1,313
BRDA:46,10,0,73
BRDA:46,10,1,382
BRDA:48,11,0,73
BRDA:48,11,1,0
BRDA:48,11,2,0
BRDA:49,12,0,73
BRDA:49,12,1,0
BRDA:49,12,2,0
BRF:29
BRH:25
end_of_record
TN:
SF:src/middleware/formId.js
FN:8,(anonymous_0)
FN:8,(anonymous_1)
FNF:2
FNH:1
FNDA:1,(anonymous_0)
FNDA:0,(anonymous_1)
DA:8,1
DA:9,0
DA:10,0
DA:12,0
LF:4
LH:1
BRDA:9,0,0,0
BRDA:9,0,1,0
BRDA:9,1,0,0
BRDA:9,1,1,0
BRF:4
BRH:0
end_of_record
TN:
SF:src/middleware/formLoader.js
FN:12,(anonymous_0)
FN:14,formLoader
FNF:2
FNH:2
FNDA:1,(anonymous_0)
FNDA:411,formLoader
DA:2,1
DA:12,1
DA:13,1
DA:14,1
DA:15,411
DA:20,377
DA:23,34
DA:25,34
DA:30,34
DA:34,34
DA:36,34
DA:37,0
DA:38,0
DA:41,34
LF:14
LH:12
BRDA:15,0,0,377
BRDA:15,0,1,34
BRDA:16,1,0,411
BRDA:16,1,1,73
BRDA:16,1,2,34
BRDA:25,2,0,34
BRDA:25,2,1,0
BRDA:26,3,0,34
BRDA:26,3,1,0
BRDA:26,3,2,0
BRDA:36,4,0,0
BRDA:36,4,1,34
BRF:12
BRH:8
end_of_record
TN:
SF:src/middleware/formRevisionLoader.js
FN:12,(anonymous_0)
FN:15,(anonymous_1)
FNF:2
FNH:2
FNDA:1,(anonymous_0)
FNDA:411,(anonymous_1)
DA:12,1
DA:13,1
DA:15,1
DA:16,411
DA:18,0
DA:19,0
DA:25,0
DA:26,0
DA:27,0
DA:29,0
DA:32,0
DA:36,411
LF:12
LH:5
BRDA:16,0,0,0
BRDA:16,0,1,411
BRDA:16,1,0,411
BRDA:16,1,1,0
BRDA:16,1,2,0
BRDA:26,2,0,0
BRDA:26,2,1,0
BRF:7
BRH:2
end_of_record
TN:
SF:src/middleware/lastModifiedIndexHandler.js
FN:12,(anonymous_0)
FN:13,lastModifiedIndexHandler
FNF:2
FNH:2
FNDA:1,(anonymous_0)
FNDA:411,lastModifiedIndexHandler
DA:2,1
DA:12,1
DA:13,1
DA:14,411
DA:19,372
DA:22,39
DA:23,39
DA:24,39
DA:25,0
DA:27,39
DA:28,39
DA:29,0
DA:31,39
DA:54,39
DA:55,0
DA:57,39
DA:58,39
DA:62,0
DA:63,0
DA:66,39
LF:20
LH:15
BRDA:14,0,0,372
BRDA:14,0,1,39
BRDA:15,1,0,411
BRDA:15,1,1,73
BRDA:15,1,2,39
BRDA:23,2,0,39
BRDA:23,2,1,0
BRDA:24,3,0,0
BRDA:24,3,1,39
BRDA:24,4,0,39
BRDA:24,4,1,0
BRDA:28,5,0,0
BRDA:28,5,1,39
BRDA:54,6,0,0
BRDA:54,6,1,39
BRDA:57,7,0,39
BRDA:57,7,1,0
BRF:17
BRH:11
end_of_record
TN:
SF:src/middleware/loadPreviousSubmission.js
FN:3,(anonymous_0)
FN:3,(anonymous_1)
FNF:2
FNH:2
FNDA:1,(anonymous_0)
FNDA:161,(anonymous_1)
DA:3,1
DA:4,161
DA:5,0
DA:8,161
DA:9,161
DA:14,161
DA:15,161
DA:18,0
LF:8
LH:6
BRDA:4,0,0,0
BRDA:4,0,1,161
BRF:2
BRH:1
end_of_record
TN:
SF:src/middleware/middleware.js
FN:3,(anonymous_0)
FNF:1
FNH:1
FNDA:1,(anonymous_0)
DA:3,1
DA:4,1
LF:2
LH:2
BRF:0
BRH:0
end_of_record
TN:
SF:src/middleware/mongodbConnectionState.js
FN:11,(anonymous_0)
FN:11,(anonymous_1)
FN:11,(anonymous_2)
FNF:3
FNH:1
FNDA:1,(anonymous_0)
FNDA:0,(anonymous_1)
FNDA:0,(anonymous_2)
DA:11,1
DA:12,0
DA:19,0
DA:20,0
DA:21,0
DA:23,0
DA:24,0
DA:25,0
LF:8
LH:1
BRDA:19,0,0,0
BRDA:19,0,1,0
BRDA:19,1,0,0
BRDA:19,1,1,0
BRDA:24,2,0,0
BRDA:24,2,1,0
BRF:6
BRH:0
end_of_record
TN:
SF:src/middleware/ownerFilter.js
FN:11,(anonymous_0)
FN:12,ownerFilter
FNF:2
FNH:2
FNDA:1,(anonymous_0)
FNDA:72,ownerFilter
DA:3,1
DA:11,1
DA:12,1
DA:14,72
DA:15,1
DA:19,72
DA:20,60
DA:23,12
DA:24,2
DA:28,10
DA:31,10
DA:32,1
DA:40,10
DA:41,10
DA:43,10
DA:44,10
DA:45,10
LF:17
LH:17
BRDA:14,0,0,1
BRDA:14,0,1,71
BRDA:14,1,0,72
BRDA:14,1,1,72
BRDA:19,2,0,60
BRDA:19,2,1,12
BRDA:19,3,0,72
BRDA:19,3,1,55
BRDA:23,4,0,2
BRDA:23,4,1,10
BRDA:23,5,0,12
BRDA:23,5,1,10
BRDA:31,6,0,1
BRDA:31,6,1,9
BRDA:40,7,0,10
BRDA:40,7,1,0
BRDA:40,7,2,0
BRDA:43,8,0,10
BRDA:43,8,1,0
BRDA:43,8,2,0
BRF:20
BRH:16
end_of_record
TN:
SF:src/middleware/params.js
FN:7,(anonymous_0)
FN:10,(anonymous_1)
FNF:2
FNH:2
FNDA:1,(anonymous_0)
FNDA:1661,(anonymous_1)
DA:3,1
DA:5,1
DA:7,1
DA:8,1
DA:10,1
DA:12,1661
DA:15,1661
DA:20,1661
DA:25,1661
DA:30,1661
DA:31,27
DA:35,1661
DA:36,1661
DA:37,1661
DA:38,1661
DA:40,1661
LF:16
LH:16
BRDA:15,0,0,1583
BRDA:15,0,1,78
BRDA:15,1,0,1661
BRDA:15,1,1,1583
BRDA:20,2,0,886
BRDA:20,2,1,775
BRDA:20,3,0,1661
BRDA:20,3,1,886
BRDA:25,4,0,55
BRDA:25,4,1,1606
BRDA:25,5,0,1661
BRDA:25,5,1,55
BRDA:30,6,0,27
BRDA:30,6,1,1634
BRDA:30,7,0,1661
BRDA:30,7,1,775
BRDA:30,7,2,697
BRF:17
BRH:17
end_of_record
TN:
SF:src/middleware/permissionHandler.js
FN:8,(anonymous_0)
FN:23,(anonymous_1)
FN:32,(anonymous_2)
FN:50,(anonymous_3)
FN:59,(anonymous_4)
FN:68,(anonymous_5)
FN:77,(anonymous_6)
FN:82,(anonymous_7)
FN:93,(anonymous_8)
FN:102,(anonymous_9)
FN:117,(anonymous_10)
FN:125,(anonymous_11)
FN:146,(anonymous_12)
FN:163,(anonymous_13)
FN:165,(anonymous_14)
FN:175,(anonymous_15)
FN:180,(anonymous_16)
FN:182,(anonymous_17)
FN:184,(anonymous_18)
FN:208,(anonymous_19)
FN:234,(anonymous_20)
FN:235,(anonymous_21)
FN:253,(anonymous_22)
FN:254,(anonymous_23)
FN:259,(anonymous_24)
FN:259,(anonymous_25)
FN:260,(anonymous_26)
FN:264,(anonymous_27)
FN:290,(anonymous_28)
FN:294,getFormAccess
FN:321,(anonymous_30)
FN:325,(anonymous_31)
FN:334,(anonymous_32)
FN:344,(anonymous_33)
FN:375,getAccessRoles
FN:380,(anonymous_35)
FN:422,setSubmissionFieldMatchAccessToRequest
FN:437,flagIndexRequestAsSubmissionFieldMatchAccess
FN:438,(anonymous_38)
FN:444,(anonymous_39)
FN:448,(anonymous_40)
FN:449,(anonymous_41)
FN:458,getSubmissionAccess
FN:500,flagRequestAsSubmissionResourceAccess
FN:522,(anonymous_44)
FN:530,(anonymous_45)
FN:555,(anonymous_46)
FN:613,(anonymous_47)
FN:696,permissionHandler
FN:708,(anonymous_49)
FN:728,(anonymous_50)
FNF:51
FNH:45
FNDA:1,(anonymous_0)
FNDA:357,(anonymous_1)
FNDA:180,(anonymous_2)
FNDA:90,(anonymous_3)
FNDA:45,(anonymous_4)
FNDA:45,(anonymous_5)
FNDA:29,(anonymous_6)
FNDA:0,(anonymous_7)
FNDA:0,(anonymous_8)
FNDA:357,(anonymous_9)
FNDA:111,(anonymous_10)
FNDA:1689,(anonymous_11)
FNDA:0,(anonymous_12)
FNDA:0,(anonymous_13)
FNDA:0,(anonymous_14)
FNDA:77,(anonymous_15)
FNDA:11,(anonymous_16)
FNDA:32,(anonymous_17)
FNDA:0,(anonymous_18)
FNDA:1312,(anonymous_19)
FNDA:1026,(anonymous_20)
FNDA:4623,(anonymous_21)
FNDA:253,(anonymous_22)
FNDA:54,(anonymous_23)
FNDA:93,(anonymous_24)
FNDA:86,(anonymous_25)
FNDA:42,(anonymous_26)
FNDA:2,(anonymous_27)
FNDA:1691,(anonymous_28)
FNDA:1691,getFormAccess
FNDA:1308,(anonymous_30)
FNDA:3913,(anonymous_31)
FNDA:1598,(anonymous_32)
FNDA:1580,(anonymous_33)
FNDA:1690,getAccessRoles
FNDA:5264,(anonymous_35)
FNDA:1690,setSubmissionFieldMatchAccessToRequest
FNDA:1690,flagIndexRequestAsSubmissionFieldMatchAccess
FNDA:1690,(anonymous_38)
FNDA:8,(anonymous_39)
FNDA:2,(anonymous_40)
FNDA:2,(anonymous_41)
FNDA:1690,getSubmissionAccess
FNDA:1689,flagRequestAsSubmissionResourceAccess
FNDA:340,(anonymous_44)
FNDA:1691,(anonymous_45)
FNDA:1687,(anonymous_46)
FNDA:838,(anonymous_47)
FNDA:2458,permissionHandler
FNDA:2532,(anonymous_49)
FNDA:1689,(anonymous_50)
DA:3,1
DA:4,1
DA:5,1
DA:6,1
DA:8,1
DA:9,1
DA:23,1
DA:24,357
DA:25,0
DA:27,357
DA:28,0
DA:32,357
DA:34,180
DA:35,0
DA:39,180
DA:42,180
DA:43,180
DA:44,180
DA:45,180
DA:46,180
DA:49,180
DA:50,64
DA:51,90
DA:54,90
DA:55,90
DA:58,116
DA:59,44
DA:60,45
DA:63,45
DA:64,45
DA:67,72
DA:68,44
DA:69,45
DA:72,45
DA:73,45
DA:76,28
DA:77,28
DA:78,29
DA:81,0
DA:82,0
DA:83,0
DA:84,0
DA:85,0
DA:88,0
DA:89,0
DA:92,0
DA:93,0
DA:94,0
DA:95,0
DA:96,0
DA:97,0
DA:101,180
DA:104,357
DA:105,357
DA:106,357
DA:107,357
DA:109,357
DA:116,357
DA:117,28
DA:118,111
DA:125,1
DA:126,1689
DA:127,0
DA:130,1689
DA:131,1678
DA:134,11
DA:137,11
DA:146,11
DA:147,0
DA:149,0
DA:151,0
DA:153,0
DA:155,0
DA:157,0
DA:159,0
DA:163,11
DA:164,0
DA:165,0
DA:166,0
DA:167,0
DA:168,0
DA:175,11
DA:176,77
DA:177,11
DA:180,66
DA:182,11
DA:183,32
DA:184,0
DA:187,11
DA:188,0
DA:189,0
DA:190,0
DA:191,0
DA:208,1
DA:209,1312
DA:210,0
DA:214,1312
DA:215,1312
DA:217,1622
DA:218,0
DA:221,1622
DA:222,24
DA:225,24
DA:228,24
DA:229,24
DA:234,1
DA:235,1026
DA:236,4623
DA:237,254
DA:238,97
DA:246,254
DA:247,254
DA:248,109
DA:249,43
DA:252,109
DA:253,253
DA:254,54
DA:259,109
DA:260,86
DA:262,42
DA:264,2
DA:276,1
DA:291,1691
DA:292,1691
DA:295,1691
DA:296,1691
DA:297,1691
DA:300,1691
DA:301,378
DA:302,378
DA:306,1313
DA:307,1312
DA:308,0
DA:312,1312
DA:315,1312
DA:317,1312
DA:321,1312
DA:323,1308
DA:325,1308
DA:327,3913
DA:333,1312
DA:334,1312
DA:336,1598
DA:340,1598
DA:341,121
DA:344,1598
DA:346,1580
DA:350,1580
DA:351,121
DA:358,1312
DA:359,534
DA:362,1312
DA:363,151
DA:366,1312
DA:367,341
DA:371,1312
DA:377,1690
DA:380,1690
DA:381,5264
DA:382,5264
DA:383,1690
DA:385,5264
DA:386,1690
DA:388,5264
DA:391,1690
DA:392,0
DA:396,1690
DA:399,1690
DA:400,1499
DA:401,1499
DA:408,1499
DA:409,1499
DA:412,1499
DA:413,1499
DA:417,1690
DA:418,1690
DA:423,1690
DA:424,378
DA:426,1312
DA:427,1312
DA:428,0
DA:431,1312
DA:432,12
DA:438,1690
DA:439,1690
DA:440,1519
DA:443,171
DA:444,2
DA:445,8
DA:446,1
DA:448,7
DA:449,2
DA:452,2
DA:454,171
DA:459,1690
DA:462,1690
DA:464,1332
DA:465,1332
DA:468,358
DA:469,358
DA:471,357
DA:472,0
DA:473,0
DA:474,0
DA:479,357
DA:484,357
DA:486,12
DA:489,357
DA:491,357
DA:494,1
DA:495,1
DA:501,1689
DA:502,1329
DA:505,360
DA:506,189
DA:510,171
DA:511,171
DA:512,28
DA:516,143
DA:517,143
DA:518,0
DA:522,143
DA:523,340
DA:524,39
DA:525,39
DA:526,39
DA:531,1691
DA:532,2
DA:535,1689
DA:556,1687
DA:557,1687
DA:559,1687
DA:561,1687
DA:564,1687
DA:574,1687
DA:575,1687
DA:576,0
DA:583,1687
DA:584,0
DA:585,0
DA:587,0
DA:591,1687
DA:592,1687
DA:593,1267
DA:594,1267
DA:598,420
DA:602,420
DA:603,0
DA:604,0
DA:608,420
DA:609,1
DA:613,419
DA:614,838
DA:622,419
DA:623,419
DA:624,419
DA:625,419
DA:626,419
DA:627,419
DA:628,419
DA:631,419
DA:638,9
DA:642,419
DA:643,86
DA:644,86
DA:649,28
DA:652,28
DA:653,3
DA:658,86
DA:661,86
DA:662,86
DA:663,86
DA:667,419
DA:669,5
DA:670,5
DA:674,419
DA:675,117
DA:679,419
DA:696,1
DA:698,2458
DA:699,763
DA:701,1695
DA:704,1695
DA:705,1695
DA:706,366
DA:707,366
DA:708,366
DA:709,2532
DA:710,6
DA:713,2526
DA:718,1695
DA:719,1689
DA:723,1695
DA:724,6
DA:728,1689
DA:729,1689
DA:730,2
DA:731,0
DA:734,2
DA:738,1687
DA:739,1687
DA:740,945
DA:745,742
DA:746,685
DA:751,57
DA:752,55
DA:759,1687
DA:762,1687
DA:763,1477
DA:767,210
DA:768,0
DA:774,210
DA:775,0
DA:776,0
DA:780,210
DA:781,2
DA:782,2
DA:784,208
LF:318
LH:265
BRDA:24,0,0,0
BRDA:24,0,1,357
BRDA:24,1,0,357
BRDA:24,1,1,357
BRDA:27,2,0,0
BRDA:27,2,1,357
BRDA:34,3,0,0
BRDA:34,3,1,180
BRDA:34,4,0,180
BRDA:34,4,1,180
BRDA:42,5,0,180
BRDA:42,5,1,0
BRDA:43,6,0,180
BRDA:43,6,1,13
BRDA:44,7,0,180
BRDA:44,7,1,35
BRDA:45,8,0,180
BRDA:45,8,1,64
BRDA:46,9,0,180
BRDA:46,9,1,64
BRDA:49,10,0,64
BRDA:49,10,1,116
BRDA:54,11,0,90
BRDA:54,11,1,64
BRDA:58,12,0,44
BRDA:58,12,1,72
BRDA:63,13,0,45
BRDA:63,13,1,0
BRDA:67,14,0,44
BRDA:67,14,1,28
BRDA:72,15,0,45
BRDA:72,15,1,0
BRDA:76,16,0,28
BRDA:76,16,1,0
BRDA:81,17,0,0
BRDA:81,17,1,0
BRDA:88,18,0,0
BRDA:88,18,1,0
BRDA:92,19,0,0
BRDA:92,19,1,0
BRDA:116,20,0,28
BRDA:116,20,1,329
BRDA:126,21,0,0
BRDA:126,21,1,1689
BRDA:126,22,0,1689
BRDA:126,22,1,1689
BRDA:130,23,0,1678
BRDA:130,23,1,11
BRDA:130,24,0,1689
BRDA:130,24,1,12
BRDA:147,25,0,0
BRDA:147,25,1,0
BRDA:147,25,2,0
BRDA:147,25,3,0
BRDA:147,25,4,0
BRDA:147,25,5,0
BRDA:159,26,0,0
BRDA:159,26,1,0
BRDA:164,27,0,0
BRDA:164,27,1,0
BRDA:166,28,0,0
BRDA:166,28,1,0
BRDA:176,29,0,11
BRDA:176,29,1,66
BRDA:187,30,0,0
BRDA:187,30,1,11
BRDA:190,31,0,0
BRDA:190,31,1,0
[...]
end_of_record
TN:
SF:src/util/hook.js
FN:3,(anonymous_0)
FN:5,(anonymous_1)
FN:14,(anonymous_2)
FN:26,(anonymous_3)
FNF:4
FNH:4
FNDA:1766,(anonymous_0)
FNDA:24,(anonymous_1)
FNDA:670,(anonymous_2)
FNDA:111469,(anonymous_3)
DA:3,1
DA:4,1766
DA:6,24
DA:7,24
DA:8,0
DA:12,24
DA:15,670
DA:16,670
DA:21,0
DA:22,0
DA:24,670
DA:27,111469
DA:28,111469
DA:29,111469
DA:34,20024
DA:38,91445
DA:39,29516
DA:42,61929
LF:18
LH:15
BRDA:6,0,0,24
BRDA:6,0,1,24
BRDA:6,0,2,0
BRDA:7,1,0,0
BRDA:7,1,1,24
BRDA:7,2,0,24
BRDA:7,2,1,24
BRDA:16,3,0,0
BRDA:16,3,1,670
BRDA:17,4,0,670
BRDA:17,4,1,670
BRDA:17,4,2,670
BRDA:22,5,0,0
BRDA:22,5,1,0
BRDA:28,6,0,49540
BRDA:28,6,1,61929
BRDA:29,7,0,20024
BRDA:29,7,1,91445
BRDA:30,8,0,111469
BRDA:30,8,1,111467
BRDA:30,8,2,111467
BRDA:38,9,0,29516
BRDA:38,9,1,61929
BRF:23
BRH:18
end_of_record
TN:
SF:src/util/staticVmDependencies.js
FNF:0
FNH:0
DA:2,1
DA:3,1
DA:5,1
DA:6,1
DA:7,1
DA:8,1
DA:9,1
DA:10,1
DA:12,1
LF:9
LH:9
BRF:0
BRH:0
end_of_record
TN:
SF:src/util/swagger.js
FN:9,(anonymous_0)
FN:17,(anonymous_1)
FN:22,(anonymous_2)
FN:109,(anonymous_3)
FN:116,(anonymous_4)
FN:202,(anonymous_5)
FN:242,(anonymous_6)
FN:275,(anonymous_7)
FN:331,(anonymous_8)
FNF:9
FNH:0
FNDA:0,(anonymous_0)
FNDA:0,(anonymous_1)
FNDA:0,(anonymous_2)
FNDA:0,(anonymous_3)
FNDA:0,(anonymous_4)
FNDA:0,(anonymous_5)
FNDA:0,(anonymous_6)
FNDA:0,(anonymous_7)
FNDA:0,(anonymous_8)
DA:3,1
DA:4,1
DA:5,1
DA:9,1
DA:10,0
DA:17,0
DA:18,0
DA:22,0
DA:23,0
DA:109,0
DA:110,0
DA:111,0
DA:116,0
DA:117,0
DA:119,0
DA:127,0
DA:130,0
DA:132,0
DA:136,0
DA:138,0
DA:142,0
DA:144,0
DA:147,0
DA:148,0
DA:150,0
DA:153,0
DA:155,0
DA:161,0
DA:163,0
DA:167,0
DA:170,0
DA:172,0
DA:175,0
DA:177,0
DA:178,0
DA:180,0
DA:184,0
DA:185,0
DA:186,0
DA:191,0
DA:193,0
DA:194,0
DA:199,0
DA:202,0
DA:204,0
DA:205,0
DA:206,0
DA:218,0
DA:219,0
DA:220,0
DA:223,0
DA:227,0
DA:228,0
DA:229,0
DA:232,0
DA:234,0
DA:242,0
DA:244,0
DA:245,0
DA:246,0
DA:248,0
DA:249,0
DA:251,0
DA:252,0
DA:257,0
DA:258,0
DA:261,0
DA:262,0
DA:264,0
DA:265,0
DA:267,0
DA:268,0
DA:272,0
DA:273,0
DA:275,0
DA:276,0
DA:277,0
DA:281,0
DA:315,0
DA:319,0
DA:320,0
DA:321,0
DA:322,0
DA:323,0
DA:326,0
DA:330,0
DA:331,0
DA:332,0
DA:334,0
LF:89
LH:4
BRDA:117,0,0,0
BRDA:117,0,1,0
BRDA:119,1,0,0
BRDA:119,1,1,0
BRDA:119,1,2,0
BRDA:119,1,3,0
BRDA:119,1,4,0
BRDA:119,1,5,0
BRDA:119,1,6,0
BRDA:119,1,7,0
BRDA:119,1,8,0
BRDA:119,1,9,0
BRDA:119,1,10,0
BRDA:119,1,11,0
BRDA:119,1,12,0
BRDA:119,1,13,0
BRDA:119,1,14,0
BRDA:119,1,15,0
BRDA:119,1,16,0
BRDA:184,2,0,0
BRDA:184,2,1,0
BRDA:185,3,0,0
BRDA:185,3,1,0
BRDA:193,4,0,0
BRDA:193,4,1,0
BRDA:193,5,0,0
BRDA:193,5,1,0
BRDA:204,6,0,0
BRDA:204,6,1,0
BRDA:227,7,0,0
BRDA:227,7,1,0
BRDA:244,8,0,0
BRDA:244,8,1,0
BRDA:245,9,0,0
BRDA:245,9,1,0
BRDA:248,10,0,0
BRDA:248,10,1,0
BRDA:251,11,0,0
BRDA:251,11,1,0
BRDA:257,12,0,0
BRDA:257,12,1,0
BRDA:261,13,0,0
BRDA:261,13,1,0
BRDA:264,14,0,0
BRDA:264,14,1,0
BRDA:267,15,0,0
BRDA:267,15,1,0
BRDA:319,16,0,0
BRDA:319,16,1,0
BRDA:319,17,0,0
BRDA:319,17,1,0
BRF:51
BRH:0
end_of_record
TN:
SF:src/util/util.js
FN:34,(anonymous_0)
FN:49,(anonymous_1)
FN:65,(anonymous_2)
FN:81,(anonymous_3)
FN:90,(anonymous_4)
FN:111,(anonymous_5)
FN:123,(anonymous_6)
FN:127,(anonymous_7)
FN:128,(anonymous_8)
FN:129,(anonymous_9)
FN:130,(anonymous_10)
FN:134,(anonymous_11)
FN:147,(anonymous_12)
FN:286,(anonymous_13)
FN:308,(anonymous_14)
FN:327,(anonymous_15)
FN:346,(anonymous_16)
FN:365,(anonymous_17)
FN:398,(anonymous_18)
FN:433,(anonymous_19)
FN:446,(anonymous_20)
FN:469,(anonymous_21)
FN:491,(anonymous_22)
FN:496,(anonymous_23)
FN:510,(anonymous_24)
FN:515,(anonymous_25)
FN:520,(anonymous_26)
FN:546,(anonymous_27)
FN:559,(anonymous_28)
FN:567,(anonymous_29)
FN:568,removeFieldByPath
FN:573,traverseAndRemove
FN:589,(anonymous_32)
FN:598,(anonymous_33)
FN:613,(anonymous_34)
FN:621,(anonymous_35)
FN:624,(anonymous_36)
FN:637,(anonymous_37)
FN:638,(anonymous_38)
FN:653,(anonymous_39)
FN:665,(anonymous_40)
FN:680,(anonymous_41)
FN:696,(anonymous_42)
FN:711,(anonymous_43)
FN:722,(anonymous_44)
FN:726,(anonymous_45)
FN:735,(anonymous_46)
FN:749,(anonymous_47)
FN:756,(anonymous_48)
FN:763,(anonymous_49)
FN:801,(anonymous_50)
FN:824,(anonymous_51)
FN:836,(anonymous_52)
FN:838,(anonymous_53)
FN:861,(anonymous_54)
FN:862,(anonymous_55)
FN:870,(anonymous_56)
FN:872,(anonymous_57)
FN:875,(anonymous_58)
FNF:59
FNH:43
FNDA:18,(anonymous_0)
FNDA:0,(anonymous_1)
FNDA:0,(anonymous_2)
FNDA:0,(anonymous_3)
FNDA:0,(anonymous_4)
FNDA:0,(anonymous_5)
FNDA:40,(anonymous_6)
FNDA:0,(anonymous_7)
FNDA:23,(anonymous_8)
FNDA:53,(anonymous_9)
FNDA:0,(anonymous_10)
FNDA:25,(anonymous_11)
FNDA:84,(anonymous_12)
FNDA:873,(anonymous_13)
FNDA:2227,(anonymous_14)
FNDA:264,(anonymous_15)
FNDA:264,(anonymous_16)
FNDA:2227,(anonymous_17)
FNDA:3341,(anonymous_18)
FNDA:0,(anonymous_19)
FNDA:15,(anonymous_20)
FNDA:6887,(anonymous_21)
FNDA:4919,(anonymous_22)
FNDA:0,(anonymous_23)
FNDA:2399,(anonymous_24)
FNDA:14349,(anonymous_25)
FNDA:1167,(anonymous_26)
FNDA:804,(anonymous_27)
FNDA:2883,(anonymous_28)
FNDA:87,(anonymous_29)
FNDA:87,removeFieldByPath
FNDA:179,traverseAndRemove
FNDA:0,(anonymous_32)
FNDA:2,(anonymous_33)
FNDA:0,(anonymous_34)
FNDA:1,(anonymous_35)
FNDA:1,(anonymous_36)
FNDA:833,(anonymous_37)
FNDA:88,(anonymous_38)
FNDA:0,(anonymous_39)
FNDA:0,(anonymous_40)
FNDA:464,(anonymous_41)
FNDA:16,(anonymous_42)
FNDA:0,(anonymous_43)
FNDA:0,(anonymous_44)
FNDA:0,(anonymous_45)
FNDA:10001,(anonymous_46)
FNDA:2828,(anonymous_47)
FNDA:9645,(anonymous_48)
FNDA:48,(anonymous_49)
FNDA:6,(anonymous_50)
FNDA:42,(anonymous_51)
FNDA:9,(anonymous_52)
FNDA:27,(anonymous_53)
FNDA:126,(anonymous_54)
FNDA:252,(anonymous_55)
FNDA:1893,(anonymous_56)
FNDA:75,(anonymous_57)
FNDA:27,(anonymous_58)
DA:3,1
DA:4,1
DA:5,1
DA:6,1
DA:7,1
DA:8,1
DA:9,1
DA:10,1
DA:11,1
DA:12,1
DA:18,1
DA:19,1
DA:20,1
DA:21,1
DA:23,1
DA:35,18
DA:36,18
DA:40,0
DA:50,0
DA:51,0
DA:53,0
DA:54,0
DA:55,0
DA:57,0
DA:66,0
DA:67,0
DA:69,0
DA:70,0
DA:72,0
DA:83,0
DA:92,0
DA:94,0
DA:95,0
DA:96,0
DA:97,0
DA:99,0
DA:113,0
DA:124,40
DA:125,40
DA:127,0
DA:128,23
DA:129,53
DA:131,0
DA:132,0
DA:135,25
DA:136,25
DA:139,40
DA:149,84
DA:152,84
DA:153,0
DA:157,84
DA:158,84
DA:161,84
DA:162,84
DA:163,84
DA:166,84
DA:167,84
DA:168,84
DA:169,84
DA:170,84
DA:171,84
DA:174,84
DA:177,84
DA:181,84
DA:185,84
DA:187,84
DA:287,873
DA:288,873
DA:293,11
DA:309,2227
DA:310,1963
DA:313,264
DA:328,264
DA:329,0
DA:332,264
DA:347,264
DA:348,0
DA:351,264
DA:366,2227
DA:369,2227
DA:370,2227
DA:371,1963
DA:375,264
DA:376,264
DA:377,0
DA:381,264
DA:382,264
DA:383,0
DA:386,264
DA:399,3341
DA:400,3341
DA:401,1661
DA:403,1680
DA:404,1680
DA:405,1680
DA:408,1680
DA:411,1680
DA:412,1026
DA:416,1680
DA:417,2724
DA:420,1680
DA:421,1680
DA:434,0
DA:447,15
DA:470,6887
DA:471,6887
DA:476,2
DA:479,6887
DA:492,4919
DA:497,0
DA:498,0
DA:499,0
DA:500,0
DA:502,0
DA:511,2399
DA:512,5
DA:514,2394
DA:515,2394
DA:516,14349
DA:517,124
DA:519,14225
DA:520,751
DA:521,1167
DA:524,13474
DA:525,801
DA:527,12673
DA:536,182
DA:537,182
DA:538,182
DA:539,182
DA:543,2394
DA:547,804
DA:548,734
DA:553,804
DA:556,804
DA:559,804
DA:560,2883
DA:561,2883
DA:562,1
DA:564,2883
DA:565,88
DA:567,88
DA:570,87
DA:574,179
DA:575,1
DA:579,178
DA:580,1
DA:584,178
DA:587,178
DA:588,87
DA:589,0
DA:592,87
DA:597,91
DA:598,2
DA:601,90
DA:607,87
DA:609,87
DA:612,2795
DA:613,0
DA:614,0
DA:615,0
DA:616,0
DA:620,2795
DA:621,1
DA:622,1
DA:625,1
DA:626,1
DA:628,0
DA:631,1
DA:637,804
DA:638,833
DA:654,0
DA:666,0
DA:681,464
DA:685,464
DA:686,464
DA:689,464
DA:690,464
DA:691,464
DA:692,451
DA:695,13
DA:696,13
DA:697,16
DA:698,16
DA:699,16
DA:700,4
DA:703,13
DA:704,13
DA:707,0
DA:712,0
DA:714,0
DA:716,0
DA:718,0
DA:720,0
DA:722,0
DA:724,0
DA:726,0
DA:736,10001
DA:756,2828
DA:757,9645
DA:758,9645
DA:760,673
DA:761,221
DA:762,221
DA:763,221
DA:764,48
DA:774,452
DA:775,81
DA:783,371
DA:790,221
DA:798,150
DA:799,3
DA:800,3
DA:801,3
DA:802,6
DA:813,147
DA:822,8972
DA:824,21
DA:825,42
DA:834,8951
DA:836,3
DA:837,9
DA:838,9
DA:839,27
DA:853,9645
DA:862,126
DA:863,252
DA:864,126
DA:870,1893
DA:873,75
DA:877,27
DA:878,12
DA:882,15
DA:884,15
DA:885,15
DA:887,15
DA:888,8
DA:891,2
DA:893,0
DA:895,0
DA:897,0
DA:898,0
DA:900,0
DA:903,1
DA:904,1
DA:909,12
DA:910,3
DA:912,9
DA:917,1
LF:249
LH:193
BRDA:35,0,0,18
BRDA:35,0,1,0
BRDA:50,1,0,0
BRDA:50,1,1,0
BRDA:53,2,0,0
BRDA:53,2,1,0
BRDA:55,3,0,0
BRDA:55,3,1,0
BRDA:66,4,0,0
BRDA:66,4,1,0
BRDA:69,5,0,0
BRDA:69,5,1,0
BRDA:96,6,0,0
BRDA:96,6,1,0
BRDA:96,7,0,0
BRDA:96,7,1,0
BRDA:124,8,0,40
BRDA:124,8,1,0
BRDA:149,9,0,84
BRDA:149,9,1,81
BRDA:152,10,0,0
BRDA:152,10,1,84
BRDA:288,11,0,44
BRDA:288,11,1,829
BRDA:309,12,0,1963
BRDA:309,12,1,264
BRDA:309,13,0,2227
BRDA:309,13,1,2227
BRDA:328,14,0,0
BRDA:328,14,1,264
BRDA:328,15,0,264
BRDA:328,15,1,264
BRDA:347,16,0,0
BRDA:347,16,1,264
BRDA:347,17,0,264
BRDA:347,17,1,264
BRDA:370,18,0,1963
BRDA:370,18,1,264
BRDA:376,19,0,0
BRDA:376,19,1,264
BRDA:382,20,0,0
BRDA:382,20,1,264
BRDA:400,21,0,1661
BRDA:400,21,1,1680
BRDA:411,22,0,1026
BRDA:411,22,1,654
BRDA:471,23,0,87
BRDA:471,23,1,6800
BRDA:492,24,0,3492
BRDA:492,24,1,1427
BRDA:497,25,0,0
BRDA:497,25,1,0
BRDA:511,26,0,5
BRDA:511,26,1,2394
BRDA:516,27,0,124
BRDA:516,27,1,14225
BRDA:519,28,0,751
BRDA:519,28,1,13474
BRDA:520,29,0,751
BRDA:520,29,1,710
BRDA:521,30,0,1167
BRDA:521,30,1,1122
BRDA:524,31,0,801
BRDA:524,31,1,12673
BRDA:525,32,0,801
BRDA:525,32,1,773
BRDA:527,33,0,182
BRDA:527,33,1,12491
BRDA:528,34,0,12673
BRDA:528,34,1,12600
BRDA:528,34,2,12545
BRDA:528,34,3,182
BRDA:528,34,4,182
BRDA:537,35,0,182
BRDA:537,35,1,0
BRDA:547,36,0,734
BRDA:547,36,1,70
BRDA:561,37,0,1
BRDA:561,37,1,2882
BRDA:564,38,0,88
BRDA:564,38,1,2795
BRDA:574,39,0,1
BRDA:574,39,1,178
BRDA:574,40,0,179
BRDA:574,40,1,178
BRDA:579,41,0,1
BRDA:579,41,1,177
BRDA:587,42,0,87
BRDA:587,42,1,91
BRDA:588,43,0,0
BRDA:588,43,1,87
BRDA:597,44,0,1
BRDA:597,44,1,90
BRDA:612,45,0,0
BRDA:612,45,1,2795
BRDA:612,46,0,2795
BRDA:612,46,1,29
BRDA:612,46,2,0
BRDA:615,47,0,0
BRDA:615,47,1,0
BRDA:616,48,0,0
BRDA:616,48,1,0
BRDA:616,49,0,0
BRDA:616,49,1,0
BRDA:620,50,0,1
BRDA:620,50,1,2794
BRDA:620,51,0,2795
BRDA:620,51,1,41
BRDA:620,51,2,2
BRDA:625,52,0,1
BRDA:625,52,1,0
BRDA:625,53,0,1
BRDA:625,53,1,1
BRDA:625,53,2,1
BRDA:685,54,0,464
BRDA:685,54,1,0
BRDA:691,55,0,451
BRDA:691,55,1,13
BRDA:691,56,0,464
BRDA:691,56,1,464
BRDA:698,57,0,16
BRDA:698,57,1,12
BRDA:699,58,0,4
BRDA:699,58,1,12
BRDA:712,59,0,0
BRDA:712,59,1,0
BRDA:712,59,2,0
BRDA:712,59,3,0
BRDA:712,59,4,0
BRDA:736,60,0,999
BRDA:736,60,1,9002
BRDA:754,61,0,2256
BRDA:757,62,0,9645
BRDA:757,62,1,0
BRDA:758,63,0,673
BRDA:758,63,1,8972
BRDA:760,64,0,221
BRDA:760,64,1,452
BRDA:760,65,0,673
BRDA:760,65,1,452
BRDA:761,66,0,221
BRDA:761,66,1,183
BRDA:762,67,0,221
BRDA:762,67,1,0
BRDA:774,68,0,81
BRDA:774,68,1,371
BRDA:783,69,0,221
BRDA:783,69,1,150
BRDA:784,70,0,371
BRDA:784,70,1,150
BRDA:784,70,2,0
BRDA:798,71,0,3
BRDA:798,71,1,147
BRDA:799,72,0,3
BRDA:799,72,1,0
BRDA:800,73,0,3
BRDA:800,73,1,0
BRDA:822,74,0,21
BRDA:822,74,1,8951
BRDA:834,75,0,3
BRDA:834,75,1,8948
BRDA:837,76,0,9
BRDA:837,76,1,0
BRDA:863,77,0,126
BRDA:863,77,1,126
BRDA:872,78,0,0
BRDA:877,79,0,12
BRDA:877,79,1,15
BRDA:887,80,0,8
BRDA:887,80,1,7
BRDA:888,81,0,0
BRDA:888,81,1,2
BRDA:888,81,2,0
BRDA:888,81,3,0
BRDA:888,81,4,1
BRDA:897,82,0,0
BRDA:897,82,1,0
BRDA:903,83,0,1
BRDA:903,83,1,0
BRDA:903,84,0,1
BRDA:903,84,1,0
BRDA:909,85,0,3
BRDA:909,85,1,9
BRDA:909,86,0,12
BRDA:909,86,1,7
BRF:185
BRH:131
end_of_record
TN:
SF:src/util/conditionOperators/ConditionOperator.js
FN:7,(anonymous_0)
FN:11,(anonymous_1)
FN:15,(anonymous_2)
FN:19,(anonymous_3)
FN:23,(anonymous_4)
FN:29,(anonymous_5)
FNF:6
FNH:2
FNDA:0,(anonymous_0)
FNDA:0,(anonymous_1)
FNDA:16,(anonymous_2)
FNDA:0,(anonymous_3)
FNDA:64,(anonymous_4)
FNDA:0,(anonymous_5)
DA:3,1
DA:6,1
DA:8,0
DA:12,0
DA:16,16
DA:20,0
DA:24,64
DA:26,64
DA:27,0
DA:29,0
DA:36,64
LF:11
LH:6
BRDA:23,0,0,0
BRDA:26,1,0,0
BRDA:26,1,1,64
BRF:3
BRH:1
end_of_record
TN:
SF:src/util/conditionOperators/DateGreaterThan.js
FN:7,(anonymous_0)
FN:11,(anonymous_1)
FN:15,(anonymous_2)
FN:31,(anonymous_3)
FN:35,(anonymous_4)
FN:50,(anonymous_5)
FNF:6
FNH:5
FNDA:1,(anonymous_0)
FNDA:1,(anonymous_1)
FNDA:0,(anonymous_2)
FNDA:8,(anonymous_3)
FNDA:8,(anonymous_4)
FNDA:8,(anonymous_5)
DA:3,1
DA:4,1
DA:6,1
DA:8,1
DA:12,1
DA:16,0
DA:17,0
DA:18,0
DA:20,0
DA:21,0
DA:24,0
DA:25,0
DA:28,0
DA:32,8
DA:40,8
DA:41,8
DA:42,8
DA:44,8
DA:53,8
DA:55,8
DA:56,0
DA:62,8
DA:64,8
DA:65,8
DA:68,0
LF:25
LH:15
BRDA:16,0,0,0
BRDA:16,0,1,0
BRDA:17,1,0,0
BRDA:17,1,1,0
BRDA:20,2,0,0
BRDA:20,2,1,0
BRDA:24,3,0,0
BRDA:24,3,1,0
BRDA:32,4,0,0
BRDA:32,4,1,8
BRDA:50,5,0,2
BRDA:55,6,0,0
BRDA:55,6,1,8
BRDA:64,7,0,8
BRDA:64,7,1,0
BRF:15
BRH:4
end_of_record
TN:
SF:src/util/conditionOperators/DateGreaterThanOrEqual.js
FN:6,(anonymous_0)
FN:10,(anonymous_1)
FN:14,(anonymous_2)
FNF:3
FNH:3
FNDA:1,(anonymous_0)
FNDA:1,(anonymous_1)
FNDA:2,(anonymous_2)
DA:3,1
DA:5,1
DA:7,1
DA:11,1
DA:15,2
LF:5
LH:5
BRF:0
BRH:0
end_of_record
TN:
SF:src/util/conditionOperators/DateLessThan.js
FN:6,(anonymous_0)
FN:10,(anonymous_1)
FN:14,(anonymous_2)
FNF:3
FNH:3
FNDA:1,(anonymous_0)
FNDA:1,(anonymous_1)
FNDA:2,(anonymous_2)
DA:3,1
DA:5,1
DA:7,1
DA:11,1
DA:15,2
LF:5
LH:5
BRF:0
BRH:0
end_of_record
TN:
SF:src/util/conditionOperators/DateLessThanOrEqual.js
FN:6,(anonymous_0)
FN:10,(anonymous_1)
FN:14,(anonymous_2)
FNF:3
FNH:3
FNDA:1,(anonymous_0)
FNDA:1,(anonymous_1)
FNDA:2,(anonymous_2)
DA:3,1
DA:5,1
DA:7,1
DA:11,1
DA:15,2
LF:5
LH:5
BRF:0
BRH:0
end_of_record
TN:
SF:src/util/conditionOperators/EndsWith.js
FN:7,(anonymous_0)
FN:11,(anonymous_1)
FN:15,(anonymous_2)
FNF:3
FNH:3
FNDA:1,(anonymous_0)
FNDA:1,(anonymous_1)
FNDA:2,(anonymous_2)
DA:3,1
DA:4,1
DA:6,1
DA:8,1
DA:12,1
DA:19,2
LF:6
LH:6
BRF:0
BRH:0
end_of_record
TN:
SF:src/util/conditionOperators/GreaterThan.js
FN:7,(anonymous_0)
FN:11,(anonymous_1)
FN:15,(anonymous_2)
FNF:3
FNH:3
FNDA:1,(anonymous_0)
FNDA:1,(anonymous_1)
FNDA:2,(anonymous_2)
DA:3,1
DA:4,1
DA:6,1
DA:8,1
DA:12,1
DA:19,2
LF:6
LH:6
BRDA:19,0,0,2
BRDA:19,0,1,2
BRF:2
BRH:2
end_of_record
TN:
SF:src/util/conditionOperators/GreaterThanOrEqual.js
FN:7,(anonymous_0)
FN:11,(anonymous_1)
FN:15,(anonymous_2)
FNF:3
FNH:3
FNDA:1,(anonymous_0)
FNDA:1,(anonymous_1)
FNDA:2,(anonymous_2)
DA:3,1
DA:4,1
DA:6,1
DA:8,1
DA:12,1
DA:19,2
LF:6
LH:6
BRDA:19,0,0,2
BRDA:19,0,1,1
BRDA:19,0,2,1
BRF:3
BRH:3
end_of_record
TN:
SF:src/util/conditionOperators/Includes.js
FN:7,(anonymous_0)
FN:11,(anonymous_1)
FN:15,(anonymous_2)
FNF:3
FNH:3
FNDA:1,(anonymous_0)
FNDA:1,(anonymous_1)
FNDA:4,(anonymous_2)
DA:3,1
DA:4,1
DA:6,1
DA:8,1
DA:12,1
DA:19,4
LF:6
LH:6
BRF:0
BRH:0
end_of_record
TN:
SF:src/util/conditionOperators/IsDateEqual.js
FN:6,(anonymous_0)
FN:10,(anonymous_1)
FN:14,(anonymous_2)
FNF:3
FNH:2
FNDA:1,(anonymous_0)
FNDA:1,(anonymous_1)
FNDA:0,(anonymous_2)
DA:3,1
DA:5,1
DA:7,1
DA:11,1
DA:15,0
LF:5
LH:4
BRF:0
BRH:0
end_of_record
TN:
SF:src/util/conditionOperators/IsEmptyValue.js
FN:7,(anonymous_0)
FN:11,(anonymous_1)
FN:15,(anonymous_2)
FN:19,(anonymous_3)
FN:24,(anonymous_4)
FN:56,(anonymous_5)
FNF:6
FNH:6
FNDA:3,(anonymous_0)
FNDA:1,(anonymous_1)
FNDA:2,(anonymous_2)
FNDA:10,(anonymous_3)
FNDA:10,(anonymous_4)
FNDA:10,(anonymous_5)
DA:3,1
DA:4,1
DA:6,1
DA:8,3
DA:12,1
DA:16,2
DA:24,10
DA:26,10
DA:27,10
DA:28,10
DA:29,10
DA:31,10
DA:37,5
DA:39,5
DA:40,2
DA:41,2
DA:42,5
DA:43,1
DA:44,1
DA:47,2
DA:49,3
DA:50,0
DA:53,3
DA:57,10
LF:24
LH:23
BRDA:24,0,0,10
BRDA:24,0,1,8
BRDA:24,0,2,8
BRDA:26,1,0,10
BRDA:26,1,1,3
BRDA:26,1,2,1
BRDA:27,2,0,10
BRDA:27,2,1,4
BRDA:28,3,0,10
BRDA:28,3,1,0
BRDA:28,3,2,0
BRDA:29,4,0,10
BRDA:29,4,1,1
BRDA:31,5,0,5
BRDA:31,5,1,5
BRDA:31,6,0,10
BRDA:31,6,1,6
BRDA:31,6,2,6
BRDA:31,6,3,5
BRDA:31,6,4,5
BRDA:39,7,0,2
BRDA:39,7,1,3
BRDA:42,8,0,1
BRDA:42,8,1,4
BRDA:42,9,0,5
BRDA:42,9,1,5
BRDA:49,10,0,0
BRDA:49,10,1,3
BRDA:49,11,0,3
BRDA:49,11,1,0
BRF:30
BRH:26
end_of_record
TN:
SF:src/util/conditionOperators/IsEqualTo.js
FN:7,(anonymous_0)
FN:11,(anonymous_1)
FN:15,(anonymous_2)
FNF:3
FNH:3
FNDA:2,(anonymous_0)
FNDA:1,(anonymous_1)
FNDA:24,(anonymous_2)
DA:3,1
DA:4,1
DA:6,1
DA:8,2
DA:12,1
DA:21,24
DA:22,4
DA:25,20
DA:26,0
DA:27,0
DA:33,20
LF:11
LH:9
BRDA:21,0,0,4
BRDA:21,0,1,20
BRDA:25,1,0,0
BRDA:25,1,1,20
BRDA:25,2,0,20
BRDA:25,2,1,15
BRDA:25,2,2,15
BRDA:25,2,3,0
BRF:8
BRH:6
end_of_record
TN:
SF:src/util/conditionOperators/IsNotDateEqual.js
FN:5,(anonymous_0)
FN:9,(anonymous_1)
FN:13,(anonymous_2)
FNF:3
FNH:2
FNDA:1,(anonymous_0)
FNDA:1,(anonymous_1)
FNDA:0,(anonymous_2)
DA:2,1
DA:4,1
DA:6,1
DA:10,1
DA:14,0
LF:5
LH:4
BRF:0
BRH:0
end_of_record
TN:
SF:src/util/conditionOperators/IsNotEmptyValue.js
FN:6,(anonymous_0)
FN:10,(anonymous_1)
FN:14,(anonymous_2)
FNF:3
FNH:2
FNDA:3,(anonymous_0)
FNDA:1,(anonymous_1)
FNDA:0,(anonymous_2)
DA:3,1
DA:5,1
DA:7,3
DA:11,1
DA:15,0
LF:5
LH:4
BRF:0
BRH:0
end_of_record
TN:
SF:src/util/conditionOperators/IsNotEqualTo.js
FN:7,(anonymous_0)
FN:11,(anonymous_1)
FN:15,(anonymous_2)
FNF:3
FNH:3
FNDA:2,(anonymous_0)
FNDA:1,(anonymous_1)
FNDA:16,(anonymous_2)
DA:3,1
DA:4,1
DA:6,1
DA:8,2
DA:12,1
DA:21,16
DA:22,6
DA:24,10
LF:8
LH:8
BRDA:21,0,0,6
BRDA:21,0,1,10
BRF:2
BRH:2
end_of_record
TN:
SF:src/util/conditionOperators/LessThan.js
FN:7,(anonymous_0)
FN:11,(anonymous_1)
FN:15,(anonymous_2)
FNF:3
FNH:3
FNDA:1,(anonymous_0)
FNDA:1,(anonymous_1)
FNDA:2,(anonymous_2)
DA:3,1
DA:4,1
DA:6,1
DA:8,1
DA:12,1
DA:19,2
LF:6
LH:6
BRDA:19,0,0,2
BRDA:19,0,1,2
BRF:2
BRH:2
end_of_record
TN:
SF:src/util/conditionOperators/LessThanOrEqual.js
FN:7,(anonymous_0)
FN:11,(anonymous_1)
FN:15,(anonymous_2)
FNF:3
FNH:3
FNDA:1,(anonymous_0)
FNDA:1,(anonymous_1)
FNDA:2,(anonymous_2)
DA:3,1
DA:4,1
DA:6,1
DA:8,1
DA:12,1
DA:19,2
LF:6
LH:6
BRDA:19,0,0,2
BRDA:19,0,1,2
BRDA:19,0,2,2
BRF:3
BRH:3
end_of_record
TN:
SF:src/util/conditionOperators/NotIncludes.js
FN:6,(anonymous_0)
FN:10,(anonymous_1)
FN:14,(anonymous_2)
FNF:3
FNH:3
FNDA:1,(anonymous_0)
FNDA:1,(anonymous_1)
FNDA:2,(anonymous_2)
DA:3,1
DA:5,1
DA:7,1
DA:11,1
DA:15,2
LF:5
LH:5
BRF:0
BRH:0
end_of_record
TN:
SF:src/util/conditionOperators/StartsWith.js
FN:7,(anonymous_0)
FN:11,(anonymous_1)
FN:15,(anonymous_2)
FNF:3
FNH:3
FNDA:1,(anonymous_0)
FNDA:1,(anonymous_1)
FNDA:2,(anonymous_2)
DA:3,1
DA:4,1
DA:6,1
DA:8,1
DA:12,1
DA:19,2
LF:6
LH:6
BRF:0
BRH:0
end_of_record
TN:
SF:src/util/conditionOperators/index.js
FN:54,(anonymous_0)
FN:161,(anonymous_1)
FN:171,(anonymous_2)
FN:181,(anonymous_3)
FN:183,(anonymous_4)
FN:189,(anonymous_5)
FN:220,(anonymous_6)
FN:229,(anonymous_7)
FN:235,(anonymous_8)
FN:240,(anonymous_9)
FN:243,(anonymous_10)
FN:246,(anonymous_11)
FN:282,(anonymous_12)
FN:289,(anonymous_13)
FNF:14
FNH:14
FNDA:47,(anonymous_0)
FNDA:3,(anonymous_1)
FNDA:3,(anonymous_2)
FNDA:1,(anonymous_3)
FNDA:4,(anonymous_4)
FNDA:4,(anonymous_5)
FNDA:3,(anonymous_6)
FNDA:18,(anonymous_7)
FNDA:18,(anonymous_8)
FNDA:18,(anonymous_9)
FNDA:1,(anonymous_10)
FNDA:3,(anonymous_11)
FNDA:1,(anonymous_12)
FNDA:1,(anonymous_13)
DA:3,1
DA:4,1
DA:5,1
DA:6,1
DA:7,1
DA:8,1
DA:9,1
DA:10,1
DA:11,1
DA:12,1
DA:13,1
DA:14,1
DA:15,1
DA:16,1
DA:17,1
DA:18,1
DA:19,1
DA:20,1
DA:21,1
DA:22,1
DA:24,1
DA:45,1
DA:53,1
DA:54,1
DA:55,47
DA:56,47
DA:59,47
DA:60,46
DA:66,1
DA:161,1
DA:167,3
DA:168,3
DA:171,1
DA:177,3
DA:178,3
DA:181,1
DA:183,4
DA:190,4
DA:202,4
DA:205,4
DA:206,0
DA:207,0
DA:208,0
DA:209,0
DA:210,0
DA:211,0
DA:214,0
DA:218,4
DA:224,3
DA:229,18
DA:234,1
DA:236,18
DA:240,18
DA:243,1
DA:244,1
DA:246,1
DA:247,3
DA:248,3
DA:251,3
DA:255,3
DA:259,3
DA:279,1
DA:282,1
DA:283,1
DA:289,1
DA:290,1
DA:347,1
LF:67
LH:60
BRDA:53,0,0,1
BRDA:53,0,1,0
BRDA:56,1,0,46
BRDA:56,1,1,1
BRDA:56,2,0,47
BRDA:56,2,1,47
BRDA:59,3,0,46
BRDA:59,3,1,1
BRDA:177,4,0,3
BRDA:177,4,1,0
BRDA:190,5,0,4
BRDA:190,5,1,4
BRDA:190,5,2,4
BRDA:190,5,3,4
BRDA:192,6,0,4
BRDA:192,6,1,0
BRDA:205,7,0,0
BRDA:205,7,1,4
BRDA:209,8,0,0
BRDA:209,8,1,0
BRDA:209,9,0,0
BRDA:209,9,1,0
BRDA:226,10,0,3
BRDA:226,10,1,0
BRDA:236,11,0,2
BRDA:236,11,1,16
BRDA:248,12,0,3
BRDA:248,12,1,0
BRDA:248,13,0,3
BRDA:248,13,1,3
BRDA:251,14,0,3
BRDA:251,14,1,0
BRDA:251,15,0,3
BRDA:251,15,1,3
BRDA:255,16,0,3
BRDA:255,16,1,0
BRDA:255,17,0,3
BRDA:255,17,1,3
BRF:38
BRH:26
end_of_record
